#-----------------------------------------------------------
# Webtalk v2019.1 (64-bit)
# SW Build 2552052 on Fri May 24 14:49:42 MDT 2019
# 
# Start of session at: Sun Dec  5 08:07:33 2021
# Process ID: 5896
# Current directory: G:/BaiduNetdiskDownload/memblaze/k325pj_finalok_before_addCam/k325pj/project_1.sdk/webtalk
# Command line: wbtcv.exe -mode batch -source sdk_webtalk.tcl
# Log file: G:/BaiduNetdiskDownload/memblaze/k325pj_finalok_before_addCam/k325pj/project_1.sdk/webtalk/webtalk.log
# Journal file: G:/BaiduNetdiskDownload/memblaze/k325pj_finalok_before_addCam/k325pj/project_1.sdk/webtalk\webtalk.jou
#-----------------------------------------------------------
source sdk_webtalk.tcl
# webtalk_init -webtalk_dir G:\\BaiduNetdiskDownload\\memblaze\\k325pj_finalok_before_addCam\\k325pj\\project_1.sdk\\webtalk
# webtalk_register_client -client project
# webtalk_add_data -client project -key date_generated -value "2021-12-05 08:07:32" -context "software_version_and_target_device"
# webtalk_add_data -client project -key product_version -value "SDK v2019.1" -context "software_version_and_target_device"
# webtalk_add_data -client project -key build_version -value "2019.1" -context "software_version_and_target_device"
# webtalk_add_data -client project -key os_platform -value "amd64" -context "software_version_and_target_device"
# webtalk_add_data -client project -key registration_id -value "" -context "software_version_and_target_device"
# webtalk_add_data -client project -key tool_flow -value "SDK" -context "software_version_and_target_device"
# webtalk_add_data -client project -key beta -value "false" -context "software_version_and_target_device"
# webtalk_add_data -client project -key route_design -value "NA" -context "software_version_and_target_device"
# webtalk_add_data -client project -key target_family -value "NA" -context "software_version_and_target_device"
# webtalk_add_data -client project -key target_device -value "NA" -context "software_version_and_target_device"
# webtalk_add_data -client project -key target_package -value "NA" -context "software_version_and_target_device"
# webtalk_add_data -client project -key target_speed -value "NA" -context "software_version_and_target_device"
# webtalk_add_data -client project -key random_id -value "8u4hfthmar878bc0ngc6di5ev4" -context "software_version_and_target_device"
# webtalk_add_data -client project -key project_id -value "2019.1_1" -context "software_version_and_target_device"
# webtalk_add_data -client project -key project_iteration -value "1" -context "software_version_and_target_device"
# webtalk_add_data -client project -key os_name -value "Microsoft Windows 7 , 64-bit" -context "user_environment"
# webtalk_add_data -client project -key os_release -value "Service Pack 1  (build 7601)" -context "user_environment"
# webtalk_add_data -client project -key cpu_name -value "Intel(R) Xeon(R) CPU E3-1231 v3 @ 3.40GHz" -context "user_environment"
# webtalk_add_data -client project -key cpu_speed -value "3392 MHz" -context "user_environment"
# webtalk_add_data -client project -key total_processors -value "1" -context "user_environment"
# webtalk_add_data -client project -key system_ram -value "17.144 GB" -context "user_environment"
# webtalk_register_client -client sdk
# webtalk_add_data -client sdk -key uid -value "1638662746295" -context "sdk\\\\hardware/1638662746295"
# webtalk_add_data -client sdk -key isZynq -value "false" -context "sdk\\\\hardware/1638662746295"
# webtalk_add_data -client sdk -key isZynqMP -value "false" -context "sdk\\\\hardware/1638662746295"
# webtalk_add_data -client sdk -key Processors -value "1" -context "sdk\\\\hardware/1638662746295"
# webtalk_add_data -client sdk -key VivadoVersion -value "2019.1" -context "sdk\\\\hardware/1638662746295"
# webtalk_add_data -client sdk -key Arch -value "kintex7" -context "sdk\\\\hardware/1638662746295"
# webtalk_add_data -client sdk -key Device -value "7k325t" -context "sdk\\\\hardware/1638662746295"
# webtalk_add_data -client sdk -key IsHandoff -value "true" -context "sdk\\\\hardware/1638662746295"
# webtalk_add_data -client sdk -key os -value "NA" -context "sdk\\\\hardware/1638662746295"
# webtalk_add_data -client sdk -key apptemplate -value "NA" -context "sdk\\\\hardware/1638662746295"
# webtalk_add_data -client sdk -key RecordType -value "HWCreation" -context "sdk\\\\hardware/1638662746295"
# webtalk_add_data -client sdk -key uid -value "NA" -context "sdk\\\\bsp/1638662852056"
# webtalk_add_data -client sdk -key RecordType -value "ToolUsage" -context "sdk\\\\bsp/1638662852056"
# webtalk_add_data -client sdk -key BootgenCount -value "0" -context "sdk\\\\bsp/1638662852056"
# webtalk_add_data -client sdk -key DebugCount -value "1" -context "sdk\\\\bsp/1638662852056"
# webtalk_add_data -client sdk -key PerfCount -value "0" -context "sdk\\\\bsp/1638662852056"
# webtalk_add_data -client sdk -key FlashCount -value "0" -context "sdk\\\\bsp/1638662852056"
# webtalk_add_data -client sdk -key CrossTriggCount -value "0" -context "sdk\\\\bsp/1638662852056"
# webtalk_add_data -client sdk -key QemuDebugCount -value "0" -context "sdk\\\\bsp/1638662852056"
# webtalk_transmit -clientid 1460411052 -regid "" -xml G:\\BaiduNetdiskDownload\\memblaze\\k325pj_finalok_before_addCam\\k325pj\\project_1.sdk\\webtalk\\usage_statistics_ext_sdk.xml -html G:\\BaiduNetdiskDownload\\memblaze\\k325pj_finalok_before_addCam\\k325pj\\project_1.sdk\\webtalk\\usage_statistics_ext_sdk.html -wdm G:\\BaiduNetdiskDownload\\memblaze\\k325pj_finalok_before_addCam\\k325pj\\project_1.sdk\\webtalk\\sdk_webtalk.wdm -intro "<H3>SDK Usage Report</H3><BR>"
# webtalk_terminate
INFO: [Common 17-206] Exiting Webtalk at Sun Dec  5 08:07:35 2021...
