#-----------------------------------------------------------
# Vivado v2017.4 (64-bit)
# SW Build 2086221 on Fri Dec 15 20:55:39 MST 2017
# IP Build 2085800 on Fri Dec 15 22:25:07 MST 2017
# Start of session at: Tue May  5 09:02:11 2020
# Process ID: 4824
# Current directory: D:/BaiduNetdiskDownload/P10_SD_VGA_m/IP_REPO/MSXBO_OVSensorRGB565_1.0/prj/msxbo_ovsensorrgb565_v1_0_project
# Command line: vivado.exe -gui_launcher_event rodinguilauncherevent6952 D:\BaiduNetdiskDownload\P10_SD_VGA_m\IP_REPO\MSXBO_OVSensorRGB565_1.0\prj\msxbo_ovsensorrgb565_v1_0_project\MSXBO_OVSensorRGB565_v1_0_project.xpr
# Log file: D:/BaiduNetdiskDownload/P10_SD_VGA_m/IP_REPO/MSXBO_OVSensorRGB565_1.0/prj/msxbo_ovsensorrgb565_v1_0_project/vivado.log
# Journal file: D:/BaiduNetdiskDownload/P10_SD_VGA_m/IP_REPO/MSXBO_OVSensorRGB565_1.0/prj/msxbo_ovsensorrgb565_v1_0_project\vivado.jou
#-----------------------------------------------------------
start_gui
open_project D:/BaiduNetdiskDownload/P10_SD_VGA_m/IP_REPO/MSXBO_OVSensorRGB565_1.0/prj/msxbo_ovsensorrgb565_v1_0_project/MSXBO_OVSensorRGB565_v1_0_project.xpr
INFO: [ProjectBase 1-489] The host OS only allows 260 characters in a normal path. The project is stored in a path with more than 80 characters. If you experience issues with IP, Block Designs, or files not being found, please consider moving the project to a location with a shorter path. Alternately consider using the OS subst command to map part of the path to a drive letter.
Current project path is 'D:/BaiduNetdiskDownload/P10_SD_VGA_m/IP_REPO/MSXBO_OVSensorRGB565_1.0/prj/msxbo_ovsensorrgb565_v1_0_project'
INFO: [Project 1-313] Project file moved from 'l:/xilinx_fpga/02/ch21_axi_vdma_ov5640/miz_sys/user_src/msxbo_ovsensorrgb565_1.0/prj/msxbo_ovsensorrgb565_v1_0_project' since last save.
CRITICAL WARNING: [Project 1-311] Could not find the file 'D:/../../XILINX_FPGA/02/CH21_AXI_VDMA_OV5640/Miz_sys/user_src/MSXBO_OVSensorRGB565_1.0/IPSRC/MSXBO_OVSensorRGB565.v', nor could it be found using path 'l:/XILINX_FPGA/02/CH21_AXI_VDMA_OV5640/Miz_sys/user_src/MSXBO_OVSensorRGB565_1.0/IPSRC/MSXBO_OVSensorRGB565.v'.
CRITICAL WARNING: [Project 1-311] Could not find the file 'D:/../../XILINX_FPGA/02/CH21_AXI_VDMA_OV5640/Miz_sys/user_src/MSXBO_OVSensorRGB565_1.0/IPSRC/component.xml', nor could it be found using path 'l:/XILINX_FPGA/02/CH21_AXI_VDMA_OV5640/Miz_sys/user_src/MSXBO_OVSensorRGB565_1.0/IPSRC/component.xml'.
Scanning sources...
Finished scanning sources
WARNING: [filemgmt 56-2] IP Repository Path: Could not find the directory 'D:/../../XILINX_FPGA/02/CH21_AXI_VDMA_OV5640/Miz_sys/user_src', nor could it be found using path 'l:/XILINX_FPGA/02/CH21_AXI_VDMA_OV5640/Miz_sys/user_src'.
INFO: [IP_Flow 19-234] Refreshing IP repositories
WARNING: [IP_Flow 19-2248] Failed to load user IP repository 'd:/BaiduNetdiskDownload/P10_SD_VGA_m/IP_REPO/MSXBO_OVSensorRGB565_1.0/prj/msxbo_ovsensorrgb565_v1_0_project/XILINX_FPGA/02/CH21_AXI_VDMA_OV5640/Miz_sys/user_src'; Can't find the specified path.
If this directory should no longer be in your list of user repositories, go to the IP Settings dialog and remove it.
INFO: [IP_Flow 19-2313] Loaded Vivado IP repository 'D:/Xilinx/Vivado/2017.4/data/ip'.
update_compile_order -fileset sources_1
update_files -from_files D:/BaiduNetdiskDownload/P10_SD_VGA_m/IP_REPO/MSXBO_OVSensorRGB565_1.0/IPSRC/MSXBO_OVSensorRGB565.v -to_files D:/../../XILINX_FPGA/02/CH21_AXI_VDMA_OV5640/Miz_sys/user_src/MSXBO_OVSensorRGB565_1.0/IPSRC/MSXBO_OVSensorRGB565.v -filesets [get_filesets *]
INFO: [filemgmt 20-762] Replacing file 'D:/../../XILINX_FPGA/02/CH21_AXI_VDMA_OV5640/Miz_sys/user_src/MSXBO_OVSensorRGB565_1.0/IPSRC/MSXBO_OVSensorRGB565.v' with file 'D:/BaiduNetdiskDownload/P10_SD_VGA_m/IP_REPO/MSXBO_OVSensorRGB565_1.0/IPSRC/MSXBO_OVSensorRGB565.v'.
update_compile_order -fileset sources_1
exit
INFO: [Common 17-206] Exiting Vivado at Tue May  5 22:17:02 2020...
