Copyright 1986-2019 Xilinx, Inc. All Rights Reserved.
--------------------------------------------------------------------------------------------------------------------------------------------------------------------------
| Tool Version : Vivado v.2019.1 (win64) Build 2552052 Fri May 24 14:49:42 MDT 2019
| Date         : Sat Nov  6 09:51:32 2021
| Host         : zqp-PC running 64-bit Service Pack 1  (build 7601)
| Command      : report_methodology -file bd_0_wrapper_methodology_drc_routed.rpt -pb bd_0_wrapper_methodology_drc_routed.pb -rpx bd_0_wrapper_methodology_drc_routed.rpx
| Design       : bd_0_wrapper
| Device       : xc7k325tffg900-2
| Speed File   : -2
| Design State : Fully Routed
--------------------------------------------------------------------------------------------------------------------------------------------------------------------------

Report Methodology

Table of Contents
-----------------
1. REPORT SUMMARY
2. REPORT DETAILS

1. REPORT SUMMARY
-----------------
            Netlist: netlist
          Floorplan: checkpoint_bd_0_wrapper
      Design limits: <entire design considered>
             Max violations: <unlimited>
             Violations found: 237
+-----------+----------+-------------------------------+------------+
| Rule      | Severity | Description                   | Violations |
+-----------+----------+-------------------------------+------------+
| TIMING-18 | Warning  | Missing input or output delay | 237        |
+-----------+----------+-------------------------------+------------+

2. REPORT DETAILS
-----------------
TIMING-18#1 Warning
Missing input or output delay  
An input delay is missing on ap_rst_n relative to clock(s) ap_clk
Related violations: <none>

TIMING-18#2 Warning
Missing input or output delay  
An input delay is missing on dst_axi_tready relative to clock(s) ap_clk
Related violations: <none>

TIMING-18#3 Warning
Missing input or output delay  
An input delay is missing on mask2_PORTA_dout[0] relative to clock(s) ap_clk
Related violations: <none>

TIMING-18#4 Warning
Missing input or output delay  
An input delay is missing on mask2_PORTA_dout[10] relative to clock(s) ap_clk
Related violations: <none>

TIMING-18#5 Warning
Missing input or output delay  
An input delay is missing on mask2_PORTA_dout[11] relative to clock(s) ap_clk
Related violations: <none>

TIMING-18#6 Warning
Missing input or output delay  
An input delay is missing on mask2_PORTA_dout[12] relative to clock(s) ap_clk
Related violations: <none>

TIMING-18#7 Warning
Missing input or output delay  
An input delay is missing on mask2_PORTA_dout[13] relative to clock(s) ap_clk
Related violations: <none>

TIMING-18#8 Warning
Missing input or output delay  
An input delay is missing on mask2_PORTA_dout[14] relative to clock(s) ap_clk
Related violations: <none>

TIMING-18#9 Warning
Missing input or output delay  
An input delay is missing on mask2_PORTA_dout[15] relative to clock(s) ap_clk
Related violations: <none>

TIMING-18#10 Warning
Missing input or output delay  
An input delay is missing on mask2_PORTA_dout[16] relative to clock(s) ap_clk
Related violations: <none>

TIMING-18#11 Warning
Missing input or output delay  
An input delay is missing on mask2_PORTA_dout[17] relative to clock(s) ap_clk
Related violations: <none>

TIMING-18#12 Warning
Missing input or output delay  
An input delay is missing on mask2_PORTA_dout[18] relative to clock(s) ap_clk
Related violations: <none>

TIMING-18#13 Warning
Missing input or output delay  
An input delay is missing on mask2_PORTA_dout[19] relative to clock(s) ap_clk
Related violations: <none>

TIMING-18#14 Warning
Missing input or output delay  
An input delay is missing on mask2_PORTA_dout[1] relative to clock(s) ap_clk
Related violations: <none>

TIMING-18#15 Warning
Missing input or output delay  
An input delay is missing on mask2_PORTA_dout[20] relative to clock(s) ap_clk
Related violations: <none>

TIMING-18#16 Warning
Missing input or output delay  
An input delay is missing on mask2_PORTA_dout[21] relative to clock(s) ap_clk
Related violations: <none>

TIMING-18#17 Warning
Missing input or output delay  
An input delay is missing on mask2_PORTA_dout[22] relative to clock(s) ap_clk
Related violations: <none>

TIMING-18#18 Warning
Missing input or output delay  
An input delay is missing on mask2_PORTA_dout[23] relative to clock(s) ap_clk
Related violations: <none>

TIMING-18#19 Warning
Missing input or output delay  
An input delay is missing on mask2_PORTA_dout[24] relative to clock(s) ap_clk
Related violations: <none>

TIMING-18#20 Warning
Missing input or output delay  
An input delay is missing on mask2_PORTA_dout[25] relative to clock(s) ap_clk
Related violations: <none>

TIMING-18#21 Warning
Missing input or output delay  
An input delay is missing on mask2_PORTA_dout[26] relative to clock(s) ap_clk
Related violations: <none>

TIMING-18#22 Warning
Missing input or output delay  
An input delay is missing on mask2_PORTA_dout[27] relative to clock(s) ap_clk
Related violations: <none>

TIMING-18#23 Warning
Missing input or output delay  
An input delay is missing on mask2_PORTA_dout[28] relative to clock(s) ap_clk
Related violations: <none>

TIMING-18#24 Warning
Missing input or output delay  
An input delay is missing on mask2_PORTA_dout[29] relative to clock(s) ap_clk
Related violations: <none>

TIMING-18#25 Warning
Missing input or output delay  
An input delay is missing on mask2_PORTA_dout[2] relative to clock(s) ap_clk
Related violations: <none>

TIMING-18#26 Warning
Missing input or output delay  
An input delay is missing on mask2_PORTA_dout[30] relative to clock(s) ap_clk
Related violations: <none>

TIMING-18#27 Warning
Missing input or output delay  
An input delay is missing on mask2_PORTA_dout[31] relative to clock(s) ap_clk
Related violations: <none>

TIMING-18#28 Warning
Missing input or output delay  
An input delay is missing on mask2_PORTA_dout[3] relative to clock(s) ap_clk
Related violations: <none>

TIMING-18#29 Warning
Missing input or output delay  
An input delay is missing on mask2_PORTA_dout[4] relative to clock(s) ap_clk
Related violations: <none>

TIMING-18#30 Warning
Missing input or output delay  
An input delay is missing on mask2_PORTA_dout[5] relative to clock(s) ap_clk
Related violations: <none>

TIMING-18#31 Warning
Missing input or output delay  
An input delay is missing on mask2_PORTA_dout[6] relative to clock(s) ap_clk
Related violations: <none>

TIMING-18#32 Warning
Missing input or output delay  
An input delay is missing on mask2_PORTA_dout[7] relative to clock(s) ap_clk
Related violations: <none>

TIMING-18#33 Warning
Missing input or output delay  
An input delay is missing on mask2_PORTA_dout[8] relative to clock(s) ap_clk
Related violations: <none>

TIMING-18#34 Warning
Missing input or output delay  
An input delay is missing on mask2_PORTA_dout[9] relative to clock(s) ap_clk
Related violations: <none>

TIMING-18#35 Warning
Missing input or output delay  
An input delay is missing on s_axi_AXILiteS_araddr[0] relative to clock(s) ap_clk
Related violations: <none>

TIMING-18#36 Warning
Missing input or output delay  
An input delay is missing on s_axi_AXILiteS_araddr[1] relative to clock(s) ap_clk
Related violations: <none>

TIMING-18#37 Warning
Missing input or output delay  
An input delay is missing on s_axi_AXILiteS_araddr[2] relative to clock(s) ap_clk
Related violations: <none>

TIMING-18#38 Warning
Missing input or output delay  
An input delay is missing on s_axi_AXILiteS_araddr[3] relative to clock(s) ap_clk
Related violations: <none>

TIMING-18#39 Warning
Missing input or output delay  
An input delay is missing on s_axi_AXILiteS_arvalid relative to clock(s) ap_clk
Related violations: <none>

TIMING-18#40 Warning
Missing input or output delay  
An input delay is missing on s_axi_AXILiteS_awaddr[0] relative to clock(s) ap_clk
Related violations: <none>

TIMING-18#41 Warning
Missing input or output delay  
An input delay is missing on s_axi_AXILiteS_awaddr[1] relative to clock(s) ap_clk
Related violations: <none>

TIMING-18#42 Warning
Missing input or output delay  
An input delay is missing on s_axi_AXILiteS_awaddr[2] relative to clock(s) ap_clk
Related violations: <none>

TIMING-18#43 Warning
Missing input or output delay  
An input delay is missing on s_axi_AXILiteS_awaddr[3] relative to clock(s) ap_clk
Related violations: <none>

TIMING-18#44 Warning
Missing input or output delay  
An input delay is missing on s_axi_AXILiteS_awvalid relative to clock(s) ap_clk
Related violations: <none>

TIMING-18#45 Warning
Missing input or output delay  
An input delay is missing on s_axi_AXILiteS_bready relative to clock(s) ap_clk
Related violations: <none>

TIMING-18#46 Warning
Missing input or output delay  
An input delay is missing on s_axi_AXILiteS_rready relative to clock(s) ap_clk
Related violations: <none>

TIMING-18#47 Warning
Missing input or output delay  
An input delay is missing on s_axi_AXILiteS_wdata[0] relative to clock(s) ap_clk
Related violations: <none>

TIMING-18#48 Warning
Missing input or output delay  
An input delay is missing on s_axi_AXILiteS_wdata[10] relative to clock(s) ap_clk
Related violations: <none>

TIMING-18#49 Warning
Missing input or output delay  
An input delay is missing on s_axi_AXILiteS_wdata[11] relative to clock(s) ap_clk
Related violations: <none>

TIMING-18#50 Warning
Missing input or output delay  
An input delay is missing on s_axi_AXILiteS_wdata[12] relative to clock(s) ap_clk
Related violations: <none>

TIMING-18#51 Warning
Missing input or output delay  
An input delay is missing on s_axi_AXILiteS_wdata[13] relative to clock(s) ap_clk
Related violations: <none>

TIMING-18#52 Warning
Missing input or output delay  
An input delay is missing on s_axi_AXILiteS_wdata[14] relative to clock(s) ap_clk
Related violations: <none>

TIMING-18#53 Warning
Missing input or output delay  
An input delay is missing on s_axi_AXILiteS_wdata[15] relative to clock(s) ap_clk
Related violations: <none>

TIMING-18#54 Warning
Missing input or output delay  
An input delay is missing on s_axi_AXILiteS_wdata[16] relative to clock(s) ap_clk
Related violations: <none>

TIMING-18#55 Warning
Missing input or output delay  
An input delay is missing on s_axi_AXILiteS_wdata[17] relative to clock(s) ap_clk
Related violations: <none>

TIMING-18#56 Warning
Missing input or output delay  
An input delay is missing on s_axi_AXILiteS_wdata[18] relative to clock(s) ap_clk
Related violations: <none>

TIMING-18#57 Warning
Missing input or output delay  
An input delay is missing on s_axi_AXILiteS_wdata[19] relative to clock(s) ap_clk
Related violations: <none>

TIMING-18#58 Warning
Missing input or output delay  
An input delay is missing on s_axi_AXILiteS_wdata[1] relative to clock(s) ap_clk
Related violations: <none>

TIMING-18#59 Warning
Missing input or output delay  
An input delay is missing on s_axi_AXILiteS_wdata[20] relative to clock(s) ap_clk
Related violations: <none>

TIMING-18#60 Warning
Missing input or output delay  
An input delay is missing on s_axi_AXILiteS_wdata[21] relative to clock(s) ap_clk
Related violations: <none>

TIMING-18#61 Warning
Missing input or output delay  
An input delay is missing on s_axi_AXILiteS_wdata[22] relative to clock(s) ap_clk
Related violations: <none>

TIMING-18#62 Warning
Missing input or output delay  
An input delay is missing on s_axi_AXILiteS_wdata[23] relative to clock(s) ap_clk
Related violations: <none>

TIMING-18#63 Warning
Missing input or output delay  
An input delay is missing on s_axi_AXILiteS_wdata[24] relative to clock(s) ap_clk
Related violations: <none>

TIMING-18#64 Warning
Missing input or output delay  
An input delay is missing on s_axi_AXILiteS_wdata[25] relative to clock(s) ap_clk
Related violations: <none>

TIMING-18#65 Warning
Missing input or output delay  
An input delay is missing on s_axi_AXILiteS_wdata[26] relative to clock(s) ap_clk
Related violations: <none>

TIMING-18#66 Warning
Missing input or output delay  
An input delay is missing on s_axi_AXILiteS_wdata[27] relative to clock(s) ap_clk
Related violations: <none>

TIMING-18#67 Warning
Missing input or output delay  
An input delay is missing on s_axi_AXILiteS_wdata[28] relative to clock(s) ap_clk
Related violations: <none>

TIMING-18#68 Warning
Missing input or output delay  
An input delay is missing on s_axi_AXILiteS_wdata[29] relative to clock(s) ap_clk
Related violations: <none>

TIMING-18#69 Warning
Missing input or output delay  
An input delay is missing on s_axi_AXILiteS_wdata[2] relative to clock(s) ap_clk
Related violations: <none>

TIMING-18#70 Warning
Missing input or output delay  
An input delay is missing on s_axi_AXILiteS_wdata[30] relative to clock(s) ap_clk
Related violations: <none>

TIMING-18#71 Warning
Missing input or output delay  
An input delay is missing on s_axi_AXILiteS_wdata[31] relative to clock(s) ap_clk
Related violations: <none>

TIMING-18#72 Warning
Missing input or output delay  
An input delay is missing on s_axi_AXILiteS_wdata[3] relative to clock(s) ap_clk
Related violations: <none>

TIMING-18#73 Warning
Missing input or output delay  
An input delay is missing on s_axi_AXILiteS_wdata[4] relative to clock(s) ap_clk
Related violations: <none>

TIMING-18#74 Warning
Missing input or output delay  
An input delay is missing on s_axi_AXILiteS_wdata[5] relative to clock(s) ap_clk
Related violations: <none>

TIMING-18#75 Warning
Missing input or output delay  
An input delay is missing on s_axi_AXILiteS_wdata[6] relative to clock(s) ap_clk
Related violations: <none>

TIMING-18#76 Warning
Missing input or output delay  
An input delay is missing on s_axi_AXILiteS_wdata[7] relative to clock(s) ap_clk
Related violations: <none>

TIMING-18#77 Warning
Missing input or output delay  
An input delay is missing on s_axi_AXILiteS_wdata[8] relative to clock(s) ap_clk
Related violations: <none>

TIMING-18#78 Warning
Missing input or output delay  
An input delay is missing on s_axi_AXILiteS_wdata[9] relative to clock(s) ap_clk
Related violations: <none>

TIMING-18#79 Warning
Missing input or output delay  
An input delay is missing on s_axi_AXILiteS_wstrb[0] relative to clock(s) ap_clk
Related violations: <none>

TIMING-18#80 Warning
Missing input or output delay  
An input delay is missing on s_axi_AXILiteS_wstrb[1] relative to clock(s) ap_clk
Related violations: <none>

TIMING-18#81 Warning
Missing input or output delay  
An input delay is missing on s_axi_AXILiteS_wstrb[2] relative to clock(s) ap_clk
Related violations: <none>

TIMING-18#82 Warning
Missing input or output delay  
An input delay is missing on s_axi_AXILiteS_wstrb[3] relative to clock(s) ap_clk
Related violations: <none>

TIMING-18#83 Warning
Missing input or output delay  
An input delay is missing on s_axi_AXILiteS_wvalid relative to clock(s) ap_clk
Related violations: <none>

TIMING-18#84 Warning
Missing input or output delay  
An input delay is missing on src_axi0_tdata[0] relative to clock(s) ap_clk
Related violations: <none>

TIMING-18#85 Warning
Missing input or output delay  
An input delay is missing on src_axi0_tdata[10] relative to clock(s) ap_clk
Related violations: <none>

TIMING-18#86 Warning
Missing input or output delay  
An input delay is missing on src_axi0_tdata[11] relative to clock(s) ap_clk
Related violations: <none>

TIMING-18#87 Warning
Missing input or output delay  
An input delay is missing on src_axi0_tdata[12] relative to clock(s) ap_clk
Related violations: <none>

TIMING-18#88 Warning
Missing input or output delay  
An input delay is missing on src_axi0_tdata[13] relative to clock(s) ap_clk
Related violations: <none>

TIMING-18#89 Warning
Missing input or output delay  
An input delay is missing on src_axi0_tdata[14] relative to clock(s) ap_clk
Related violations: <none>

TIMING-18#90 Warning
Missing input or output delay  
An input delay is missing on src_axi0_tdata[15] relative to clock(s) ap_clk
Related violations: <none>

TIMING-18#91 Warning
Missing input or output delay  
An input delay is missing on src_axi0_tdata[16] relative to clock(s) ap_clk
Related violations: <none>

TIMING-18#92 Warning
Missing input or output delay  
An input delay is missing on src_axi0_tdata[17] relative to clock(s) ap_clk
Related violations: <none>

TIMING-18#93 Warning
Missing input or output delay  
An input delay is missing on src_axi0_tdata[18] relative to clock(s) ap_clk
Related violations: <none>

TIMING-18#94 Warning
Missing input or output delay  
An input delay is missing on src_axi0_tdata[19] relative to clock(s) ap_clk
Related violations: <none>

TIMING-18#95 Warning
Missing input or output delay  
An input delay is missing on src_axi0_tdata[1] relative to clock(s) ap_clk
Related violations: <none>

TIMING-18#96 Warning
Missing input or output delay  
An input delay is missing on src_axi0_tdata[20] relative to clock(s) ap_clk
Related violations: <none>

TIMING-18#97 Warning
Missing input or output delay  
An input delay is missing on src_axi0_tdata[21] relative to clock(s) ap_clk
Related violations: <none>

TIMING-18#98 Warning
Missing input or output delay  
An input delay is missing on src_axi0_tdata[22] relative to clock(s) ap_clk
Related violations: <none>

TIMING-18#99 Warning
Missing input or output delay  
An input delay is missing on src_axi0_tdata[23] relative to clock(s) ap_clk
Related violations: <none>

TIMING-18#100 Warning
Missing input or output delay  
An input delay is missing on src_axi0_tdata[2] relative to clock(s) ap_clk
Related violations: <none>

TIMING-18#101 Warning
Missing input or output delay  
An input delay is missing on src_axi0_tdata[3] relative to clock(s) ap_clk
Related violations: <none>

TIMING-18#102 Warning
Missing input or output delay  
An input delay is missing on src_axi0_tdata[4] relative to clock(s) ap_clk
Related violations: <none>

TIMING-18#103 Warning
Missing input or output delay  
An input delay is missing on src_axi0_tdata[5] relative to clock(s) ap_clk
Related violations: <none>

TIMING-18#104 Warning
Missing input or output delay  
An input delay is missing on src_axi0_tdata[6] relative to clock(s) ap_clk
Related violations: <none>

TIMING-18#105 Warning
Missing input or output delay  
An input delay is missing on src_axi0_tdata[7] relative to clock(s) ap_clk
Related violations: <none>

TIMING-18#106 Warning
Missing input or output delay  
An input delay is missing on src_axi0_tdata[8] relative to clock(s) ap_clk
Related violations: <none>

TIMING-18#107 Warning
Missing input or output delay  
An input delay is missing on src_axi0_tdata[9] relative to clock(s) ap_clk
Related violations: <none>

TIMING-18#108 Warning
Missing input or output delay  
An input delay is missing on src_axi0_tlast[0] relative to clock(s) ap_clk
Related violations: <none>

TIMING-18#109 Warning
Missing input or output delay  
An input delay is missing on src_axi0_tuser[0] relative to clock(s) ap_clk
Related violations: <none>

TIMING-18#110 Warning
Missing input or output delay  
An input delay is missing on src_axi0_tvalid relative to clock(s) ap_clk
Related violations: <none>

TIMING-18#111 Warning
Missing input or output delay  
An input delay is missing on src_axi1_tdata[0] relative to clock(s) ap_clk
Related violations: <none>

TIMING-18#112 Warning
Missing input or output delay  
An input delay is missing on src_axi1_tdata[10] relative to clock(s) ap_clk
Related violations: <none>

TIMING-18#113 Warning
Missing input or output delay  
An input delay is missing on src_axi1_tdata[11] relative to clock(s) ap_clk
Related violations: <none>

TIMING-18#114 Warning
Missing input or output delay  
An input delay is missing on src_axi1_tdata[12] relative to clock(s) ap_clk
Related violations: <none>

TIMING-18#115 Warning
Missing input or output delay  
An input delay is missing on src_axi1_tdata[13] relative to clock(s) ap_clk
Related violations: <none>

TIMING-18#116 Warning
Missing input or output delay  
An input delay is missing on src_axi1_tdata[14] relative to clock(s) ap_clk
Related violations: <none>

TIMING-18#117 Warning
Missing input or output delay  
An input delay is missing on src_axi1_tdata[15] relative to clock(s) ap_clk
Related violations: <none>

TIMING-18#118 Warning
Missing input or output delay  
An input delay is missing on src_axi1_tdata[16] relative to clock(s) ap_clk
Related violations: <none>

TIMING-18#119 Warning
Missing input or output delay  
An input delay is missing on src_axi1_tdata[17] relative to clock(s) ap_clk
Related violations: <none>

TIMING-18#120 Warning
Missing input or output delay  
An input delay is missing on src_axi1_tdata[18] relative to clock(s) ap_clk
Related violations: <none>

TIMING-18#121 Warning
Missing input or output delay  
An input delay is missing on src_axi1_tdata[19] relative to clock(s) ap_clk
Related violations: <none>

TIMING-18#122 Warning
Missing input or output delay  
An input delay is missing on src_axi1_tdata[1] relative to clock(s) ap_clk
Related violations: <none>

TIMING-18#123 Warning
Missing input or output delay  
An input delay is missing on src_axi1_tdata[20] relative to clock(s) ap_clk
Related violations: <none>

TIMING-18#124 Warning
Missing input or output delay  
An input delay is missing on src_axi1_tdata[21] relative to clock(s) ap_clk
Related violations: <none>

TIMING-18#125 Warning
Missing input or output delay  
An input delay is missing on src_axi1_tdata[22] relative to clock(s) ap_clk
Related violations: <none>

TIMING-18#126 Warning
Missing input or output delay  
An input delay is missing on src_axi1_tdata[23] relative to clock(s) ap_clk
Related violations: <none>

TIMING-18#127 Warning
Missing input or output delay  
An input delay is missing on src_axi1_tdata[2] relative to clock(s) ap_clk
Related violations: <none>

TIMING-18#128 Warning
Missing input or output delay  
An input delay is missing on src_axi1_tdata[3] relative to clock(s) ap_clk
Related violations: <none>

TIMING-18#129 Warning
Missing input or output delay  
An input delay is missing on src_axi1_tdata[4] relative to clock(s) ap_clk
Related violations: <none>

TIMING-18#130 Warning
Missing input or output delay  
An input delay is missing on src_axi1_tdata[5] relative to clock(s) ap_clk
Related violations: <none>

TIMING-18#131 Warning
Missing input or output delay  
An input delay is missing on src_axi1_tdata[6] relative to clock(s) ap_clk
Related violations: <none>

TIMING-18#132 Warning
Missing input or output delay  
An input delay is missing on src_axi1_tdata[7] relative to clock(s) ap_clk
Related violations: <none>

TIMING-18#133 Warning
Missing input or output delay  
An input delay is missing on src_axi1_tdata[8] relative to clock(s) ap_clk
Related violations: <none>

TIMING-18#134 Warning
Missing input or output delay  
An input delay is missing on src_axi1_tdata[9] relative to clock(s) ap_clk
Related violations: <none>

TIMING-18#135 Warning
Missing input or output delay  
An input delay is missing on src_axi1_tlast[0] relative to clock(s) ap_clk
Related violations: <none>

TIMING-18#136 Warning
Missing input or output delay  
An input delay is missing on src_axi1_tuser[0] relative to clock(s) ap_clk
Related violations: <none>

TIMING-18#137 Warning
Missing input or output delay  
An input delay is missing on src_axi1_tvalid relative to clock(s) ap_clk
Related violations: <none>

TIMING-18#138 Warning
Missing input or output delay  
An output delay is missing on dst_axi_tdata[0] relative to clock(s) ap_clk
Related violations: <none>

TIMING-18#139 Warning
Missing input or output delay  
An output delay is missing on dst_axi_tdata[10] relative to clock(s) ap_clk
Related violations: <none>

TIMING-18#140 Warning
Missing input or output delay  
An output delay is missing on dst_axi_tdata[11] relative to clock(s) ap_clk
Related violations: <none>

TIMING-18#141 Warning
Missing input or output delay  
An output delay is missing on dst_axi_tdata[12] relative to clock(s) ap_clk
Related violations: <none>

TIMING-18#142 Warning
Missing input or output delay  
An output delay is missing on dst_axi_tdata[13] relative to clock(s) ap_clk
Related violations: <none>

TIMING-18#143 Warning
Missing input or output delay  
An output delay is missing on dst_axi_tdata[14] relative to clock(s) ap_clk
Related violations: <none>

TIMING-18#144 Warning
Missing input or output delay  
An output delay is missing on dst_axi_tdata[15] relative to clock(s) ap_clk
Related violations: <none>

TIMING-18#145 Warning
Missing input or output delay  
An output delay is missing on dst_axi_tdata[16] relative to clock(s) ap_clk
Related violations: <none>

TIMING-18#146 Warning
Missing input or output delay  
An output delay is missing on dst_axi_tdata[17] relative to clock(s) ap_clk
Related violations: <none>

TIMING-18#147 Warning
Missing input or output delay  
An output delay is missing on dst_axi_tdata[18] relative to clock(s) ap_clk
Related violations: <none>

TIMING-18#148 Warning
Missing input or output delay  
An output delay is missing on dst_axi_tdata[19] relative to clock(s) ap_clk
Related violations: <none>

TIMING-18#149 Warning
Missing input or output delay  
An output delay is missing on dst_axi_tdata[1] relative to clock(s) ap_clk
Related violations: <none>

TIMING-18#150 Warning
Missing input or output delay  
An output delay is missing on dst_axi_tdata[20] relative to clock(s) ap_clk
Related violations: <none>

TIMING-18#151 Warning
Missing input or output delay  
An output delay is missing on dst_axi_tdata[21] relative to clock(s) ap_clk
Related violations: <none>

TIMING-18#152 Warning
Missing input or output delay  
An output delay is missing on dst_axi_tdata[22] relative to clock(s) ap_clk
Related violations: <none>

TIMING-18#153 Warning
Missing input or output delay  
An output delay is missing on dst_axi_tdata[23] relative to clock(s) ap_clk
Related violations: <none>

TIMING-18#154 Warning
Missing input or output delay  
An output delay is missing on dst_axi_tdata[2] relative to clock(s) ap_clk
Related violations: <none>

TIMING-18#155 Warning
Missing input or output delay  
An output delay is missing on dst_axi_tdata[3] relative to clock(s) ap_clk
Related violations: <none>

TIMING-18#156 Warning
Missing input or output delay  
An output delay is missing on dst_axi_tdata[4] relative to clock(s) ap_clk
Related violations: <none>

TIMING-18#157 Warning
Missing input or output delay  
An output delay is missing on dst_axi_tdata[5] relative to clock(s) ap_clk
Related violations: <none>

TIMING-18#158 Warning
Missing input or output delay  
An output delay is missing on dst_axi_tdata[6] relative to clock(s) ap_clk
Related violations: <none>

TIMING-18#159 Warning
Missing input or output delay  
An output delay is missing on dst_axi_tdata[7] relative to clock(s) ap_clk
Related violations: <none>

TIMING-18#160 Warning
Missing input or output delay  
An output delay is missing on dst_axi_tdata[8] relative to clock(s) ap_clk
Related violations: <none>

TIMING-18#161 Warning
Missing input or output delay  
An output delay is missing on dst_axi_tdata[9] relative to clock(s) ap_clk
Related violations: <none>

TIMING-18#162 Warning
Missing input or output delay  
An output delay is missing on dst_axi_tlast[0] relative to clock(s) ap_clk
Related violations: <none>

TIMING-18#163 Warning
Missing input or output delay  
An output delay is missing on dst_axi_tuser[0] relative to clock(s) ap_clk
Related violations: <none>

TIMING-18#164 Warning
Missing input or output delay  
An output delay is missing on dst_axi_tvalid relative to clock(s) ap_clk
Related violations: <none>

TIMING-18#165 Warning
Missing input or output delay  
An output delay is missing on interrupt relative to clock(s) ap_clk
Related violations: <none>

TIMING-18#166 Warning
Missing input or output delay  
An output delay is missing on mask2_PORTA_addr[0] relative to clock(s) ap_clk
Related violations: <none>

TIMING-18#167 Warning
Missing input or output delay  
An output delay is missing on mask2_PORTA_addr[10] relative to clock(s) ap_clk
Related violations: <none>

TIMING-18#168 Warning
Missing input or output delay  
An output delay is missing on mask2_PORTA_addr[11] relative to clock(s) ap_clk
Related violations: <none>

TIMING-18#169 Warning
Missing input or output delay  
An output delay is missing on mask2_PORTA_addr[12] relative to clock(s) ap_clk
Related violations: <none>

TIMING-18#170 Warning
Missing input or output delay  
An output delay is missing on mask2_PORTA_addr[13] relative to clock(s) ap_clk
Related violations: <none>

TIMING-18#171 Warning
Missing input or output delay  
An output delay is missing on mask2_PORTA_addr[14] relative to clock(s) ap_clk
Related violations: <none>

TIMING-18#172 Warning
Missing input or output delay  
An output delay is missing on mask2_PORTA_addr[15] relative to clock(s) ap_clk
Related violations: <none>

TIMING-18#173 Warning
Missing input or output delay  
An output delay is missing on mask2_PORTA_addr[16] relative to clock(s) ap_clk
Related violations: <none>

TIMING-18#174 Warning
Missing input or output delay  
An output delay is missing on mask2_PORTA_addr[17] relative to clock(s) ap_clk
Related violations: <none>

TIMING-18#175 Warning
Missing input or output delay  
An output delay is missing on mask2_PORTA_addr[18] relative to clock(s) ap_clk
Related violations: <none>

TIMING-18#176 Warning
Missing input or output delay  
An output delay is missing on mask2_PORTA_addr[19] relative to clock(s) ap_clk
Related violations: <none>

TIMING-18#177 Warning
Missing input or output delay  
An output delay is missing on mask2_PORTA_addr[1] relative to clock(s) ap_clk
Related violations: <none>

TIMING-18#178 Warning
Missing input or output delay  
An output delay is missing on mask2_PORTA_addr[20] relative to clock(s) ap_clk
Related violations: <none>

TIMING-18#179 Warning
Missing input or output delay  
An output delay is missing on mask2_PORTA_addr[21] relative to clock(s) ap_clk
Related violations: <none>

TIMING-18#180 Warning
Missing input or output delay  
An output delay is missing on mask2_PORTA_addr[22] relative to clock(s) ap_clk
Related violations: <none>

TIMING-18#181 Warning
Missing input or output delay  
An output delay is missing on mask2_PORTA_addr[23] relative to clock(s) ap_clk
Related violations: <none>

TIMING-18#182 Warning
Missing input or output delay  
An output delay is missing on mask2_PORTA_addr[24] relative to clock(s) ap_clk
Related violations: <none>

TIMING-18#183 Warning
Missing input or output delay  
An output delay is missing on mask2_PORTA_addr[25] relative to clock(s) ap_clk
Related violations: <none>

TIMING-18#184 Warning
Missing input or output delay  
An output delay is missing on mask2_PORTA_addr[26] relative to clock(s) ap_clk
Related violations: <none>

TIMING-18#185 Warning
Missing input or output delay  
An output delay is missing on mask2_PORTA_addr[27] relative to clock(s) ap_clk
Related violations: <none>

TIMING-18#186 Warning
Missing input or output delay  
An output delay is missing on mask2_PORTA_addr[28] relative to clock(s) ap_clk
Related violations: <none>

TIMING-18#187 Warning
Missing input or output delay  
An output delay is missing on mask2_PORTA_addr[29] relative to clock(s) ap_clk
Related violations: <none>

TIMING-18#188 Warning
Missing input or output delay  
An output delay is missing on mask2_PORTA_addr[2] relative to clock(s) ap_clk
Related violations: <none>

TIMING-18#189 Warning
Missing input or output delay  
An output delay is missing on mask2_PORTA_addr[30] relative to clock(s) ap_clk
Related violations: <none>

TIMING-18#190 Warning
Missing input or output delay  
An output delay is missing on mask2_PORTA_addr[31] relative to clock(s) ap_clk
Related violations: <none>

TIMING-18#191 Warning
Missing input or output delay  
An output delay is missing on mask2_PORTA_addr[3] relative to clock(s) ap_clk
Related violations: <none>

TIMING-18#192 Warning
Missing input or output delay  
An output delay is missing on mask2_PORTA_addr[4] relative to clock(s) ap_clk
Related violations: <none>

TIMING-18#193 Warning
Missing input or output delay  
An output delay is missing on mask2_PORTA_addr[5] relative to clock(s) ap_clk
Related violations: <none>

TIMING-18#194 Warning
Missing input or output delay  
An output delay is missing on mask2_PORTA_addr[6] relative to clock(s) ap_clk
Related violations: <none>

TIMING-18#195 Warning
Missing input or output delay  
An output delay is missing on mask2_PORTA_addr[7] relative to clock(s) ap_clk
Related violations: <none>

TIMING-18#196 Warning
Missing input or output delay  
An output delay is missing on mask2_PORTA_addr[8] relative to clock(s) ap_clk
Related violations: <none>

TIMING-18#197 Warning
Missing input or output delay  
An output delay is missing on mask2_PORTA_addr[9] relative to clock(s) ap_clk
Related violations: <none>

TIMING-18#198 Warning
Missing input or output delay  
An output delay is missing on mask2_PORTA_en relative to clock(s) ap_clk
Related violations: <none>

TIMING-18#199 Warning
Missing input or output delay  
An output delay is missing on s_axi_AXILiteS_arready relative to clock(s) ap_clk
Related violations: <none>

TIMING-18#200 Warning
Missing input or output delay  
An output delay is missing on s_axi_AXILiteS_awready relative to clock(s) ap_clk
Related violations: <none>

TIMING-18#201 Warning
Missing input or output delay  
An output delay is missing on s_axi_AXILiteS_bvalid relative to clock(s) ap_clk
Related violations: <none>

TIMING-18#202 Warning
Missing input or output delay  
An output delay is missing on s_axi_AXILiteS_rdata[0] relative to clock(s) ap_clk
Related violations: <none>

TIMING-18#203 Warning
Missing input or output delay  
An output delay is missing on s_axi_AXILiteS_rdata[10] relative to clock(s) ap_clk
Related violations: <none>

TIMING-18#204 Warning
Missing input or output delay  
An output delay is missing on s_axi_AXILiteS_rdata[11] relative to clock(s) ap_clk
Related violations: <none>

TIMING-18#205 Warning
Missing input or output delay  
An output delay is missing on s_axi_AXILiteS_rdata[12] relative to clock(s) ap_clk
Related violations: <none>

TIMING-18#206 Warning
Missing input or output delay  
An output delay is missing on s_axi_AXILiteS_rdata[13] relative to clock(s) ap_clk
Related violations: <none>

TIMING-18#207 Warning
Missing input or output delay  
An output delay is missing on s_axi_AXILiteS_rdata[14] relative to clock(s) ap_clk
Related violations: <none>

TIMING-18#208 Warning
Missing input or output delay  
An output delay is missing on s_axi_AXILiteS_rdata[15] relative to clock(s) ap_clk
Related violations: <none>

TIMING-18#209 Warning
Missing input or output delay  
An output delay is missing on s_axi_AXILiteS_rdata[16] relative to clock(s) ap_clk
Related violations: <none>

TIMING-18#210 Warning
Missing input or output delay  
An output delay is missing on s_axi_AXILiteS_rdata[17] relative to clock(s) ap_clk
Related violations: <none>

TIMING-18#211 Warning
Missing input or output delay  
An output delay is missing on s_axi_AXILiteS_rdata[18] relative to clock(s) ap_clk
Related violations: <none>

TIMING-18#212 Warning
Missing input or output delay  
An output delay is missing on s_axi_AXILiteS_rdata[19] relative to clock(s) ap_clk
Related violations: <none>

TIMING-18#213 Warning
Missing input or output delay  
An output delay is missing on s_axi_AXILiteS_rdata[1] relative to clock(s) ap_clk
Related violations: <none>

TIMING-18#214 Warning
Missing input or output delay  
An output delay is missing on s_axi_AXILiteS_rdata[20] relative to clock(s) ap_clk
Related violations: <none>

TIMING-18#215 Warning
Missing input or output delay  
An output delay is missing on s_axi_AXILiteS_rdata[21] relative to clock(s) ap_clk
Related violations: <none>

TIMING-18#216 Warning
Missing input or output delay  
An output delay is missing on s_axi_AXILiteS_rdata[22] relative to clock(s) ap_clk
Related violations: <none>

TIMING-18#217 Warning
Missing input or output delay  
An output delay is missing on s_axi_AXILiteS_rdata[23] relative to clock(s) ap_clk
Related violations: <none>

TIMING-18#218 Warning
Missing input or output delay  
An output delay is missing on s_axi_AXILiteS_rdata[24] relative to clock(s) ap_clk
Related violations: <none>

TIMING-18#219 Warning
Missing input or output delay  
An output delay is missing on s_axi_AXILiteS_rdata[25] relative to clock(s) ap_clk
Related violations: <none>

TIMING-18#220 Warning
Missing input or output delay  
An output delay is missing on s_axi_AXILiteS_rdata[26] relative to clock(s) ap_clk
Related violations: <none>

TIMING-18#221 Warning
Missing input or output delay  
An output delay is missing on s_axi_AXILiteS_rdata[27] relative to clock(s) ap_clk
Related violations: <none>

TIMING-18#222 Warning
Missing input or output delay  
An output delay is missing on s_axi_AXILiteS_rdata[28] relative to clock(s) ap_clk
Related violations: <none>

TIMING-18#223 Warning
Missing input or output delay  
An output delay is missing on s_axi_AXILiteS_rdata[29] relative to clock(s) ap_clk
Related violations: <none>

TIMING-18#224 Warning
Missing input or output delay  
An output delay is missing on s_axi_AXILiteS_rdata[2] relative to clock(s) ap_clk
Related violations: <none>

TIMING-18#225 Warning
Missing input or output delay  
An output delay is missing on s_axi_AXILiteS_rdata[30] relative to clock(s) ap_clk
Related violations: <none>

TIMING-18#226 Warning
Missing input or output delay  
An output delay is missing on s_axi_AXILiteS_rdata[31] relative to clock(s) ap_clk
Related violations: <none>

TIMING-18#227 Warning
Missing input or output delay  
An output delay is missing on s_axi_AXILiteS_rdata[3] relative to clock(s) ap_clk
Related violations: <none>

TIMING-18#228 Warning
Missing input or output delay  
An output delay is missing on s_axi_AXILiteS_rdata[4] relative to clock(s) ap_clk
Related violations: <none>

TIMING-18#229 Warning
Missing input or output delay  
An output delay is missing on s_axi_AXILiteS_rdata[5] relative to clock(s) ap_clk
Related violations: <none>

TIMING-18#230 Warning
Missing input or output delay  
An output delay is missing on s_axi_AXILiteS_rdata[6] relative to clock(s) ap_clk
Related violations: <none>

TIMING-18#231 Warning
Missing input or output delay  
An output delay is missing on s_axi_AXILiteS_rdata[7] relative to clock(s) ap_clk
Related violations: <none>

TIMING-18#232 Warning
Missing input or output delay  
An output delay is missing on s_axi_AXILiteS_rdata[8] relative to clock(s) ap_clk
Related violations: <none>

TIMING-18#233 Warning
Missing input or output delay  
An output delay is missing on s_axi_AXILiteS_rdata[9] relative to clock(s) ap_clk
Related violations: <none>

TIMING-18#234 Warning
Missing input or output delay  
An output delay is missing on s_axi_AXILiteS_rvalid relative to clock(s) ap_clk
Related violations: <none>

TIMING-18#235 Warning
Missing input or output delay  
An output delay is missing on s_axi_AXILiteS_wready relative to clock(s) ap_clk
Related violations: <none>

TIMING-18#236 Warning
Missing input or output delay  
An output delay is missing on src_axi0_tready relative to clock(s) ap_clk
Related violations: <none>

TIMING-18#237 Warning
Missing input or output delay  
An output delay is missing on src_axi1_tready relative to clock(s) ap_clk
Related violations: <none>


