
*** Running vivado
    with args -log bd_0_wrapper.vdi -applog -m64 -product Vivado -messageDb vivado.pb -mode batch -source bd_0_wrapper.tcl -notrace


****** Vivado v2019.1 (64-bit)
  **** SW Build 2552052 on Fri May 24 14:49:42 MDT 2019
  **** IP Build 2548770 on Fri May 24 18:01:18 MDT 2019
    ** Copyright 1986-2019 Xilinx, Inc. All Rights Reserved.

source bd_0_wrapper.tcl -notrace
Command: open_checkpoint G:/BaiduNetdiskDownload/memblaze/k325pj_finalok/ips/VIP/VIP/impl/verilog/project.runs/impl_1/bd_0_wrapper.dcp

Starting open_checkpoint Task

Time (s): cpu = 00:00:00 ; elapsed = 00:00:00.035 . Memory (MB): peak = 300.969 ; gain = 0.000
INFO: [Device 21-403] Loading part xc7k325tffg900-2
INFO: [Netlist 29-17] Analyzing 24 Unisim elements for replacement
INFO: [Netlist 29-28] Unisim Transformation completed in 0 CPU seconds
INFO: [Project 1-479] Netlist was created with Vivado 2019.1
INFO: [Project 1-570] Preparing netlist for logic optimization
INFO: [Timing 38-478] Restoring timing data from binary archive.
INFO: [Timing 38-479] Binary timing data restore complete.
INFO: [Project 1-856] Restoring constraints from binary archive.
INFO: [Project 1-853] Binary constraint restore complete.
Netlist sorting complete. Time (s): cpu = 00:00:00 ; elapsed = 00:00:00.001 . Memory (MB): peak = 1328.473 ; gain = 0.000
INFO: [Project 1-111] Unisim Transformation Summary:
No Unisim elements were transformed.

INFO: [Project 1-604] Checkpoint was created with Vivado v2019.1 (64-bit) build 2552052
open_checkpoint: Time (s): cpu = 00:00:20 ; elapsed = 00:00:21 . Memory (MB): peak = 1328.473 ; gain = 1027.504
INFO: [IP_Flow 19-234] Refreshing IP repositories
INFO: [IP_Flow 19-1700] Loaded user IP repository 'g:/BaiduNetdiskDownload/memblaze/k325pj_finalok/ips/VIP/VIP/impl/ip'.
INFO: [IP_Flow 19-2313] Loaded Vivado IP repository 'G:/Xilinx/Vivado/2019.1/data/ip'.
WARNING: [IP_Flow 19-4995] The host OS only allows 260 characters in a normal path. The IP cache path is more than 80 characters. If you experience issues with IP caching, please consider changing the IP cache to a location with a shorter path. Alternately consider using the OS subst command to map part of the path to a drive letter. 
Current IP cache path is G:/BaiduNetdiskDownload/memblaze/k325pj_finalok/ips/VIP/VIP/impl/verilog/project.cache/ip 
Command: opt_design
Attempting to get a license for feature 'Implementation' and/or device 'xc7k325t'
INFO: [Common 17-349] Got license for feature 'Implementation' and/or device 'xc7k325t'
Running DRC as a precondition to command opt_design

Starting DRC Task
INFO: [DRC 23-27] Running DRC with 2 threads
INFO: [Project 1-461] DRC finished with 0 Errors
INFO: [Project 1-462] Please refer to the DRC report (report_drc) for more information.

Time (s): cpu = 00:00:02 ; elapsed = 00:00:00.719 . Memory (MB): peak = 1367.031 ; gain = 27.645

Starting Cache Timing Information Task
Ending Cache Timing Information Task | Checksum: d44280f9

Time (s): cpu = 00:00:00 ; elapsed = 00:00:00.053 . Memory (MB): peak = 1367.031 ; gain = 0.000

Starting Logic Optimization Task

Phase 1 Retarget
INFO: [Opt 31-138] Pushed 0 inverter(s) to 0 load pin(s).
INFO: [Opt 31-49] Retargeted 0 cell(s).
Phase 1 Retarget | Checksum: 9cea60c1

Time (s): cpu = 00:00:01 ; elapsed = 00:00:00.307 . Memory (MB): peak = 1491.918 ; gain = 0.000
INFO: [Opt 31-389] Phase Retarget created 0 cells and removed 4 cells

Phase 2 Constant propagation
INFO: [Opt 31-138] Pushed 0 inverter(s) to 0 load pin(s).
Phase 2 Constant propagation | Checksum: 106fb44b5

Time (s): cpu = 00:00:01 ; elapsed = 00:00:00.344 . Memory (MB): peak = 1491.918 ; gain = 0.000
INFO: [Opt 31-389] Phase Constant propagation created 0 cells and removed 0 cells

Phase 3 Sweep
Phase 3 Sweep | Checksum: 706717ff

Time (s): cpu = 00:00:01 ; elapsed = 00:00:00.400 . Memory (MB): peak = 1491.918 ; gain = 0.000
INFO: [Opt 31-389] Phase Sweep created 0 cells and removed 0 cells

Phase 4 BUFG optimization
Phase 4 BUFG optimization | Checksum: 706717ff

Time (s): cpu = 00:00:01 ; elapsed = 00:00:00.419 . Memory (MB): peak = 1491.918 ; gain = 0.000
INFO: [Opt 31-662] Phase BUFG optimization created 0 cells of which 0 are BUFGs and removed 0 cells.

Phase 5 Shift Register Optimization
INFO: [Opt 31-1064] SRL Remap converted 0 SRLs to 0 registers and converted 0 registers of register chains to 0 SRLs
Phase 5 Shift Register Optimization | Checksum: 706717ff

Time (s): cpu = 00:00:01 ; elapsed = 00:00:00.446 . Memory (MB): peak = 1491.918 ; gain = 0.000
INFO: [Opt 31-389] Phase Shift Register Optimization created 0 cells and removed 0 cells

Phase 6 Post Processing Netlist
Phase 6 Post Processing Netlist | Checksum: 706717ff

Time (s): cpu = 00:00:01 ; elapsed = 00:00:00.461 . Memory (MB): peak = 1491.918 ; gain = 0.000
INFO: [Opt 31-389] Phase Post Processing Netlist created 0 cells and removed 0 cells
Opt_design Change Summary
=========================


-------------------------------------------------------------------------------------------------------------------------
|  Phase                        |  #Cells created  |  #Cells Removed  |  #Constrained objects preventing optimizations  |
-------------------------------------------------------------------------------------------------------------------------
|  Retarget                     |               0  |               4  |                                              0  |
|  Constant propagation         |               0  |               0  |                                              0  |
|  Sweep                        |               0  |               0  |                                              0  |
|  BUFG optimization            |               0  |               0  |                                              0  |
|  Shift Register Optimization  |               0  |               0  |                                              0  |
|  Post Processing Netlist      |               0  |               0  |                                              0  |
-------------------------------------------------------------------------------------------------------------------------



Starting Connectivity Check Task

Time (s): cpu = 00:00:00 ; elapsed = 00:00:00.004 . Memory (MB): peak = 1491.918 ; gain = 0.000
Ending Logic Optimization Task | Checksum: fa9bea5f

Time (s): cpu = 00:00:01 ; elapsed = 00:00:00.494 . Memory (MB): peak = 1491.918 ; gain = 0.000

Starting Power Optimization Task
INFO: [Pwropt 34-132] Skipping clock gating for clocks with a period < 2.00 ns.
INFO: [Pwropt 34-9] Applying IDT optimizations ...
INFO: [Pwropt 34-10] Applying ODC optimizations ...
INFO: [Timing 38-35] Done setting XDC timing constraints.
WARNING: [Timing 38-242] The property HD.CLK_SRC of clock port "ap_clk" is not set. In out-of-context mode, this prevents timing estimation for clock delay/skew
Resolution: Set the HD.CLK_SRC property of the out-of-context port to the location of the clock buffer instance in the top-level design
INFO: [Physopt 32-619] Estimated Timing Summary | WNS=6.717 | TNS=0.000 |
Running Vector-less Activity Propagation...

Finished Running Vector-less Activity Propagation


Starting PowerOpt Patch Enables Task
INFO: [Pwropt 34-162] WRITE_MODE attribute of 0 BRAM(s) out of a total of 3 has been updated to save power. Run report_power_opt to get a complete listing of the BRAMs updated.
INFO: [Pwropt 34-201] Structural ODC has moved 3 WE to EN ports
Number of BRAM Ports augmented: 0 newly gated: 3 Total Ports: 6
Ending PowerOpt Patch Enables Task | Checksum: 357241ec

Time (s): cpu = 00:00:00 ; elapsed = 00:00:00.024 . Memory (MB): peak = 1629.133 ; gain = 0.000
Ending Power Optimization Task | Checksum: 357241ec

Time (s): cpu = 00:00:01 ; elapsed = 00:00:02 . Memory (MB): peak = 1629.133 ; gain = 137.215

Starting Final Cleanup Task
Ending Final Cleanup Task | Checksum: 357241ec

Time (s): cpu = 00:00:00 ; elapsed = 00:00:00 . Memory (MB): peak = 1629.133 ; gain = 0.000

Starting Netlist Obfuscation Task
Netlist sorting complete. Time (s): cpu = 00:00:00 ; elapsed = 00:00:00.004 . Memory (MB): peak = 1629.133 ; gain = 0.000
Ending Netlist Obfuscation Task | Checksum: dcf861e8

Time (s): cpu = 00:00:00 ; elapsed = 00:00:00.004 . Memory (MB): peak = 1629.133 ; gain = 0.000
INFO: [Common 17-83] Releasing license: Implementation
36 Infos, 2 Warnings, 0 Critical Warnings and 0 Errors encountered.
opt_design completed successfully
Netlist sorting complete. Time (s): cpu = 00:00:00 ; elapsed = 00:00:00.001 . Memory (MB): peak = 1629.133 ; gain = 0.000
INFO: [Timing 38-35] Done setting XDC timing constraints.
INFO: [Timing 38-480] Writing timing data to binary archive.
INFO: [Common 17-1381] The checkpoint 'G:/BaiduNetdiskDownload/memblaze/k325pj_finalok/ips/VIP/VIP/impl/verilog/project.runs/impl_1/bd_0_wrapper_opt.dcp' has been generated.
INFO: [runtcl-4] Executing : report_drc -file bd_0_wrapper_drc_opted.rpt -pb bd_0_wrapper_drc_opted.pb -rpx bd_0_wrapper_drc_opted.rpx
Command: report_drc -file bd_0_wrapper_drc_opted.rpt -pb bd_0_wrapper_drc_opted.pb -rpx bd_0_wrapper_drc_opted.rpx
INFO: [IP_Flow 19-1839] IP Catalog is up to date.
INFO: [DRC 23-27] Running DRC with 2 threads
INFO: [Coretcl 2-168] The results of DRC are in file G:/BaiduNetdiskDownload/memblaze/k325pj_finalok/ips/VIP/VIP/impl/verilog/project.runs/impl_1/bd_0_wrapper_drc_opted.rpt.
report_drc completed successfully
Command: place_design
Attempting to get a license for feature 'Implementation' and/or device 'xc7k325t'
INFO: [Common 17-349] Got license for feature 'Implementation' and/or device 'xc7k325t'
INFO: [DRC 23-27] Running DRC with 2 threads
INFO: [Vivado_Tcl 4-198] DRC finished with 0 Errors
INFO: [Vivado_Tcl 4-199] Please refer to the DRC report (report_drc) for more information.
Running DRC as a precondition to command place_design
INFO: [DRC 23-27] Running DRC with 2 threads
INFO: [Vivado_Tcl 4-198] DRC finished with 0 Errors
INFO: [Vivado_Tcl 4-199] Please refer to the DRC report (report_drc) for more information.

Starting Placer Task
INFO: [Place 30-611] Multithreading enabled for place_design using a maximum of 2 CPUs

Phase 1 Placer Initialization

Phase 1.1 Placer Initialization Netlist Sorting
Netlist sorting complete. Time (s): cpu = 00:00:00 ; elapsed = 00:00:00 . Memory (MB): peak = 1629.133 ; gain = 0.000
Phase 1.1 Placer Initialization Netlist Sorting | Checksum: 16123beb

Time (s): cpu = 00:00:00 ; elapsed = 00:00:00.087 . Memory (MB): peak = 1629.133 ; gain = 0.000
Netlist sorting complete. Time (s): cpu = 00:00:00 ; elapsed = 00:00:00.001 . Memory (MB): peak = 1629.133 ; gain = 0.000

Phase 1.2 IO Placement/ Clock Placement/ Build Placer Device
Phase 1.2 IO Placement/ Clock Placement/ Build Placer Device | Checksum: 56811552

Time (s): cpu = 00:00:02 ; elapsed = 00:00:02 . Memory (MB): peak = 1629.133 ; gain = 0.000

Phase 1.3 Build Placer Netlist Model
Phase 1.3 Build Placer Netlist Model | Checksum: ef4ec92d

Time (s): cpu = 00:00:03 ; elapsed = 00:00:02 . Memory (MB): peak = 1629.133 ; gain = 0.000

Phase 1.4 Constrain Clocks/Macros
Phase 1.4 Constrain Clocks/Macros | Checksum: ef4ec92d

Time (s): cpu = 00:00:03 ; elapsed = 00:00:02 . Memory (MB): peak = 1629.133 ; gain = 0.000
Phase 1 Placer Initialization | Checksum: ef4ec92d

Time (s): cpu = 00:00:03 ; elapsed = 00:00:03 . Memory (MB): peak = 1629.133 ; gain = 0.000

Phase 2 Global Placement

Phase 2.1 Floorplanning
Phase 2.1 Floorplanning | Checksum: 79e395c9

Time (s): cpu = 00:00:03 ; elapsed = 00:00:03 . Memory (MB): peak = 1629.133 ; gain = 0.000

Phase 2.2 Global Placement Core

Phase 2.2.1 Physical Synthesis In Placer
INFO: [Physopt 32-65] No nets found for high-fanout optimization.
INFO: [Physopt 32-232] Optimized 0 net. Created 0 new instance.
INFO: [Physopt 32-775] End 1 Pass. Optimized 0 net or cell. Created 0 new cell, deleted 0 existing cell and moved 0 existing cell
INFO: [Physopt 32-670] No setup violation found.  DSP Register Optimization was not performed.
INFO: [Physopt 32-670] No setup violation found.  Shift Register Optimization was not performed.
INFO: [Physopt 32-670] No setup violation found.  BRAM Register Optimization was not performed.
INFO: [Physopt 32-949] No candidate nets found for HD net replication
INFO: [Physopt 32-775] End 1 Pass. Optimized 0 net or cell. Created 0 new cell, deleted 0 existing cell and moved 0 existing cell
Netlist sorting complete. Time (s): cpu = 00:00:00 ; elapsed = 00:00:00.001 . Memory (MB): peak = 1629.133 ; gain = 0.000

Summary of Physical Synthesis Optimizations
============================================


----------------------------------------------------------------------------------------------------------------------------------------
|  Optimization                  |  Added Cells  |  Removed Cells  |  Optimized Cells/Nets  |  Dont Touch  |  Iterations  |  Elapsed   |
----------------------------------------------------------------------------------------------------------------------------------------
|  Very High Fanout              |            0  |              0  |                     0  |           0  |           1  |  00:00:00  |
|  DSP Register                  |            0  |              0  |                     0  |           0  |           0  |  00:00:00  |
|  Shift Register                |            0  |              0  |                     0  |           0  |           0  |  00:00:00  |
|  BRAM Register                 |            0  |              0  |                     0  |           0  |           0  |  00:00:00  |
|  HD Interface Net Replication  |            0  |              0  |                     0  |           0  |           1  |  00:00:00  |
|  Total                         |            0  |              0  |                     0  |           0  |           2  |  00:00:00  |
----------------------------------------------------------------------------------------------------------------------------------------


Phase 2.2.1 Physical Synthesis In Placer | Checksum: f429203f

Time (s): cpu = 00:00:10 ; elapsed = 00:00:06 . Memory (MB): peak = 1629.133 ; gain = 0.000
Phase 2.2 Global Placement Core | Checksum: f4ad554a

Time (s): cpu = 00:00:10 ; elapsed = 00:00:07 . Memory (MB): peak = 1629.133 ; gain = 0.000
Phase 2 Global Placement | Checksum: f4ad554a

Time (s): cpu = 00:00:10 ; elapsed = 00:00:07 . Memory (MB): peak = 1629.133 ; gain = 0.000

Phase 3 Detail Placement

Phase 3.1 Commit Multi Column Macros
Phase 3.1 Commit Multi Column Macros | Checksum: 183754a72

Time (s): cpu = 00:00:10 ; elapsed = 00:00:07 . Memory (MB): peak = 1629.133 ; gain = 0.000

Phase 3.2 Commit Most Macros & LUTRAMs
Phase 3.2 Commit Most Macros & LUTRAMs | Checksum: 1b998a22c

Time (s): cpu = 00:00:10 ; elapsed = 00:00:07 . Memory (MB): peak = 1629.133 ; gain = 0.000

Phase 3.3 Area Swap Optimization
Phase 3.3 Area Swap Optimization | Checksum: 18ad4d17f

Time (s): cpu = 00:00:11 ; elapsed = 00:00:07 . Memory (MB): peak = 1629.133 ; gain = 0.000

Phase 3.4 Pipeline Register Optimization
Phase 3.4 Pipeline Register Optimization | Checksum: 21e302766

Time (s): cpu = 00:00:11 ; elapsed = 00:00:07 . Memory (MB): peak = 1629.133 ; gain = 0.000

Phase 3.5 Small Shape Detail Placement
Phase 3.5 Small Shape Detail Placement | Checksum: 178aaf848

Time (s): cpu = 00:00:12 ; elapsed = 00:00:08 . Memory (MB): peak = 1629.133 ; gain = 0.000

Phase 3.6 Re-assign LUT pins
Phase 3.6 Re-assign LUT pins | Checksum: 109e3ac50

Time (s): cpu = 00:00:12 ; elapsed = 00:00:08 . Memory (MB): peak = 1629.133 ; gain = 0.000

Phase 3.7 Pipeline Register Optimization
Phase 3.7 Pipeline Register Optimization | Checksum: 19d474a5b

Time (s): cpu = 00:00:12 ; elapsed = 00:00:08 . Memory (MB): peak = 1629.133 ; gain = 0.000
Phase 3 Detail Placement | Checksum: 19d474a5b

Time (s): cpu = 00:00:12 ; elapsed = 00:00:09 . Memory (MB): peak = 1629.133 ; gain = 0.000

Phase 4 Post Placement Optimization and Clean-Up

Phase 4.1 Post Commit Optimization
INFO: [Timing 38-35] Done setting XDC timing constraints.

Phase 4.1.1 Post Placement Optimization
Post Placement Optimization Initialization | Checksum: 19a2996ef

Phase 4.1.1.1 BUFG Insertion
INFO: [Place 46-56] BUFG insertion identified 0 candidate nets. Inserted BUFG: 0, Replicated BUFG Driver: 0, Skipped due to Placement/Routing Conflicts: 0, Skipped due to Timing Degradation: 0, Skipped due to Illegal Netlist: 0.
Phase 4.1.1.1 BUFG Insertion | Checksum: 19a2996ef

Time (s): cpu = 00:00:13 ; elapsed = 00:00:09 . Memory (MB): peak = 1629.133 ; gain = 0.000
INFO: [Place 30-746] Post Placement Timing Summary WNS=6.381. For the most accurate timing information please run report_timing.
Phase 4.1.1 Post Placement Optimization | Checksum: 1a2545097

Time (s): cpu = 00:00:13 ; elapsed = 00:00:09 . Memory (MB): peak = 1629.133 ; gain = 0.000
Phase 4.1 Post Commit Optimization | Checksum: 1a2545097

Time (s): cpu = 00:00:13 ; elapsed = 00:00:09 . Memory (MB): peak = 1629.133 ; gain = 0.000

Phase 4.2 Post Placement Cleanup
Phase 4.2 Post Placement Cleanup | Checksum: 1a2545097

Time (s): cpu = 00:00:13 ; elapsed = 00:00:09 . Memory (MB): peak = 1629.133 ; gain = 0.000

Phase 4.3 Placer Reporting
Phase 4.3 Placer Reporting | Checksum: 1a2545097

Time (s): cpu = 00:00:13 ; elapsed = 00:00:09 . Memory (MB): peak = 1629.133 ; gain = 0.000

Phase 4.4 Final Placement Cleanup
Netlist sorting complete. Time (s): cpu = 00:00:00 ; elapsed = 00:00:00.001 . Memory (MB): peak = 1629.133 ; gain = 0.000
Phase 4.4 Final Placement Cleanup | Checksum: 1a8669f15

Time (s): cpu = 00:00:13 ; elapsed = 00:00:09 . Memory (MB): peak = 1629.133 ; gain = 0.000
Phase 4 Post Placement Optimization and Clean-Up | Checksum: 1a8669f15

Time (s): cpu = 00:00:13 ; elapsed = 00:00:09 . Memory (MB): peak = 1629.133 ; gain = 0.000
Ending Placer Task | Checksum: 14377c74f

Time (s): cpu = 00:00:13 ; elapsed = 00:00:09 . Memory (MB): peak = 1629.133 ; gain = 0.000
INFO: [Common 17-83] Releasing license: Implementation
63 Infos, 2 Warnings, 0 Critical Warnings and 0 Errors encountered.
place_design completed successfully
place_design: Time (s): cpu = 00:00:14 ; elapsed = 00:00:10 . Memory (MB): peak = 1629.133 ; gain = 0.000
Netlist sorting complete. Time (s): cpu = 00:00:00 ; elapsed = 00:00:00 . Memory (MB): peak = 1629.133 ; gain = 0.000
INFO: [Timing 38-480] Writing timing data to binary archive.
Writing placer database...
Writing XDEF routing.
Writing XDEF routing logical nets.
Writing XDEF routing special nets.
Write XDEF Complete: Time (s): cpu = 00:00:01 ; elapsed = 00:00:00.235 . Memory (MB): peak = 1629.133 ; gain = 0.000
INFO: [Common 17-1381] The checkpoint 'G:/BaiduNetdiskDownload/memblaze/k325pj_finalok/ips/VIP/VIP/impl/verilog/project.runs/impl_1/bd_0_wrapper_placed.dcp' has been generated.
INFO: [runtcl-4] Executing : report_io -file bd_0_wrapper_io_placed.rpt
report_io: Time (s): cpu = 00:00:00 ; elapsed = 00:00:00.113 . Memory (MB): peak = 1629.133 ; gain = 0.000
INFO: [runtcl-4] Executing : report_utilization -file bd_0_wrapper_utilization_placed.rpt -pb bd_0_wrapper_utilization_placed.pb
INFO: [runtcl-4] Executing : report_control_sets -verbose -file bd_0_wrapper_control_sets_placed.rpt
report_control_sets: Time (s): cpu = 00:00:00 ; elapsed = 00:00:00.037 . Memory (MB): peak = 1629.133 ; gain = 0.000
Command: phys_opt_design
Attempting to get a license for feature 'Implementation' and/or device 'xc7k325t'
INFO: [Common 17-349] Got license for feature 'Implementation' and/or device 'xc7k325t'
INFO: [Vivado_Tcl 4-383] Design worst setup slack (WNS) is greater than or equal to 0.250 ns. Skipping all physical synthesis optimizations.
INFO: [Vivado_Tcl 4-232] No setup violation found. The netlist was not modified.
INFO: [Common 17-83] Releasing license: Implementation
72 Infos, 2 Warnings, 0 Critical Warnings and 0 Errors encountered.
phys_opt_design completed successfully
Netlist sorting complete. Time (s): cpu = 00:00:00 ; elapsed = 00:00:00 . Memory (MB): peak = 1629.133 ; gain = 0.000
INFO: [Timing 38-480] Writing timing data to binary archive.
Writing placer database...
Writing XDEF routing.
Writing XDEF routing logical nets.
Writing XDEF routing special nets.
Write XDEF Complete: Time (s): cpu = 00:00:01 ; elapsed = 00:00:00.241 . Memory (MB): peak = 1629.133 ; gain = 0.000
INFO: [Common 17-1381] The checkpoint 'G:/BaiduNetdiskDownload/memblaze/k325pj_finalok/ips/VIP/VIP/impl/verilog/project.runs/impl_1/bd_0_wrapper_physopt.dcp' has been generated.
Command: route_design
Attempting to get a license for feature 'Implementation' and/or device 'xc7k325t'
INFO: [Common 17-349] Got license for feature 'Implementation' and/or device 'xc7k325t'
Running DRC as a precondition to command route_design
INFO: [DRC 23-27] Running DRC with 2 threads
INFO: [Vivado_Tcl 4-198] DRC finished with 0 Errors
INFO: [Vivado_Tcl 4-199] Please refer to the DRC report (report_drc) for more information.


Starting Routing Task
INFO: [Route 35-254] Multithreading enabled for route_design using a maximum of 2 CPUs
Checksum: PlaceDB: 8b3bdd96 ConstDB: 0 ShapeSum: b83be9b9 RouteDB: 0

Phase 1 Build RT Design
WARNING: [Route 35-197] Clock port "ap_clk" does not have an associated HD.CLK_SRC. Without this constraint, timing analysis may not be accurate and upstream checks cannot be done to ensure correct clock placement.
WARNING: [Route 35-198] Port "dst_axi_tready" does not have an associated HD.PARTPIN_LOCS, which will prevent the partial routing of the signal "dst_axi_tready". Without this partial route, timing analysis to/from this port will not be accurate, and no routing information for this port can be exported.
WARNING: [Route 35-198] Port "src_axi1_tdata[10]" does not have an associated HD.PARTPIN_LOCS, which will prevent the partial routing of the signal "src_axi1_tdata[10]". Without this partial route, timing analysis to/from this port will not be accurate, and no routing information for this port can be exported.
WARNING: [Route 35-198] Port "src_axi1_tdata[17]" does not have an associated HD.PARTPIN_LOCS, which will prevent the partial routing of the signal "src_axi1_tdata[17]". Without this partial route, timing analysis to/from this port will not be accurate, and no routing information for this port can be exported.
WARNING: [Route 35-198] Port "src_axi1_tdata[18]" does not have an associated HD.PARTPIN_LOCS, which will prevent the partial routing of the signal "src_axi1_tdata[18]". Without this partial route, timing analysis to/from this port will not be accurate, and no routing information for this port can be exported.
WARNING: [Route 35-198] Port "src_axi1_tdata[1]" does not have an associated HD.PARTPIN_LOCS, which will prevent the partial routing of the signal "src_axi1_tdata[1]". Without this partial route, timing analysis to/from this port will not be accurate, and no routing information for this port can be exported.
WARNING: [Route 35-198] Port "ap_rst_n" does not have an associated HD.PARTPIN_LOCS, which will prevent the partial routing of the signal "ap_rst_n". Without this partial route, timing analysis to/from this port will not be accurate, and no routing information for this port can be exported.
WARNING: [Route 35-198] Port "src_axi1_tdata[13]" does not have an associated HD.PARTPIN_LOCS, which will prevent the partial routing of the signal "src_axi1_tdata[13]". Without this partial route, timing analysis to/from this port will not be accurate, and no routing information for this port can be exported.
WARNING: [Route 35-198] Port "src_axi1_tdata[23]" does not have an associated HD.PARTPIN_LOCS, which will prevent the partial routing of the signal "src_axi1_tdata[23]". Without this partial route, timing analysis to/from this port will not be accurate, and no routing information for this port can be exported.
WARNING: [Route 35-198] Port "src_axi1_tdata[3]" does not have an associated HD.PARTPIN_LOCS, which will prevent the partial routing of the signal "src_axi1_tdata[3]". Without this partial route, timing analysis to/from this port will not be accurate, and no routing information for this port can be exported.
WARNING: [Route 35-198] Port "src_axi1_tdata[9]" does not have an associated HD.PARTPIN_LOCS, which will prevent the partial routing of the signal "src_axi1_tdata[9]". Without this partial route, timing analysis to/from this port will not be accurate, and no routing information for this port can be exported.
WARNING: [Route 35-198] Port "src_axi1_tdata[14]" does not have an associated HD.PARTPIN_LOCS, which will prevent the partial routing of the signal "src_axi1_tdata[14]". Without this partial route, timing analysis to/from this port will not be accurate, and no routing information for this port can be exported.
WARNING: [Route 35-198] Port "src_axi1_tdata[4]" does not have an associated HD.PARTPIN_LOCS, which will prevent the partial routing of the signal "src_axi1_tdata[4]". Without this partial route, timing analysis to/from this port will not be accurate, and no routing information for this port can be exported.
WARNING: [Route 35-198] Port "src_axi1_tdata[5]" does not have an associated HD.PARTPIN_LOCS, which will prevent the partial routing of the signal "src_axi1_tdata[5]". Without this partial route, timing analysis to/from this port will not be accurate, and no routing information for this port can be exported.
WARNING: [Route 35-198] Port "src_axi0_tdata[11]" does not have an associated HD.PARTPIN_LOCS, which will prevent the partial routing of the signal "src_axi0_tdata[11]". Without this partial route, timing analysis to/from this port will not be accurate, and no routing information for this port can be exported.
WARNING: [Route 35-198] Port "src_axi0_tdata[20]" does not have an associated HD.PARTPIN_LOCS, which will prevent the partial routing of the signal "src_axi0_tdata[20]". Without this partial route, timing analysis to/from this port will not be accurate, and no routing information for this port can be exported.
WARNING: [Route 35-198] Port "src_axi0_tdata[23]" does not have an associated HD.PARTPIN_LOCS, which will prevent the partial routing of the signal "src_axi0_tdata[23]". Without this partial route, timing analysis to/from this port will not be accurate, and no routing information for this port can be exported.
WARNING: [Route 35-198] Port "src_axi0_tdata[4]" does not have an associated HD.PARTPIN_LOCS, which will prevent the partial routing of the signal "src_axi0_tdata[4]". Without this partial route, timing analysis to/from this port will not be accurate, and no routing information for this port can be exported.
WARNING: [Route 35-198] Port "src_axi0_tdata[12]" does not have an associated HD.PARTPIN_LOCS, which will prevent the partial routing of the signal "src_axi0_tdata[12]". Without this partial route, timing analysis to/from this port will not be accurate, and no routing information for this port can be exported.
WARNING: [Route 35-198] Port "src_axi0_tdata[21]" does not have an associated HD.PARTPIN_LOCS, which will prevent the partial routing of the signal "src_axi0_tdata[21]". Without this partial route, timing analysis to/from this port will not be accurate, and no routing information for this port can be exported.
WARNING: [Route 35-198] Port "src_axi0_tdata[22]" does not have an associated HD.PARTPIN_LOCS, which will prevent the partial routing of the signal "src_axi0_tdata[22]". Without this partial route, timing analysis to/from this port will not be accurate, and no routing information for this port can be exported.
WARNING: [Route 35-198] Port "src_axi0_tdata[3]" does not have an associated HD.PARTPIN_LOCS, which will prevent the partial routing of the signal "src_axi0_tdata[3]". Without this partial route, timing analysis to/from this port will not be accurate, and no routing information for this port can be exported.
WARNING: [Route 35-198] Port "src_axi0_tvalid" does not have an associated HD.PARTPIN_LOCS, which will prevent the partial routing of the signal "src_axi0_tvalid". Without this partial route, timing analysis to/from this port will not be accurate, and no routing information for this port can be exported.
WARNING: [Route 35-198] Port "src_axi0_tdata[10]" does not have an associated HD.PARTPIN_LOCS, which will prevent the partial routing of the signal "src_axi0_tdata[10]". Without this partial route, timing analysis to/from this port will not be accurate, and no routing information for this port can be exported.
WARNING: [Route 35-198] Port "src_axi0_tuser[0]" does not have an associated HD.PARTPIN_LOCS, which will prevent the partial routing of the signal "src_axi0_tuser[0]". Without this partial route, timing analysis to/from this port will not be accurate, and no routing information for this port can be exported.
WARNING: [Route 35-198] Port "src_axi0_tdata[15]" does not have an associated HD.PARTPIN_LOCS, which will prevent the partial routing of the signal "src_axi0_tdata[15]". Without this partial route, timing analysis to/from this port will not be accurate, and no routing information for this port can be exported.
WARNING: [Route 35-198] Port "src_axi0_tdata[16]" does not have an associated HD.PARTPIN_LOCS, which will prevent the partial routing of the signal "src_axi0_tdata[16]". Without this partial route, timing analysis to/from this port will not be accurate, and no routing information for this port can be exported.
WARNING: [Route 35-198] Port "src_axi0_tdata[17]" does not have an associated HD.PARTPIN_LOCS, which will prevent the partial routing of the signal "src_axi0_tdata[17]". Without this partial route, timing analysis to/from this port will not be accurate, and no routing information for this port can be exported.
WARNING: [Route 35-198] Port "src_axi0_tdata[19]" does not have an associated HD.PARTPIN_LOCS, which will prevent the partial routing of the signal "src_axi0_tdata[19]". Without this partial route, timing analysis to/from this port will not be accurate, and no routing information for this port can be exported.
WARNING: [Route 35-198] Port "src_axi0_tdata[8]" does not have an associated HD.PARTPIN_LOCS, which will prevent the partial routing of the signal "src_axi0_tdata[8]". Without this partial route, timing analysis to/from this port will not be accurate, and no routing information for this port can be exported.
WARNING: [Route 35-198] Port "src_axi0_tdata[13]" does not have an associated HD.PARTPIN_LOCS, which will prevent the partial routing of the signal "src_axi0_tdata[13]". Without this partial route, timing analysis to/from this port will not be accurate, and no routing information for this port can be exported.
WARNING: [Route 35-198] Port "src_axi0_tdata[14]" does not have an associated HD.PARTPIN_LOCS, which will prevent the partial routing of the signal "src_axi0_tdata[14]". Without this partial route, timing analysis to/from this port will not be accurate, and no routing information for this port can be exported.
WARNING: [Route 35-198] Port "src_axi0_tlast[0]" does not have an associated HD.PARTPIN_LOCS, which will prevent the partial routing of the signal "src_axi0_tlast[0]". Without this partial route, timing analysis to/from this port will not be accurate, and no routing information for this port can be exported.
WARNING: [Route 35-198] Port "src_axi1_tvalid" does not have an associated HD.PARTPIN_LOCS, which will prevent the partial routing of the signal "src_axi1_tvalid". Without this partial route, timing analysis to/from this port will not be accurate, and no routing information for this port can be exported.
WARNING: [Route 35-198] Port "src_axi1_tuser[0]" does not have an associated HD.PARTPIN_LOCS, which will prevent the partial routing of the signal "src_axi1_tuser[0]". Without this partial route, timing analysis to/from this port will not be accurate, and no routing information for this port can be exported.
WARNING: [Route 35-198] Port "src_axi1_tlast[0]" does not have an associated HD.PARTPIN_LOCS, which will prevent the partial routing of the signal "src_axi1_tlast[0]". Without this partial route, timing analysis to/from this port will not be accurate, and no routing information for this port can be exported.
WARNING: [Route 35-198] Port "mask2_PORTA_dout[30]" does not have an associated HD.PARTPIN_LOCS, which will prevent the partial routing of the signal "mask2_PORTA_dout[30]". Without this partial route, timing analysis to/from this port will not be accurate, and no routing information for this port can be exported.
WARNING: [Route 35-198] Port "mask2_PORTA_dout[6]" does not have an associated HD.PARTPIN_LOCS, which will prevent the partial routing of the signal "mask2_PORTA_dout[6]". Without this partial route, timing analysis to/from this port will not be accurate, and no routing information for this port can be exported.
WARNING: [Route 35-198] Port "mask2_PORTA_dout[12]" does not have an associated HD.PARTPIN_LOCS, which will prevent the partial routing of the signal "mask2_PORTA_dout[12]". Without this partial route, timing analysis to/from this port will not be accurate, and no routing information for this port can be exported.
WARNING: [Route 35-198] Port "mask2_PORTA_dout[0]" does not have an associated HD.PARTPIN_LOCS, which will prevent the partial routing of the signal "mask2_PORTA_dout[0]". Without this partial route, timing analysis to/from this port will not be accurate, and no routing information for this port can be exported.
WARNING: [Route 35-198] Port "mask2_PORTA_dout[1]" does not have an associated HD.PARTPIN_LOCS, which will prevent the partial routing of the signal "mask2_PORTA_dout[1]". Without this partial route, timing analysis to/from this port will not be accurate, and no routing information for this port can be exported.
WARNING: [Route 35-198] Port "mask2_PORTA_dout[16]" does not have an associated HD.PARTPIN_LOCS, which will prevent the partial routing of the signal "mask2_PORTA_dout[16]". Without this partial route, timing analysis to/from this port will not be accurate, and no routing information for this port can be exported.
WARNING: [Route 35-198] Port "mask2_PORTA_dout[14]" does not have an associated HD.PARTPIN_LOCS, which will prevent the partial routing of the signal "mask2_PORTA_dout[14]". Without this partial route, timing analysis to/from this port will not be accurate, and no routing information for this port can be exported.
WARNING: [Route 35-198] Port "mask2_PORTA_dout[23]" does not have an associated HD.PARTPIN_LOCS, which will prevent the partial routing of the signal "mask2_PORTA_dout[23]". Without this partial route, timing analysis to/from this port will not be accurate, and no routing information for this port can be exported.
WARNING: [Route 35-198] Port "mask2_PORTA_dout[11]" does not have an associated HD.PARTPIN_LOCS, which will prevent the partial routing of the signal "mask2_PORTA_dout[11]". Without this partial route, timing analysis to/from this port will not be accurate, and no routing information for this port can be exported.
WARNING: [Route 35-198] Port "mask2_PORTA_dout[24]" does not have an associated HD.PARTPIN_LOCS, which will prevent the partial routing of the signal "mask2_PORTA_dout[24]". Without this partial route, timing analysis to/from this port will not be accurate, and no routing information for this port can be exported.
WARNING: [Route 35-198] Port "mask2_PORTA_dout[25]" does not have an associated HD.PARTPIN_LOCS, which will prevent the partial routing of the signal "mask2_PORTA_dout[25]". Without this partial route, timing analysis to/from this port will not be accurate, and no routing information for this port can be exported.
WARNING: [Route 35-198] Port "mask2_PORTA_dout[18]" does not have an associated HD.PARTPIN_LOCS, which will prevent the partial routing of the signal "mask2_PORTA_dout[18]". Without this partial route, timing analysis to/from this port will not be accurate, and no routing information for this port can be exported.
WARNING: [Route 35-198] Port "mask2_PORTA_dout[2]" does not have an associated HD.PARTPIN_LOCS, which will prevent the partial routing of the signal "mask2_PORTA_dout[2]". Without this partial route, timing analysis to/from this port will not be accurate, and no routing information for this port can be exported.
WARNING: [Route 35-198] Port "mask2_PORTA_dout[4]" does not have an associated HD.PARTPIN_LOCS, which will prevent the partial routing of the signal "mask2_PORTA_dout[4]". Without this partial route, timing analysis to/from this port will not be accurate, and no routing information for this port can be exported.
WARNING: [Route 35-198] Port "mask2_PORTA_dout[22]" does not have an associated HD.PARTPIN_LOCS, which will prevent the partial routing of the signal "mask2_PORTA_dout[22]". Without this partial route, timing analysis to/from this port will not be accurate, and no routing information for this port can be exported.
WARNING: [Route 35-198] Port "mask2_PORTA_dout[20]" does not have an associated HD.PARTPIN_LOCS, which will prevent the partial routing of the signal "mask2_PORTA_dout[20]". Without this partial route, timing analysis to/from this port will not be accurate, and no routing information for this port can be exported.
WARNING: [Route 35-198] Port "mask2_PORTA_dout[28]" does not have an associated HD.PARTPIN_LOCS, which will prevent the partial routing of the signal "mask2_PORTA_dout[28]". Without this partial route, timing analysis to/from this port will not be accurate, and no routing information for this port can be exported.
WARNING: [Route 35-198] Port "mask2_PORTA_dout[26]" does not have an associated HD.PARTPIN_LOCS, which will prevent the partial routing of the signal "mask2_PORTA_dout[26]". Without this partial route, timing analysis to/from this port will not be accurate, and no routing information for this port can be exported.
WARNING: [Route 35-198] Port "mask2_PORTA_dout[8]" does not have an associated HD.PARTPIN_LOCS, which will prevent the partial routing of the signal "mask2_PORTA_dout[8]". Without this partial route, timing analysis to/from this port will not be accurate, and no routing information for this port can be exported.
WARNING: [Route 35-198] Port "mask2_PORTA_dout[10]" does not have an associated HD.PARTPIN_LOCS, which will prevent the partial routing of the signal "mask2_PORTA_dout[10]". Without this partial route, timing analysis to/from this port will not be accurate, and no routing information for this port can be exported.
WARNING: [Route 35-198] Port "mask2_PORTA_dout[27]" does not have an associated HD.PARTPIN_LOCS, which will prevent the partial routing of the signal "mask2_PORTA_dout[27]". Without this partial route, timing analysis to/from this port will not be accurate, and no routing information for this port can be exported.
WARNING: [Route 35-198] Port "mask2_PORTA_dout[21]" does not have an associated HD.PARTPIN_LOCS, which will prevent the partial routing of the signal "mask2_PORTA_dout[21]". Without this partial route, timing analysis to/from this port will not be accurate, and no routing information for this port can be exported.
WARNING: [Route 35-198] Port "mask2_PORTA_dout[31]" does not have an associated HD.PARTPIN_LOCS, which will prevent the partial routing of the signal "mask2_PORTA_dout[31]". Without this partial route, timing analysis to/from this port will not be accurate, and no routing information for this port can be exported.
WARNING: [Route 35-198] Port "mask2_PORTA_dout[13]" does not have an associated HD.PARTPIN_LOCS, which will prevent the partial routing of the signal "mask2_PORTA_dout[13]". Without this partial route, timing analysis to/from this port will not be accurate, and no routing information for this port can be exported.
WARNING: [Route 35-198] Port "mask2_PORTA_dout[17]" does not have an associated HD.PARTPIN_LOCS, which will prevent the partial routing of the signal "mask2_PORTA_dout[17]". Without this partial route, timing analysis to/from this port will not be accurate, and no routing information for this port can be exported.
WARNING: [Route 35-198] Port "mask2_PORTA_dout[19]" does not have an associated HD.PARTPIN_LOCS, which will prevent the partial routing of the signal "mask2_PORTA_dout[19]". Without this partial route, timing analysis to/from this port will not be accurate, and no routing information for this port can be exported.
WARNING: [Route 35-198] Port "s_axi_AXILiteS_araddr[2]" does not have an associated HD.PARTPIN_LOCS, which will prevent the partial routing of the signal "s_axi_AXILiteS_araddr[2]". Without this partial route, timing analysis to/from this port will not be accurate, and no routing information for this port can be exported.
WARNING: [Route 35-198] Port "s_axi_AXILiteS_araddr[3]" does not have an associated HD.PARTPIN_LOCS, which will prevent the partial routing of the signal "s_axi_AXILiteS_araddr[3]". Without this partial route, timing analysis to/from this port will not be accurate, and no routing information for this port can be exported.
WARNING: [Route 35-198] Port "s_axi_AXILiteS_araddr[1]" does not have an associated HD.PARTPIN_LOCS, which will prevent the partial routing of the signal "s_axi_AXILiteS_araddr[1]". Without this partial route, timing analysis to/from this port will not be accurate, and no routing information for this port can be exported.
WARNING: [Route 35-198] Port "s_axi_AXILiteS_araddr[0]" does not have an associated HD.PARTPIN_LOCS, which will prevent the partial routing of the signal "s_axi_AXILiteS_araddr[0]". Without this partial route, timing analysis to/from this port will not be accurate, and no routing information for this port can be exported.
WARNING: [Route 35-198] Port "mask2_PORTA_dout[5]" does not have an associated HD.PARTPIN_LOCS, which will prevent the partial routing of the signal "mask2_PORTA_dout[5]". Without this partial route, timing analysis to/from this port will not be accurate, and no routing information for this port can be exported.
WARNING: [Route 35-198] Port "mask2_PORTA_dout[29]" does not have an associated HD.PARTPIN_LOCS, which will prevent the partial routing of the signal "mask2_PORTA_dout[29]". Without this partial route, timing analysis to/from this port will not be accurate, and no routing information for this port can be exported.
WARNING: [Route 35-198] Port "mask2_PORTA_dout[7]" does not have an associated HD.PARTPIN_LOCS, which will prevent the partial routing of the signal "mask2_PORTA_dout[7]". Without this partial route, timing analysis to/from this port will not be accurate, and no routing information for this port can be exported.
WARNING: [Route 35-198] Port "mask2_PORTA_dout[3]" does not have an associated HD.PARTPIN_LOCS, which will prevent the partial routing of the signal "mask2_PORTA_dout[3]". Without this partial route, timing analysis to/from this port will not be accurate, and no routing information for this port can be exported.
WARNING: [Route 35-198] Port "mask2_PORTA_dout[15]" does not have an associated HD.PARTPIN_LOCS, which will prevent the partial routing of the signal "mask2_PORTA_dout[15]". Without this partial route, timing analysis to/from this port will not be accurate, and no routing information for this port can be exported.
WARNING: [Route 35-198] Port "mask2_PORTA_dout[9]" does not have an associated HD.PARTPIN_LOCS, which will prevent the partial routing of the signal "mask2_PORTA_dout[9]". Without this partial route, timing analysis to/from this port will not be accurate, and no routing information for this port can be exported.
WARNING: [Route 35-198] Port "s_axi_AXILiteS_rready" does not have an associated HD.PARTPIN_LOCS, which will prevent the partial routing of the signal "s_axi_AXILiteS_rready". Without this partial route, timing analysis to/from this port will not be accurate, and no routing information for this port can be exported.
WARNING: [Route 35-198] Port "s_axi_AXILiteS_arvalid" does not have an associated HD.PARTPIN_LOCS, which will prevent the partial routing of the signal "s_axi_AXILiteS_arvalid". Without this partial route, timing analysis to/from this port will not be accurate, and no routing information for this port can be exported.
WARNING: [Route 35-198] Port "s_axi_AXILiteS_wdata[0]" does not have an associated HD.PARTPIN_LOCS, which will prevent the partial routing of the signal "s_axi_AXILiteS_wdata[0]". Without this partial route, timing analysis to/from this port will not be accurate, and no routing information for this port can be exported.
WARNING: [Route 35-198] Port "s_axi_AXILiteS_wdata[7]" does not have an associated HD.PARTPIN_LOCS, which will prevent the partial routing of the signal "s_axi_AXILiteS_wdata[7]". Without this partial route, timing analysis to/from this port will not be accurate, and no routing information for this port can be exported.
WARNING: [Route 35-198] Port "s_axi_AXILiteS_awvalid" does not have an associated HD.PARTPIN_LOCS, which will prevent the partial routing of the signal "s_axi_AXILiteS_awvalid". Without this partial route, timing analysis to/from this port will not be accurate, and no routing information for this port can be exported.
WARNING: [Route 35-198] Port "s_axi_AXILiteS_bready" does not have an associated HD.PARTPIN_LOCS, which will prevent the partial routing of the signal "s_axi_AXILiteS_bready". Without this partial route, timing analysis to/from this port will not be accurate, and no routing information for this port can be exported.
WARNING: [Route 35-198] Port "s_axi_AXILiteS_wvalid" does not have an associated HD.PARTPIN_LOCS, which will prevent the partial routing of the signal "s_axi_AXILiteS_wvalid". Without this partial route, timing analysis to/from this port will not be accurate, and no routing information for this port can be exported.
WARNING: [Route 35-198] Port "s_axi_AXILiteS_wdata[1]" does not have an associated HD.PARTPIN_LOCS, which will prevent the partial routing of the signal "s_axi_AXILiteS_wdata[1]". Without this partial route, timing analysis to/from this port will not be accurate, and no routing information for this port can be exported.
WARNING: [Route 35-198] Port "s_axi_AXILiteS_wstrb[0]" does not have an associated HD.PARTPIN_LOCS, which will prevent the partial routing of the signal "s_axi_AXILiteS_wstrb[0]". Without this partial route, timing analysis to/from this port will not be accurate, and no routing information for this port can be exported.
WARNING: [Route 35-198] Port "s_axi_AXILiteS_awaddr[0]" does not have an associated HD.PARTPIN_LOCS, which will prevent the partial routing of the signal "s_axi_AXILiteS_awaddr[0]". Without this partial route, timing analysis to/from this port will not be accurate, and no routing information for this port can be exported.
WARNING: [Route 35-198] Port "s_axi_AXILiteS_awaddr[1]" does not have an associated HD.PARTPIN_LOCS, which will prevent the partial routing of the signal "s_axi_AXILiteS_awaddr[1]". Without this partial route, timing analysis to/from this port will not be accurate, and no routing information for this port can be exported.
WARNING: [Route 35-198] Port "s_axi_AXILiteS_awaddr[2]" does not have an associated HD.PARTPIN_LOCS, which will prevent the partial routing of the signal "s_axi_AXILiteS_awaddr[2]". Without this partial route, timing analysis to/from this port will not be accurate, and no routing information for this port can be exported.
WARNING: [Route 35-198] Port "s_axi_AXILiteS_awaddr[3]" does not have an associated HD.PARTPIN_LOCS, which will prevent the partial routing of the signal "s_axi_AXILiteS_awaddr[3]". Without this partial route, timing analysis to/from this port will not be accurate, and no routing information for this port can be exported.
WARNING: [Route 35-198] Port "src_axi1_tdata[21]" does not have an associated HD.PARTPIN_LOCS, which will prevent the partial routing of the signal "src_axi1_tdata[21]". Without this partial route, timing analysis to/from this port will not be accurate, and no routing information for this port can be exported.
WARNING: [Route 35-198] Port "src_axi1_tdata[22]" does not have an associated HD.PARTPIN_LOCS, which will prevent the partial routing of the signal "src_axi1_tdata[22]". Without this partial route, timing analysis to/from this port will not be accurate, and no routing information for this port can be exported.
WARNING: [Route 35-198] Port "src_axi1_tdata[8]" does not have an associated HD.PARTPIN_LOCS, which will prevent the partial routing of the signal "src_axi1_tdata[8]". Without this partial route, timing analysis to/from this port will not be accurate, and no routing information for this port can be exported.
WARNING: [Route 35-198] Port "src_axi1_tdata[0]" does not have an associated HD.PARTPIN_LOCS, which will prevent the partial routing of the signal "src_axi1_tdata[0]". Without this partial route, timing analysis to/from this port will not be accurate, and no routing information for this port can be exported.
WARNING: [Route 35-198] Port "src_axi1_tdata[12]" does not have an associated HD.PARTPIN_LOCS, which will prevent the partial routing of the signal "src_axi1_tdata[12]". Without this partial route, timing analysis to/from this port will not be accurate, and no routing information for this port can be exported.
WARNING: [Route 35-198] Port "src_axi1_tdata[2]" does not have an associated HD.PARTPIN_LOCS, which will prevent the partial routing of the signal "src_axi1_tdata[2]". Without this partial route, timing analysis to/from this port will not be accurate, and no routing information for this port can be exported.
WARNING: [Route 35-198] Port "src_axi1_tdata[6]" does not have an associated HD.PARTPIN_LOCS, which will prevent the partial routing of the signal "src_axi1_tdata[6]". Without this partial route, timing analysis to/from this port will not be accurate, and no routing information for this port can be exported.
WARNING: [Route 35-198] Port "src_axi1_tdata[16]" does not have an associated HD.PARTPIN_LOCS, which will prevent the partial routing of the signal "src_axi1_tdata[16]". Without this partial route, timing analysis to/from this port will not be accurate, and no routing information for this port can be exported.
WARNING: [Route 35-198] Port "src_axi1_tdata[11]" does not have an associated HD.PARTPIN_LOCS, which will prevent the partial routing of the signal "src_axi1_tdata[11]". Without this partial route, timing analysis to/from this port will not be accurate, and no routing information for this port can be exported.
WARNING: [Route 35-198] Port "src_axi0_tdata[0]" does not have an associated HD.PARTPIN_LOCS, which will prevent the partial routing of the signal "src_axi0_tdata[0]". Without this partial route, timing analysis to/from this port will not be accurate, and no routing information for this port can be exported.
WARNING: [Route 35-198] Port "src_axi0_tdata[18]" does not have an associated HD.PARTPIN_LOCS, which will prevent the partial routing of the signal "src_axi0_tdata[18]". Without this partial route, timing analysis to/from this port will not be accurate, and no routing information for this port can be exported.
WARNING: [Route 35-198] Port "src_axi0_tdata[5]" does not have an associated HD.PARTPIN_LOCS, which will prevent the partial routing of the signal "src_axi0_tdata[5]". Without this partial route, timing analysis to/from this port will not be accurate, and no routing information for this port can be exported.
WARNING: [Route 35-198] Port "src_axi0_tdata[9]" does not have an associated HD.PARTPIN_LOCS, which will prevent the partial routing of the signal "src_axi0_tdata[9]". Without this partial route, timing analysis to/from this port will not be accurate, and no routing information for this port can be exported.
WARNING: [Route 35-198] Port "src_axi0_tdata[1]" does not have an associated HD.PARTPIN_LOCS, which will prevent the partial routing of the signal "src_axi0_tdata[1]". Without this partial route, timing analysis to/from this port will not be accurate, and no routing information for this port can be exported.
WARNING: [Route 35-198] Port "src_axi0_tdata[2]" does not have an associated HD.PARTPIN_LOCS, which will prevent the partial routing of the signal "src_axi0_tdata[2]". Without this partial route, timing analysis to/from this port will not be accurate, and no routing information for this port can be exported.
WARNING: [Route 35-198] Port "src_axi0_tdata[6]" does not have an associated HD.PARTPIN_LOCS, which will prevent the partial routing of the signal "src_axi0_tdata[6]". Without this partial route, timing analysis to/from this port will not be accurate, and no routing information for this port can be exported.
INFO: [Common 17-14] Message 'Route 35-198' appears 100 times and further instances of the messages will be disabled. Use the Tcl command set_msg_config to change the current settings.
Phase 1 Build RT Design | Checksum: 18b55d586

Time (s): cpu = 00:00:58 ; elapsed = 00:00:37 . Memory (MB): peak = 1824.152 ; gain = 195.020
Post Restoration Checksum: NetGraph: c0909620 NumContArr: cac53f66 Constraints: 0 Timing: 0

Phase 2 Router Initialization

Phase 2.1 Create Timer
Phase 2.1 Create Timer | Checksum: 18b55d586

Time (s): cpu = 00:00:58 ; elapsed = 00:00:37 . Memory (MB): peak = 1842.797 ; gain = 213.664

Phase 2.2 Fix Topology Constraints
Phase 2.2 Fix Topology Constraints | Checksum: 18b55d586

Time (s): cpu = 00:00:58 ; elapsed = 00:00:37 . Memory (MB): peak = 1842.797 ; gain = 213.664

Phase 2.3 Pre Route Cleanup
Phase 2.3 Pre Route Cleanup | Checksum: 18b55d586

Time (s): cpu = 00:00:58 ; elapsed = 00:00:37 . Memory (MB): peak = 1842.797 ; gain = 213.664
 Number of Nodes with overlaps = 0

Phase 2.4 Update Timing
Phase 2.4 Update Timing | Checksum: 22487024a

Time (s): cpu = 00:00:59 ; elapsed = 00:00:38 . Memory (MB): peak = 1844.313 ; gain = 215.180
INFO: [Route 35-416] Intermediate Timing Summary | WNS=6.561  | TNS=0.000  | WHS=0.006  | THS=0.000  |

Phase 2 Router Initialization | Checksum: 1dba006ea

Time (s): cpu = 00:01:00 ; elapsed = 00:00:38 . Memory (MB): peak = 1844.313 ; gain = 215.180

Router Utilization Summary
  Global Vertical Routing Utilization    = 0 %
  Global Horizontal Routing Utilization  = 0 %
  Routable Net Status*
  *Does not include unroutable nets such as driverless and loadless.
  Run report_route_status for detailed report.
  Number of Failed Nets               = 1459
    (Failed Nets is the sum of unrouted and partially routed nets)
  Number of Unrouted Nets             = 1459
  Number of Partially Routed Nets     = 0
  Number of Node Overlaps             = 0


Phase 3 Initial Routing
Phase 3 Initial Routing | Checksum: 1840d4ec5

Time (s): cpu = 00:01:01 ; elapsed = 00:00:39 . Memory (MB): peak = 1851.219 ; gain = 222.086

Phase 4 Rip-up And Reroute

Phase 4.1 Global Iteration 0
 Number of Nodes with overlaps = 88
 Number of Nodes with overlaps = 0
INFO: [Route 35-416] Intermediate Timing Summary | WNS=6.161  | TNS=0.000  | WHS=N/A    | THS=N/A    |

Phase 4.1 Global Iteration 0 | Checksum: 1fe5b2365

Time (s): cpu = 00:01:02 ; elapsed = 00:00:40 . Memory (MB): peak = 1851.219 ; gain = 222.086
Phase 4 Rip-up And Reroute | Checksum: 1fe5b2365

Time (s): cpu = 00:01:02 ; elapsed = 00:00:40 . Memory (MB): peak = 1851.219 ; gain = 222.086

Phase 5 Delay and Skew Optimization

Phase 5.1 Delay CleanUp
Phase 5.1 Delay CleanUp | Checksum: 1fe5b2365

Time (s): cpu = 00:01:02 ; elapsed = 00:00:40 . Memory (MB): peak = 1851.219 ; gain = 222.086

Phase 5.2 Clock Skew Optimization
Phase 5.2 Clock Skew Optimization | Checksum: 1fe5b2365

Time (s): cpu = 00:01:02 ; elapsed = 00:00:40 . Memory (MB): peak = 1851.219 ; gain = 222.086
Phase 5 Delay and Skew Optimization | Checksum: 1fe5b2365

Time (s): cpu = 00:01:02 ; elapsed = 00:00:40 . Memory (MB): peak = 1851.219 ; gain = 222.086

Phase 6 Post Hold Fix

Phase 6.1 Hold Fix Iter

Phase 6.1.1 Update Timing
Phase 6.1.1 Update Timing | Checksum: 289a8041e

Time (s): cpu = 00:01:02 ; elapsed = 00:00:40 . Memory (MB): peak = 1851.219 ; gain = 222.086
INFO: [Route 35-416] Intermediate Timing Summary | WNS=6.161  | TNS=0.000  | WHS=0.092  | THS=0.000  |

Phase 6.1 Hold Fix Iter | Checksum: 289a8041e

Time (s): cpu = 00:01:02 ; elapsed = 00:00:40 . Memory (MB): peak = 1851.219 ; gain = 222.086
Phase 6 Post Hold Fix | Checksum: 289a8041e

Time (s): cpu = 00:01:02 ; elapsed = 00:00:40 . Memory (MB): peak = 1851.219 ; gain = 222.086

Phase 7 Route finalize

Router Utilization Summary
  Global Vertical Routing Utilization    = 0.0378946 %
  Global Horizontal Routing Utilization  = 0.0481705 %
  Routable Net Status*
  *Does not include unroutable nets such as driverless and loadless.
  Run report_route_status for detailed report.
  Number of Failed Nets               = 0
    (Failed Nets is the sum of unrouted and partially routed nets)
  Number of Unrouted Nets             = 0
  Number of Partially Routed Nets     = 0
  Number of Node Overlaps             = 0

Phase 7 Route finalize | Checksum: 286951cfd

Time (s): cpu = 00:01:02 ; elapsed = 00:00:40 . Memory (MB): peak = 1851.219 ; gain = 222.086

Phase 8 Verifying routed nets

 Verification completed successfully
Phase 8 Verifying routed nets | Checksum: 286951cfd

Time (s): cpu = 00:01:02 ; elapsed = 00:00:40 . Memory (MB): peak = 1851.219 ; gain = 222.086

Phase 9 Depositing Routes
Phase 9 Depositing Routes | Checksum: 21da2167e

Time (s): cpu = 00:01:03 ; elapsed = 00:00:40 . Memory (MB): peak = 1851.219 ; gain = 222.086

Phase 10 Post Router Timing
INFO: [Route 35-57] Estimated Timing Summary | WNS=6.161  | TNS=0.000  | WHS=0.092  | THS=0.000  |

INFO: [Route 35-327] The final timing numbers are based on the router estimated timing analysis. For a complete and accurate timing signoff, please run report_timing_summary.
Phase 10 Post Router Timing | Checksum: 21da2167e

Time (s): cpu = 00:01:03 ; elapsed = 00:00:40 . Memory (MB): peak = 1851.219 ; gain = 222.086
INFO: [Route 35-16] Router Completed Successfully

Time (s): cpu = 00:01:03 ; elapsed = 00:00:40 . Memory (MB): peak = 1851.219 ; gain = 222.086

Routing Is Done.
INFO: [Common 17-83] Releasing license: Implementation
87 Infos, 103 Warnings, 0 Critical Warnings and 0 Errors encountered.
route_design completed successfully
route_design: Time (s): cpu = 00:01:05 ; elapsed = 00:00:42 . Memory (MB): peak = 1851.219 ; gain = 222.086
Netlist sorting complete. Time (s): cpu = 00:00:00 ; elapsed = 00:00:00.001 . Memory (MB): peak = 1851.219 ; gain = 0.000
INFO: [Timing 38-480] Writing timing data to binary archive.
Writing placer database...
Writing XDEF routing.
Writing XDEF routing logical nets.
Writing XDEF routing special nets.
Write XDEF Complete: Time (s): cpu = 00:00:00 ; elapsed = 00:00:00.194 . Memory (MB): peak = 1859.133 ; gain = 7.914
INFO: [Common 17-1381] The checkpoint 'G:/BaiduNetdiskDownload/memblaze/k325pj_finalok/ips/VIP/VIP/impl/verilog/project.runs/impl_1/bd_0_wrapper_routed.dcp' has been generated.
INFO: [runtcl-4] Executing : report_drc -file bd_0_wrapper_drc_routed.rpt -pb bd_0_wrapper_drc_routed.pb -rpx bd_0_wrapper_drc_routed.rpx
Command: report_drc -file bd_0_wrapper_drc_routed.rpt -pb bd_0_wrapper_drc_routed.pb -rpx bd_0_wrapper_drc_routed.rpx
INFO: [IP_Flow 19-1839] IP Catalog is up to date.
INFO: [DRC 23-27] Running DRC with 2 threads
INFO: [Coretcl 2-168] The results of DRC are in file G:/BaiduNetdiskDownload/memblaze/k325pj_finalok/ips/VIP/VIP/impl/verilog/project.runs/impl_1/bd_0_wrapper_drc_routed.rpt.
report_drc completed successfully
INFO: [runtcl-4] Executing : report_methodology -file bd_0_wrapper_methodology_drc_routed.rpt -pb bd_0_wrapper_methodology_drc_routed.pb -rpx bd_0_wrapper_methodology_drc_routed.rpx
Command: report_methodology -file bd_0_wrapper_methodology_drc_routed.rpt -pb bd_0_wrapper_methodology_drc_routed.pb -rpx bd_0_wrapper_methodology_drc_routed.rpx
INFO: [Timing 38-35] Done setting XDC timing constraints.
WARNING: [Timing 38-242] The property HD.CLK_SRC of clock port "ap_clk" is not set. In out-of-context mode, this prevents timing estimation for clock delay/skew
Resolution: Set the HD.CLK_SRC property of the out-of-context port to the location of the clock buffer instance in the top-level design
INFO: [DRC 23-133] Running Methodology with 2 threads
INFO: [Coretcl 2-1520] The results of Report Methodology are in file G:/BaiduNetdiskDownload/memblaze/k325pj_finalok/ips/VIP/VIP/impl/verilog/project.runs/impl_1/bd_0_wrapper_methodology_drc_routed.rpt.
report_methodology completed successfully
INFO: [runtcl-4] Executing : report_power -file bd_0_wrapper_power_routed.rpt -pb bd_0_wrapper_power_summary_routed.pb -rpx bd_0_wrapper_power_routed.rpx
Command: report_power -file bd_0_wrapper_power_routed.rpt -pb bd_0_wrapper_power_summary_routed.pb -rpx bd_0_wrapper_power_routed.rpx
INFO: [Timing 38-35] Done setting XDC timing constraints.
Running Vector-less Activity Propagation...

Finished Running Vector-less Activity Propagation
99 Infos, 104 Warnings, 0 Critical Warnings and 0 Errors encountered.
report_power completed successfully
INFO: [runtcl-4] Executing : report_route_status -file bd_0_wrapper_route_status.rpt -pb bd_0_wrapper_route_status.pb
INFO: [runtcl-4] Executing : report_timing_summary -max_paths 10 -file bd_0_wrapper_timing_summary_routed.rpt -pb bd_0_wrapper_timing_summary_routed.pb -rpx bd_0_wrapper_timing_summary_routed.rpx -warn_on_violation 
INFO: [Timing 38-91] UpdateTimingParams: Speed grade: -2, Delay Type: min_max.
INFO: [Timing 38-191] Multithreading enabled for timing update using a maximum of 2 CPUs
INFO: [runtcl-4] Executing : report_incremental_reuse -file bd_0_wrapper_incremental_reuse_routed.rpt
INFO: [Vivado_Tcl 4-1062] Incremental flow is disabled. No incremental reuse Info to report.
INFO: [runtcl-4] Executing : report_clock_utilization -file bd_0_wrapper_clock_utilization_routed.rpt
INFO: [runtcl-4] Executing : report_bus_skew -warn_on_violation -file bd_0_wrapper_bus_skew_routed.rpt -pb bd_0_wrapper_bus_skew_routed.pb -rpx bd_0_wrapper_bus_skew_routed.rpx
INFO: [Timing 38-91] UpdateTimingParams: Speed grade: -2, Delay Type: min_max.
INFO: [Timing 38-191] Multithreading enabled for timing update using a maximum of 2 CPUs
INFO: [Common 17-206] Exiting Vivado at Sat Nov  6 09:51:33 2021...
