INFO-FLOW: Workspace G:/BaiduNetdiskDownload/memblaze/k325pj_finalok/ips/memoryCreator/array_RAM/proj_array_RAM/solution1 opened at Sat Nov 06 13:44:17 +0800 2021
Execute     config_clock -quiet -name default -period 10 -default=false 
INFO: [SYN 201-201] Setting up clock 'default' with a period of 10ns.
Execute     config_clock -quiet -name default -uncertainty 1.25 -unit % 
INFO: [SYN 201-201] Setting up clock 'default' with an uncertainty of 1.25ns.
Execute     open_platform DefaultPlatform 
Execute     import_lib G:/Xilinx/Vivado/2019.1/common/technology/xilinx/kintex7/kintex7 
Execute       source G:/Xilinx/Vivado/2019.1/common/technology/xilinx/common/xilinx.lib 
Execute         source G:/Xilinx/Vivado/2019.1/common/technology/xilinx/interface/xilinx_interface.lib 
Execute           source G:/Xilinx/Vivado/2019.1/common/technology/xilinx/interface/plb46.lib 
Execute           source G:/Xilinx/Vivado/2019.1/common/technology/xilinx/interface/fsl.lib 
Execute           source G:/Xilinx/Vivado/2019.1/common/technology/xilinx/interface/axi4.lib 
Execute           source G:/Xilinx/Vivado/2019.1/common/technology/xilinx/interface/maxi.lib 
Execute           source G:/Xilinx/Vivado/2019.1/common/technology/xilinx/interface/saxilite.lib 
Execute         source G:/Xilinx/Vivado/2019.1/common/technology/xilinx/common/dsp48.lib 
Execute         source G:/Xilinx/Vivado/2019.1/common/technology/xilinx/ip/dds_compiler.lib 
Execute         source G:/Xilinx/Vivado/2019.1/common/technology/xilinx/ip/xfft.lib 
Execute         source G:/Xilinx/Vivado/2019.1/common/technology/xilinx/ip/xfir.lib 
Execute       source G:/Xilinx/Vivado/2019.1/common/technology/xilinx/common/xilinx.hlp 
Execute         source G:/Xilinx/Vivado/2019.1/common/technology/xilinx/common/target_info.tcl 
Execute         source G:/Xilinx/Vivado/2019.1/common/technology/xilinx/interface/xilinx_interface.hlp 
Execute           source G:/Xilinx/Vivado/2019.1/common/technology/xilinx/interface/maxi.hlp 
Execute           source G:/Xilinx/Vivado/2019.1/common/technology/xilinx/interface/saxilite.hlp 
Execute         source G:/Xilinx/Vivado/2019.1/common/technology/xilinx/common/dsp48.hlp 
Execute       source G:/Xilinx/Vivado/2019.1/common/technology/xilinx/kintex7/dsp48e1.hlp 
Execute       source G:/Xilinx/Vivado/2019.1/common/technology/xilinx/common/xilinx.hlp 
Execute         source G:/Xilinx/Vivado/2019.1/common/technology/xilinx/common/target_info.tcl 
Execute         source G:/Xilinx/Vivado/2019.1/common/technology/xilinx/interface/xilinx_interface.hlp 
Execute           source G:/Xilinx/Vivado/2019.1/common/technology/xilinx/interface/maxi.hlp 
Execute           source G:/Xilinx/Vivado/2019.1/common/technology/xilinx/interface/saxilite.hlp 
Execute         source G:/Xilinx/Vivado/2019.1/common/technology/xilinx/common/dsp48.hlp 
Execute     source G:/Xilinx/Vivado/2019.1/common/technology/xilinx/kintex7/kintex7.gen 
Execute       source G:/Xilinx/Vivado/2019.1/common/technology/xilinx/common/xilinx.gen 
Execute         source G:/Xilinx/Vivado/2019.1/common/technology/xilinx/interface/plb46.gen 
Execute         source G:/Xilinx/Vivado/2019.1/common/technology/xilinx/interface/fsl.gen 
Execute         source G:/Xilinx/Vivado/2019.1/common/technology/xilinx/interface/axi4.gen 
Execute         source G:/Xilinx/Vivado/2019.1/common/technology/xilinx/interface/nativeAXI4.gen 
Execute           source G:/Xilinx/Vivado/2019.1/common/technology/xilinx/interface/saxilite.gen 
Execute           source G:/Xilinx/Vivado/2019.1/common/technology/xilinx/interface/maxi.gen 
Execute         source G:/Xilinx/Vivado/2019.1/common/technology/xilinx/scripts/xilinxcoregen.gen 
Execute         source G:/Xilinx/Vivado/2019.1/common/technology/xilinx/interface/XilEDKCoreGen.gen 
Execute         source G:/Xilinx/Vivado/2019.1/common/technology/xilinx/ip/dds_compiler.gen 
Execute         source G:/Xilinx/Vivado/2019.1/common/technology/xilinx/ip/util.gen 
Execute         source G:/Xilinx/Vivado/2019.1/common/technology/xilinx/ip/xfft.gen 
Execute         source G:/Xilinx/Vivado/2019.1/common/technology/xilinx/ip/xfir.gen 
Execute         source G:/Xilinx/Vivado/2019.1/common/technology/xilinx/common/dsp48.gen 
Command       ap_source done; 0.144 sec.
Command     ap_source done; 0.145 sec.
Execute     set_part xc7k325tffg900-2 
Execute       ap_part_info -name xc7k325tffg900-2 -data single -quiet 
Command       ap_part_info done; 0.417 sec.
Execute       ap_part_info -name xc7k325tffg900-2 -data info 
Execute       add_library xilinx/kintex7/kintex7:xc7k325t:-ffg900:-2 
Execute         get_default_platform 
Execute         license_isbetapart xc7k325t 
Command         license_isbetapart done; error code: 1; 
Execute         ap_part_info -data single -name xc7k325t-ffg900-2 
Execute         ap_part_info -name xc7k325t-ffg900-2 -data resources 
Execute         ap_part_info -name xc7k325t-ffg900-2 -data info 
Execute         ap_part_info -name xc7k325t-ffg900-2 -data info 
Execute         config_chip_info -quiet -resource {SLICE 50950} {LUT 203800} {FF 407600} {DSP48E 840} {BRAM 890} {URAM 0} 
Execute         ap_part_info -name xc7k325t-ffg900-2 -data info 
Execute         config_chip_info -quiet -speed medium 
Execute       add_library xilinx/kintex7/kintex7_fpv6 
Execute         get_default_platform 
Execute         open_platform DefaultPlatform 
Execute         import_lib G:/Xilinx/Vivado/2019.1/common/technology/xilinx/kintex7/kintex7_fpv6 
Execute           source G:/Xilinx/Vivado/2019.1/common/technology/xilinx/common/xilinx_fp.lib 
Execute           source G:/Xilinx/Vivado/2019.1/common/technology/xilinx/common/xilinx_fp.hlp 
Execute             source G:/Xilinx/Vivado/2019.1/common/technology/xilinx/common/xilinx.hlp 
Execute               source G:/Xilinx/Vivado/2019.1/common/technology/xilinx/common/target_info.tcl 
Execute               source G:/Xilinx/Vivado/2019.1/common/technology/xilinx/interface/xilinx_interface.hlp 
Execute                 source G:/Xilinx/Vivado/2019.1/common/technology/xilinx/interface/maxi.hlp 
Execute                 source G:/Xilinx/Vivado/2019.1/common/technology/xilinx/interface/saxilite.hlp 
Execute               source G:/Xilinx/Vivado/2019.1/common/technology/xilinx/common/dsp48.hlp 
Execute         source G:/Xilinx/Vivado/2019.1/common/technology/xilinx/kintex7/kintex7_fpv6.gen 
Execute           source G:/Xilinx/Vivado/2019.1/common/technology/xilinx/common/xilinx_fp.gen 
INFO: [HLS 200-10] Setting target device to 'xc7k325t-ffg900-2'
Execute       ap_part_info -name xc7k325t-ffg900-2 -data info 
Execute       get_default_platform 
Command     set_part done; 0.659 sec.
Execute     ap_part_info -data single -name xc7k325tffg900-2 
Execute     ap_part_info -name xc7k325tffg900-2 -data resources 
Execute     ap_part_info -name xc7k325tffg900-2 -data info 
Execute     ap_part_info -name xc7k325tffg900-2 -data info 
Execute     config_chip_info -quiet -resource {SLICE 50950} {LUT 203800} {FF 407600} {DSP48E 840} {BRAM 890} {URAM 0} 
Execute     ap_part_info -name xc7k325tffg900-2 -data info 
Execute     config_chip_info -quiet -speed medium 
Execute     config_sdx -optimization_level=none 
Execute       send_msg_by_id INFO @200-435@%s%s 'config_sdx -optimization_level' config_export -vivado_optimization_level=2 
INFO: [HLS 200-435] Setting 'config_sdx -optimization_level' configuration: config_export -vivado_optimization_level=2
Execute       config_export -vivado_optimization_level=2 
Execute         get_config_export -vivado_impl_strategy 
Execute         get_config_export -vivado_phys_opt 
Execute     config_sdx -target=none 
Execute       send_msg_by_id INFO @200-435@%s%s 'config_sdx -target' config_export -vivado_optimization_level=2 
INFO: [HLS 200-435] Setting 'config_sdx -target' configuration: config_export -vivado_optimization_level=2
Execute       config_export -vivado_optimization_level=2 
Execute         get_config_export -vivado_impl_strategy 
Execute         get_config_export -vivado_phys_opt 
Execute       get_config_compile -pipeline_loops 
Execute       get_config_compile -name_max_length 
Execute       get_config_schedule -enable_dsp_full_reg 
Execute       get_config_rtl -register_reset_num 
Execute       get_config_rtl -module_auto_prefix 
Execute       get_config_interface -m_axi_addr64 
Execute       send_msg_by_id INFO @200-435@%s%s 'config_sdx -target' set_clock_uncertainty default 
INFO: [HLS 200-435] Setting 'config_sdx -target' configuration: set_clock_uncertainty default
Execute       set_clock_uncertainty default 
Command   open_solution done; 0.891 sec.
Execute   set_part xc7k325tffg900-2 
Execute     ap_part_info -name xc7k325tffg900-2 -data single -quiet 
Execute     ap_part_info -name xc7k325tffg900-2 -data info 
Execute     add_library xilinx/kintex7/kintex7:xc7k325t:-ffg900:-2 
Execute       get_default_platform 
Execute       license_isbetapart xc7k325t 
Command       license_isbetapart done; error code: 1; 
Execute       ap_part_info -data single -name xc7k325t-ffg900-2 
Execute       ap_part_info -name xc7k325t-ffg900-2 -data resources 
Execute       ap_part_info -name xc7k325t-ffg900-2 -data info 
Execute       ap_part_info -name xc7k325t-ffg900-2 -data info 
Execute       config_chip_info -quiet -resource {SLICE 50950} {LUT 203800} {FF 407600} {DSP48E 840} {BRAM 890} {URAM 0} 
Execute       ap_part_info -name xc7k325t-ffg900-2 -data info 
Execute       config_chip_info -quiet -speed medium 
Execute     add_library xilinx/kintex7/kintex7_fpv6 
Execute       get_default_platform 
Execute       open_platform DefaultPlatform 
Execute       import_lib G:/Xilinx/Vivado/2019.1/common/technology/xilinx/kintex7/kintex7_fpv6 
Execute         source G:/Xilinx/Vivado/2019.1/common/technology/xilinx/common/xilinx_fp.lib 
Execute         source G:/Xilinx/Vivado/2019.1/common/technology/xilinx/common/xilinx_fp.hlp 
Execute           source G:/Xilinx/Vivado/2019.1/common/technology/xilinx/common/xilinx.hlp 
Execute             source G:/Xilinx/Vivado/2019.1/common/technology/xilinx/common/target_info.tcl 
Execute             source G:/Xilinx/Vivado/2019.1/common/technology/xilinx/interface/xilinx_interface.hlp 
Execute               source G:/Xilinx/Vivado/2019.1/common/technology/xilinx/interface/maxi.hlp 
Execute               source G:/Xilinx/Vivado/2019.1/common/technology/xilinx/interface/saxilite.hlp 
Execute             source G:/Xilinx/Vivado/2019.1/common/technology/xilinx/common/dsp48.hlp 
Execute       source G:/Xilinx/Vivado/2019.1/common/technology/xilinx/kintex7/kintex7_fpv6.gen 
Execute         source G:/Xilinx/Vivado/2019.1/common/technology/xilinx/common/xilinx_fp.gen 
Execute     ap_part_info -name xc7k325t-ffg900-2 -data info 
Execute     get_default_platform 
Command   set_part done; 0.118 sec.
Execute   create_clock -period 10 -name default 
Execute   config_sdx -optimization_level none -target none 
WARNING: [HLS 200-483] The 'config_sdx -optimization_level' command is deprecated and will be removed in a future release. Use 'config_export -vivado_optimization_level' as its replacement.
Execute     send_msg_by_id INFO @200-435@%s%s 'config_sdx -optimization_level' config_export -vivado_optimization_level=2 
INFO: [HLS 200-435] Setting 'config_sdx -optimization_level' configuration: config_export -vivado_optimization_level=2
Execute     config_export -vivado_optimization_level=2 
Execute       get_config_export -vivado_impl_strategy 
Execute       get_config_export -vivado_phys_opt 
Execute     send_msg_by_id INFO @200-435@%s%s 'config_sdx -target' config_export -vivado_optimization_level=2 
INFO: [HLS 200-435] Setting 'config_sdx -target' configuration: config_export -vivado_optimization_level=2
Execute     config_export -vivado_optimization_level=2 
Execute       get_config_export -vivado_impl_strategy 
Execute       get_config_export -vivado_phys_opt 
Execute     get_config_compile -pipeline_loops 
Execute     get_config_compile -name_max_length 
Execute     get_config_schedule -enable_dsp_full_reg 
Execute     get_config_rtl -register_reset_num 
Execute     get_config_rtl -module_auto_prefix 
Execute     get_config_interface -m_axi_addr64 
Execute     send_msg_by_id INFO @200-435@%s%s 'config_sdx -target' set_clock_uncertainty default 
INFO: [HLS 200-435] Setting 'config_sdx -target' configuration: set_clock_uncertainty default
Execute     set_clock_uncertainty default 
WARNING: [HLS 200-484] The 'config_sdx -optimization_level' command is deprecated and will be removed in a future release.
Execute   set_clock_uncertainty 12.5% 
Execute   csynth_design 
Execute     get_config_compile -dump_cfg 
Execute     get_config_compile -effort 
Execute     get_config_compile -enable_clang39 
Execute     get_config_compile -g 
Execute     get_config_compile -ng 
Execute     get_config_compile -opt_fp 
Execute     get_config_compile -skip_cdt 
Execute     get_config_compile -skip_syncheck 
Execute     get_config_compile -skip_transform 
Execute     get_config_compile -keep_printf 
Execute     elaborate -effort=medium -skip_syncheck=0 -keep_printf=0 -skip_cdt=0 -skip_transform=0 -ng=0 -g=0 -opt_fp=0 -from_csynth_design=1 
Execute       get_config_schedule -relax_ii_for_timing 
INFO: [SCHED 204-61] Option 'relax_ii_for_timing' is enabled, will increase II to preserve clock frequency constraints.
Execute       get_config_schedule -suppress_dependence_error_break 
INFO: [HLS 200-10] Analyzing design file 'array_RAM.c' ... 
INFO-FLOW: Compiling one TU...
Execute       is_m_axi_addr64 
INFO-FLOW: Handling array_RAM.c as C
Execute       ap_part_info -name xc7k325t-ffg900-2 -data info 
Execute       is_encrypted array_RAM.c 
INFO-FLOW: Running: GCC PP
INFO-FLOW: Source preprocessing
Execute       clang  -fno-limit-debug-info -gcc-toolchain "G:/Xilinx/Vivado/2019.1/msys" -hls  -fno-exceptions  -D__llvm__  -E "array_RAM.c"     -fno-math-errno -c -emit-llvm -O0  -mllvm -disable-llvm-optzns -std=gnu89   -DAESL_SYN -D__SYNTHESIS__ -D__HLS_SYN__ -I "G:/Xilinx/Vivado/2019.1/common/technology/autopilot" -I "G:/Xilinx/Vivado/2019.1/common/technology/autopilot/ap_sysc" -include etc/autopilot_ssdm_op.h -D__DSP48E1__ -D__cdecl=  -o "G:/BaiduNetdiskDownload/memblaze/k325pj_finalok/ips/memoryCreator/array_RAM/proj_array_RAM/solution1/.autopilot/db/array_RAM.pp.0.c" 
INFO-FLOW: exec G:/Xilinx/Vivado/2019.1/win64/tools/clang/bin/clang -fno-limit-debug-info -gcc-toolchain G:/Xilinx/Vivado/2019.1/msys -hls -fno-exceptions -D__llvm__ -E array_RAM.c -fno-math-errno -c -emit-llvm -O0 -mllvm -disable-llvm-optzns -std=gnu89 -DAESL_SYN -D__SYNTHESIS__ -D__HLS_SYN__ -I G:/Xilinx/Vivado/2019.1/common/technology/autopilot -I G:/Xilinx/Vivado/2019.1/common/technology/autopilot/ap_sysc -include etc/autopilot_ssdm_op.h -D__DSP48E1__ -D__cdecl= -o G:/BaiduNetdiskDownload/memblaze/k325pj_finalok/ips/memoryCreator/array_RAM/proj_array_RAM/solution1/.autopilot/db/array_RAM.pp.0.c
Command       clang done; 1.907 sec.
Execute       tidy_31 xilinx-xfmat-array-geometry G:/BaiduNetdiskDownload/memblaze/k325pj_finalok/ips/memoryCreator/array_RAM/proj_array_RAM/solution1/.autopilot/db/array_RAM.pp.0.c std=gnu89 
INFO-FLOW: exec G:/Xilinx/Vivado/2019.1/win64/tools/clang-3.9-csynth/bin/tidy-3.1 -header-filter=.* -checks=-*,xilinx-xfmat-array-geometry -quiet -fix G:/BaiduNetdiskDownload/memblaze/k325pj_finalok/ips/memoryCreator/array_RAM/proj_array_RAM/solution1/.autopilot/db/array_RAM.pp.0.c -- -std=gnu89 -fhls -ferror-limit=0
Command       tidy_31 done; 0.112 sec.
INFO-FLOW: Syntax Checking before pre-processing...
Execute       clang -syntaxcheck -src G:/BaiduNetdiskDownload/memblaze/k325pj_finalok/ips/memoryCreator/array_RAM/proj_array_RAM/solution1/.autopilot/db/array_RAM.pp.0.c  -fno-limit-debug-info -gcc-toolchain "G:/Xilinx/Vivado/2019.1/msys" -hls    -fno-math-errno -c -emit-llvm -O0  -mllvm -disable-llvm-optzns -std=gnu89   -DAESL_SYN -D__SYNTHESIS__ -D__HLS_SYN__ -I "G:/Xilinx/Vivado/2019.1/common/technology/autopilot" -I "G:/Xilinx/Vivado/2019.1/common/technology/autopilot/ap_sysc" -include etc/autopilot_ssdm_op.h -D__DSP48E1__ -D__cdecl=  "G:/BaiduNetdiskDownload/memblaze/k325pj_finalok/ips/memoryCreator/array_RAM/proj_array_RAM/solution1/.autopilot/db/array_RAM.pp.0.c"  -o "G:/BaiduNetdiskDownload/memblaze/k325pj_finalok/ips/memoryCreator/array_RAM/proj_array_RAM/solution1/.autopilot/db/useless.bc"  
INFO-FLOW: exec G:/Xilinx/Vivado/2019.1/win64/tools/clang/bin/clang -fno-limit-debug-info -gcc-toolchain G:/Xilinx/Vivado/2019.1/msys -hls -fno-math-errno -c -emit-llvm -O0 -mllvm -disable-llvm-optzns -std=gnu89 -DAESL_SYN -D__SYNTHESIS__ -D__HLS_SYN__ -I G:/Xilinx/Vivado/2019.1/common/technology/autopilot -I G:/Xilinx/Vivado/2019.1/common/technology/autopilot/ap_sysc -include etc/autopilot_ssdm_op.h -D__DSP48E1__ -D__cdecl= G:/BaiduNetdiskDownload/memblaze/k325pj_finalok/ips/memoryCreator/array_RAM/proj_array_RAM/solution1/.autopilot/db/array_RAM.pp.0.c -o G:/BaiduNetdiskDownload/memblaze/k325pj_finalok/ips/memoryCreator/array_RAM/proj_array_RAM/solution1/.autopilot/db/useless.bc
Command       clang done; 1.564 sec.
INFO-FLOW: Done: GCC PP time: 3.6 seconds per iteration
Execute       source G:/Xilinx/Vivado/2019.1/tps/tcl/tcllib1.11.1/yaml/huddle.tcl 
Execute       source G:/Xilinx/Vivado/2019.1/tps/tcl/tcllib1.11.1/yaml/json2huddle.tcl 
Execute         source G:/Xilinx/Vivado/2019.1/tps/tcl/tcllib1.11.1/try/try.tcl 
Execute       list_core -type functional_unit 
Execute       tidy_31 xilinx-systemc-detector G:/BaiduNetdiskDownload/memblaze/k325pj_finalok/ips/memoryCreator/array_RAM/proj_array_RAM/solution1/.autopilot/db/array_RAM.pp.0.c std=gnu89 -directive=G:/BaiduNetdiskDownload/memblaze/k325pj_finalok/ips/memoryCreator/array_RAM/proj_array_RAM/solution1/.autopilot/db/.systemc_flag 
INFO-FLOW: exec G:/Xilinx/Vivado/2019.1/win64/tools/clang-3.9-csynth/bin/tidy-3.1 -header-filter=.* -checks=-*,xilinx-systemc-detector -import-directive=G:/BaiduNetdiskDownload/memblaze/k325pj_finalok/ips/memoryCreator/array_RAM/proj_array_RAM/solution1/.autopilot/db/.systemc_flag -quiet -fix-errors G:/BaiduNetdiskDownload/memblaze/k325pj_finalok/ips/memoryCreator/array_RAM/proj_array_RAM/solution1/.autopilot/db/array_RAM.pp.0.c -- -std=gnu89 -fhls -ferror-limit=0
INFO-FLOW: Running: tidy-3.1 CDT preprocess
Execute       tidy_31 xilinx-directive2pragma G:/BaiduNetdiskDownload/memblaze/k325pj_finalok/ips/memoryCreator/array_RAM/proj_array_RAM/solution1/.autopilot/db/array_RAM.pp.0.c std=gnu89 -directive=G:/BaiduNetdiskDownload/memblaze/k325pj_finalok/ips/memoryCreator/array_RAM/proj_array_RAM/solution1/.autopilot/db/all.directive.json 
INFO-FLOW: exec G:/Xilinx/Vivado/2019.1/win64/tools/clang-3.9-csynth/bin/tidy-3.1 -header-filter=.* -checks=-*,xilinx-directive2pragma -import-directive=G:/BaiduNetdiskDownload/memblaze/k325pj_finalok/ips/memoryCreator/array_RAM/proj_array_RAM/solution1/.autopilot/db/all.directive.json -quiet -fix-errors G:/BaiduNetdiskDownload/memblaze/k325pj_finalok/ips/memoryCreator/array_RAM/proj_array_RAM/solution1/.autopilot/db/array_RAM.pp.0.c -- -std=gnu89 -fhls -ferror-limit=0
Execute       get_config_dataflow -strict_mode 
Execute       ap_eval exec -ignorestderr G:/Xilinx/Vivado/2019.1/win64/tools/clang-3.9-csynth/bin/xilinx-dataflow-lawyer -export-fixes=G:/BaiduNetdiskDownload/memblaze/k325pj_finalok/ips/memoryCreator/array_RAM/proj_array_RAM/solution1/.autopilot/db/xilinx-dataflow-lawyer.array_RAM.pp.0.c.diag.yml G:/BaiduNetdiskDownload/memblaze/k325pj_finalok/ips/memoryCreator/array_RAM/proj_array_RAM/solution1/.autopilot/db/array_RAM.pp.0.c -- -std=gnu99 -fhls -ferror-limit=0 -fstrict-dataflow > G:/BaiduNetdiskDownload/memblaze/k325pj_finalok/ips/memoryCreator/array_RAM/proj_array_RAM/solution1/.autopilot/db/xilinx-dataflow-lawyer.array_RAM.pp.0.c.out.log 2> G:/BaiduNetdiskDownload/memblaze/k325pj_finalok/ips/memoryCreator/array_RAM/proj_array_RAM/solution1/.autopilot/db/xilinx-dataflow-lawyer.array_RAM.pp.0.c.err.log 
Command       ap_eval done; 0.178 sec.
Execute       tidy_31 -errorcheck xilinx-constantarray-param,xilinx-resource-pragma-transformer,xilinx-xfmat-array-geometry G:/BaiduNetdiskDownload/memblaze/k325pj_finalok/ips/memoryCreator/array_RAM/proj_array_RAM/solution1/.autopilot/db/array_RAM.pp.0.c std=gnu89 
Execute         ap_eval exec -ignorestderr G:/Xilinx/Vivado/2019.1/win64/tools/clang-3.9-csynth/bin/tidy-3.1 -export-fixes=G:/BaiduNetdiskDownload/memblaze/k325pj_finalok/ips/memoryCreator/array_RAM/proj_array_RAM/solution1/.autopilot/db/tidy-3.1.array_RAM.pp.0.c.diag.yml -header-filter=.* -checks=-*,xilinx-constantarray-param,xilinx-resource-pragma-transformer,xilinx-xfmat-array-geometry -quiet -fix-errors G:/BaiduNetdiskDownload/memblaze/k325pj_finalok/ips/memoryCreator/array_RAM/proj_array_RAM/solution1/.autopilot/db/array_RAM.pp.0.c -- -std=gnu89 -fhls -ferror-limit=0 > G:/BaiduNetdiskDownload/memblaze/k325pj_finalok/ips/memoryCreator/array_RAM/proj_array_RAM/solution1/.autopilot/db/tidy-3.1.array_RAM.pp.0.c.out.log 2> G:/BaiduNetdiskDownload/memblaze/k325pj_finalok/ips/memoryCreator/array_RAM/proj_array_RAM/solution1/.autopilot/db/tidy-3.1.array_RAM.pp.0.c.err.log 
Command         ap_eval done; 0.187 sec.
Execute         source G:/Xilinx/Vivado/2019.1/tps/tcl/tcllib1.11.1/yaml/yaml.tcl 
Execute           source G:/Xilinx/Vivado/2019.1/tps/tcl/tcllib1.11.1/cmdline/cmdline.tcl 
Execute         ap_eval exec -ignorestderr G:/Xilinx/Vivado/2019.1/win64/tools/clang-3.9-csynth/bin/xilinx-legacy-rewriter G:/BaiduNetdiskDownload/memblaze/k325pj_finalok/ips/memoryCreator/array_RAM/proj_array_RAM/solution1/.autopilot/db/array_RAM.pp.0.c -- -std=gnu89 -fhls -ferror-limit=0 > G:/BaiduNetdiskDownload/memblaze/k325pj_finalok/ips/memoryCreator/array_RAM/proj_array_RAM/solution1/.autopilot/db/xilinx-legacy-rewriter.array_RAM.pp.0.c.out.log 2> G:/BaiduNetdiskDownload/memblaze/k325pj_finalok/ips/memoryCreator/array_RAM/proj_array_RAM/solution1/.autopilot/db/xilinx-legacy-rewriter.array_RAM.pp.0.c.err.log 
Command         ap_eval done; 0.391 sec.
Command       tidy_31 done; 0.612 sec.
INFO-FLOW: Done: tidy-3.1 CDT preprocess time: 0.9 seconds per iteration
INFO-FLOW: Pragma Handling...
Execute       tidy_31 xilinx-ssdm-intrinsics-arguments G:/BaiduNetdiskDownload/memblaze/k325pj_finalok/ips/memoryCreator/array_RAM/proj_array_RAM/solution1/.autopilot/db/array_RAM.pragma.1.c std=gnu89 
INFO-FLOW: exec G:/Xilinx/Vivado/2019.1/win64/tools/clang-3.9-csynth/bin/tidy-3.1 -header-filter=.* -checks=-*,xilinx-ssdm-intrinsics-arguments -quiet -fix-errors G:/BaiduNetdiskDownload/memblaze/k325pj_finalok/ips/memoryCreator/array_RAM/proj_array_RAM/solution1/.autopilot/db/array_RAM.pragma.1.c -- -std=gnu89 -fhls -ferror-limit=0
Execute       ap_part_info -name xc7k325t-ffg900-2 -data info 
INFO-FLOW: Processing labels
Execute       clang -src G:/BaiduNetdiskDownload/memblaze/k325pj_finalok/ips/memoryCreator/array_RAM/proj_array_RAM/solution1/.autopilot/db/array_RAM.pragma.2.c  -fno-limit-debug-info -gcc-toolchain G:/Xilinx/Vivado/2019.1/msys -hls -hls-analyze-label -hls-analyze-pragma -fno-exceptions  -D__llvm__  -w  "G:/BaiduNetdiskDownload/memblaze/k325pj_finalok/ips/memoryCreator/array_RAM/proj_array_RAM/solution1/.autopilot/db/array_RAM.pragma.2.c"    -fno-math-errno -c -emit-llvm -O0  -mllvm -disable-llvm-optzns -std=gnu89  -DAESL_SYN -D__SYNTHESIS__ -D__HLS_SYN__ -I "G:/Xilinx/Vivado/2019.1/common/technology/autopilot" -I "G:/Xilinx/Vivado/2019.1/common/technology/autopilot/ap_sysc" -include etc/autopilot_ssdm_op.h -D__DSP48E1__ -g -o "G:/BaiduNetdiskDownload/memblaze/k325pj_finalok/ips/memoryCreator/array_RAM/proj_array_RAM/solution1/.autopilot/db/array_RAM.bc" 
INFO-FLOW: exec G:/Xilinx/Vivado/2019.1/win64/tools/clang/bin/clang -fno-limit-debug-info -gcc-toolchain G:/Xilinx/Vivado/2019.1/msys -hls -hls-analyze-label -hls-analyze-pragma -fno-exceptions -D__llvm__ -w G:/BaiduNetdiskDownload/memblaze/k325pj_finalok/ips/memoryCreator/array_RAM/proj_array_RAM/solution1/.autopilot/db/array_RAM.pragma.2.c -fno-math-errno -c -emit-llvm -O0 -mllvm -disable-llvm-optzns -std=gnu89 -DAESL_SYN -D__SYNTHESIS__ -D__HLS_SYN__ -I G:/Xilinx/Vivado/2019.1/common/technology/autopilot -I G:/Xilinx/Vivado/2019.1/common/technology/autopilot/ap_sysc -include etc/autopilot_ssdm_op.h -D__DSP48E1__ -g -o G:/BaiduNetdiskDownload/memblaze/k325pj_finalok/ips/memoryCreator/array_RAM/proj_array_RAM/solution1/.autopilot/db/array_RAM.bc
Command       clang done; 1.378 sec.
INFO-FLOW: Linking Debug ...
Execute       llvm-ld G:/BaiduNetdiskDownload/memblaze/k325pj_finalok/ips/memoryCreator/array_RAM/proj_array_RAM/solution1/.autopilot/db/array_RAM.g.bc -hls-opt -except-internalize array_RAM -LG:/Xilinx/Vivado/2019.1/win64/lib -lhlsm -lhlsmc++ -o G:/BaiduNetdiskDownload/memblaze/k325pj_finalok/ips/memoryCreator/array_RAM/proj_array_RAM/solution1/.autopilot/db/a.g 
Command       llvm-ld done; 6.717 sec.
INFO: [HLS 200-111] Finished Linking Time (s): cpu = 00:00:01 ; elapsed = 00:00:14 . Memory (MB): peak = 175.152 ; gain = 80.184
INFO: [HLS 200-111] Finished Checking Pragmas Time (s): cpu = 00:00:01 ; elapsed = 00:00:14 . Memory (MB): peak = 175.152 ; gain = 80.184
Execute       get_config_sdx -target 
Execute       opt_and_import_c a -opt_level=2 -skip_syncheck=0 -ng=0 -keep_printf=0 
Execute         cleanup_all_models 
INFO: [HLS 200-10] Starting code transformations ...
Execute         transform -promote-dbg-pointer G:/BaiduNetdiskDownload/memblaze/k325pj_finalok/ips/memoryCreator/array_RAM/proj_array_RAM/solution1/.autopilot/db/a.pp.bc -o G:/BaiduNetdiskDownload/memblaze/k325pj_finalok/ips/memoryCreator/array_RAM/proj_array_RAM/solution1/.autopilot/db/a.pp.0.bc -f 
Execute         llvm-ld G:/BaiduNetdiskDownload/memblaze/k325pj_finalok/ips/memoryCreator/array_RAM/proj_array_RAM/solution1/.autopilot/db/a.pp.0.bc -disable-opt -LG:/Xilinx/Vivado/2019.1/win64/lib -lfloatconversion -o G:/BaiduNetdiskDownload/memblaze/k325pj_finalok/ips/memoryCreator/array_RAM/proj_array_RAM/solution1/.autopilot/db/a.g.0 
Command         llvm-ld done; 0.703 sec.
INFO-FLOW: Running Standard Transforms...
Execute         transform -hls -share-std-xform -demangle-name -inline-byval-memcpy -always-inline -promote-dbg-pointer -interface-preproc -mem2reg -scalarrepl -mem2reg -keep-read-access -instcombine -dce -promote-dbg-pointer -bitop-raise -loop-simplify -indvarspre -indvars -loop-simplify -xunroll -constprop -instcombine -simplifycfg -indvars -simplifycfg -dce -globaldce -basicaa -simplifycfg -mem2reg -globalopt -global-constprop -deadargelim -instcombine -simplifycfg -prune-eh -simplifycfg -scalarrepl -instcombine -reassociate -licm -simplifycfg -loop-simplify -indvars -instcombine -simplifycfg -mem2reg -loop-simplify -indvars -instcombine -gvn -gvn -instcombine -adce -break-crit-edges -simplifycfg -loop-delete -global-array-opt -dce -dse -adce -find-syn-modules -top array_RAM -deadargelim -mem2reg -instcombine -dce -presyn-prepare -auto-rom-infer -interface-preproc -syn-check -check-rec-only -find-region -simplifycfg -func-extr -function-inline -globaldce -mem2reg -instcombine -dce -gvn -globaldce -adce -adse -constprop -instcombine -bit-constprop -instcombine -dce -simplifycfg -bitop-raise -simplifycfg -dce -loop-delete -reassociate -globalopt -global-privatize -mem2reg -dce -global-constprop -pointer-simplify -constprop -dce -func-inst -deadargelim -auto-shift-reg-idiom -promote-dbg-pointer -norm-name G:/BaiduNetdiskDownload/memblaze/k325pj_finalok/ips/memoryCreator/array_RAM/proj_array_RAM/solution1/.autopilot/db/a.g.0.bc -o G:/BaiduNetdiskDownload/memblaze/k325pj_finalok/ips/memoryCreator/array_RAM/proj_array_RAM/solution1/.autopilot/db/a.g.1.bc -f -phase std-opt 
INFO: [HLS 200-111] Finished Standard Transforms Time (s): cpu = 00:00:01 ; elapsed = 00:00:15 . Memory (MB): peak = 175.152 ; gain = 80.184
INFO: [HLS 200-10] Checking synthesizability ...
INFO-FLOW: Checking Synthesizability 1/2..
Execute         transform -hls -syn-check -check-rec-only -disaggr -scalarrepl -norm-name -dce -mem2reg -instcombine -function-uniquify -directive-preproc -mem2reg -dse -dce -auto-rom-infer -dce -pag -array-normalize -instcombine -dce -warn-fifo-pointer -array-seg-normalize -instcombine -dce -array-flatten -instcombine -dce -array-burst -dce -deadargelim -promote-global-argument -simplifycfg -mem2reg -globaldce -dce -deadargelim -dce -instcombine -function-inline -globaldce -dce -doublePtrSimplify -doublePtrElim -dce -doublePtrSimplify -promote-dbg-pointer -dce -scalarrepl -dse -adse -instcombine -ptrLegalization -simplifycfg -dce -instcombine -pointer-simplify -ptrArgReplace -dce -instcombine -resolve-double-ptr -disaggr -scalarrepl -norm-name -dce -mem2reg -instcombine -ptrLegalization -simplifycfg -deadargelim -instcombine -dce -inst-simplify -function-uniquify -directive-preproc -mem2reg -dse -dce -globaldce -check-dspbuiltin G:/BaiduNetdiskDownload/memblaze/k325pj_finalok/ips/memoryCreator/array_RAM/proj_array_RAM/solution1/.autopilot/db/a.g.1.bc -o G:/BaiduNetdiskDownload/memblaze/k325pj_finalok/ips/memoryCreator/array_RAM/proj_array_RAM/solution1/.autopilot/db/a.g.2.prechk.bc -f 
INFO-FLOW: Checking Synthesizability 2/2..
Execute         transform -syn-check G:/BaiduNetdiskDownload/memblaze/k325pj_finalok/ips/memoryCreator/array_RAM/proj_array_RAM/solution1/.autopilot/db/a.g.2.prechk.bc -o G:/BaiduNetdiskDownload/memblaze/k325pj_finalok/ips/memoryCreator/array_RAM/proj_array_RAM/solution1/.autopilot/db/a.g.2.bc -f -phase syn-check 
INFO: [HLS 200-111] Finished Checking Synthesizability Time (s): cpu = 00:00:01 ; elapsed = 00:00:15 . Memory (MB): peak = 175.152 ; gain = 80.184
INFO-FLOW: Compiler optimizing ...
INFO-FLOW: Share syncheck's 1.bc for syn flow: copy G:/BaiduNetdiskDownload/memblaze/k325pj_finalok/ips/memoryCreator/array_RAM/proj_array_RAM/solution1/.autopilot/db/a.g.1.bc to G:/BaiduNetdiskDownload/memblaze/k325pj_finalok/ips/memoryCreator/array_RAM/proj_array_RAM/solution1/.autopilot/db/a.o.1.bc
INFO-FLOW: Presyn 1...
Execute         transform -hls -tmp G:/BaiduNetdiskDownload/memblaze/k325pj_finalok/ips/memoryCreator/array_RAM/proj_array_RAM/solution1/.autopilot/db -interface-port-rename -type-info -function-uniquify -directive-preproc -mem2reg -dse -dce -disaggr -scalarrepl -norm-name -deadargelim -mem2reg -instcombine -dce -simplifycfg -auto-rom-infer -dce -function-uniquify -resource-proc -clib-intrinsic-prepare -dce -func-buffer -dce -pag -array-normalize -func-legal -instcombine -gvn -constprop -dce -simplifycfg -mem2reg -globaldce -resolve-double-ptr -dce -deadargelim -dce -instcombine -ptrArgReplace -mem2reg -dce -array-seg-normalize -deadargelim -instcombine -dce -pointer-simplify -dce -port-alignment -dce -interface-preproc -data-pack -instcombine -dce -basicaa -aggr-aa -aggrmodref-aa -aggr-aa -gvn -gvn -basicaa -aggr-aa -aggrmodref-aa -aggr-aa -dse -adse -adce -loop-simplify -indvars -instcombine -gvn -loop-simplify -mem2reg -dce -find-region -instcombine -auto-loop-pipeline -inst-simplify -interface-preproc -cfgopt -instcombine -indvars -auto-loop-unroll -loop-simplify -loop-bound -xunroll -constprop -instcombine -simplifycfg -indvars -simplifycfg -dce -globaldce -clean-region -attach-range -gvn -inst-simplify -constprop -simplifycfg -dce -pointer-simplify -dce -globalopt -constprop -dce -array-promote -constprop -dce -ptrArgReplace -mem2reg -simplifycfg -dce -auto-par -instcombine -dce -array-transform-check -array-reshape -instcombine -simplifycfg -dce -ptrArgReplace -deadargelim -mem2reg -instcombine -simplifycfg -dce -indvars -loop-simplify -loop-bound -xunroll -constprop -instcombine -simplifycfg -indvars -simplifycfg -dce -globaldce -basicaa -aggr-aa -aggrmodref-aa -aggr-aa -dse -duplicate-dataflow-processes -globaldce -instcombine -array-partition -instcombine -simplifycfg -dce -ptrArgReplace -global-constprop -deadargelim -mem2reg -func-legal -dce -global-constprop -deadargelim -mem2reg -simplifycfg -dce -merge-param -deadargelim -globalopt -constprop -dce -array-promote -constprop -dce -ptrArgReplace -mem2reg -simplifycfg -dce -mem-intrinsic-preproc -dce -global-internalize -global-privatize -mem2reg -globaldce -promote-global-argument -ptrArgReplace -mem2reg -dce -globalopt -mergereturn -simplify-global-access -mem2reg -dce -pointer-simplify -dce -functionattrs -basicaa -aggr-aa -aggrmodref-aa -aggr-aa -gvn -gvn -basicaa -aggr-aa -aggrmodref-aa -aggr-aa -dse -adse -adce -dce -norm-name -function-inline -complex-op-raise -inst-simplify -globaldce -func-inst -constprop -instcombine -simplifycfg -dce -func-legal -dce -loop-bound -arraycheck -bitwidthmin -on-by-dataflow -loop-delete -instcombine -simplifycfg -globaldce -dce -gvn -deadargelim -dce -loop-simplify -clean-region -simplifycfg -propagate-stable-arguments -loop-stream -instcombine -simplifycfg -dce -globaldce -duplicate-dataflow-processes -stream-intrinsic-preproc -dce -check-ap-stream -loop-simplify -eliminate-keepreads -extract-dataflow-in-loop -loop-simplify -dce -gvn -deadargelim -dse -check-dataflow-syntax -legalize-stream-variable -legalize-global -extract-subproc -dce -dead-channel-elimination -canonicalize-gep -globaldce -dce -gvn -deadargelim -annotate-dataflow-channels -scalar-propagation -deadargelim -globaldce -mem2reg -check-dataflow-channels -function-stream -dce -globaldce -prop-fifo-spec -internal-stream-gen -canonicalize-gep -globaldce -dce -gvn -deadargelim -mergereturn -indvars -loop-simplify -instcombine -array-stream -array-seg-normalize -array-partition -func-legal -instcombine -simplifycfg -dce -bundle-memfifo-ops -deadargelim -function-uniquify -directive-preproc -mem2reg -dse -dce -group-axi-access -licm -simplifycfg -dce -loop-delete -norm-name G:/BaiduNetdiskDownload/memblaze/k325pj_finalok/ips/memoryCreator/array_RAM/proj_array_RAM/solution1/.autopilot/db/a.o.1.bc -o G:/BaiduNetdiskDownload/memblaze/k325pj_finalok/ips/memoryCreator/array_RAM/proj_array_RAM/solution1/.autopilot/db/a.o.1.tmp.bc -f 
INFO-FLOW: Presyn 2...
Execute         transform -hls -keep-callgraph -scalarrepl -mem2reg -port-alignment -attach-range -dce -pipe-mux-gen -indvars -loop-bound -inst-simplify -instcombine -dce -merge-array-access -mem2reg -dce -clean-region -mergereturn -if-conv -instcombine -dce -constprop -basicaa -aggr-aa -aggrmodref-aa -aggr-aa -gvn -gvn -basicaa -aggr-aa -aggrmodref-aa -aggr-aa -dse -adse -adce -scalarrepl -mem2reg -global-constprop -deadargelim -deadargelim -instcombine -dce -simplifycfg -ptrArgReplace -mem2reg -function-inline -globaldce -mem2reg -instcombine -dce -expr-balance -instcombine -dce -bitwidthmin -interface-preproc -directive-preproc -inst-rectify -instcombine -dce -functionattrs -constprop -instcombine -bit-constprop -simplify-global-access -globalopt -globaldce -inst-simplify -instcombine -elimdeaddata -dce -loop-delete -simplifycfg -loop-simplify -auto-burst -norm-name G:/BaiduNetdiskDownload/memblaze/k325pj_finalok/ips/memoryCreator/array_RAM/proj_array_RAM/solution1/.autopilot/db/a.o.1.tmp.bc -o G:/BaiduNetdiskDownload/memblaze/k325pj_finalok/ips/memoryCreator/array_RAM/proj_array_RAM/solution1/.autopilot/db/a.o.2.bc -f -phase presyn 
INFO: [HLS 200-111] Finished Pre-synthesis Time (s): cpu = 00:00:01 ; elapsed = 00:00:15 . Memory (MB): peak = 175.152 ; gain = 80.184
INFO-FLOW: Building ssdm...
Execute         transform -hls -function-uniquify -auto-function-inline -globaldce -ptrArgReplace -mem2reg -dce -reset-lda -loop-simplify -indvars -licm -loop-dep -loop-bound -licm -loop-simplify -flattenloopnest -array-flatten -gvn -instcombine -dce -array-map -dce -func-legal -gvn -adce -instcombine -cfgopt -simplifycfg -loop-simplify -array-burst -promote-global-argument -dce -ptrLegalization -axi4-lower -array-seg-normalize -basicaa -aggrmodref-aa -globalsmodref-aa -aggr-aa -gvn -gvn -basicaa -aggrmodref-aa -globalsmodref-aa -aggr-aa -dse -adse -adce -licm -inst-simplify -dce -globaldce -instcombine -array-stream -eliminate-keepreads -instcombine -dce -deadargelim -doublePtrSimplify -doublePtrElim -dce -doublePtrSimplify -promote-dbg-pointer -dce -scalarrepl -mem2reg -disaggr -norm-name -mem2reg -instcombine -dse -adse -adce -ptrLegalization -dce -auto-rom-infer -array-flatten -dce -instcombine -check-doubleptr -loop-rot -constprop -cfgopt -simplifycfg -loop-simplify -indvars -pointer-simplify -dce -loop-bound -loop-simplify -loop-preproc -constprop -global-constprop -gvn -mem2reg -instcombine -dce -loop-bound -loop-merge -dce -bitwidthmin -deadargelim -dce -canonicalize-dataflow -dce -scalar-propagation -deadargelim -globaldce -mem2reg -read-loop-dep -interface-preproc -directive-preproc -interface-gen -bram-byte-enable -deadargelim -inst-simplify -dce -gvn -mem2reg -instcombine -dce -adse -loop-bound -instcombine -cfgopt -simplifycfg -loop-simplify -clean-region -io-protocol -find-region -mem2reg -bitop-raise -complex-op-raise -inst-simplify -inst-rectify -instcombine -adce -deadargelim -loop-simplify -phi-opt -bitop-raise -cfgopt -simplifycfg -strip-dead-prototypes -interface-lower -bitop-lower -intrinsic-lower -auto-function-inline -basicaa -aggrmodref-aa -globalsmodref-aa -aggr-aa -inst-simplify -simplifycfg -loop-simplify -mergereturn -inst-simplify -inst-rectify -dce -load-elim -bitop-lower -loop-rewind -pointer-simplify -dce -cfgopt -dce -loop-bound -loop-dep -read-loop-dep -dce -check-stream -norm-name -legalize -validate-dataflow -inst-clarity -bitwidth -dump-loop-dep-to-ir -check-all-ssdm -cdfg-build G:/BaiduNetdiskDownload/memblaze/k325pj_finalok/ips/memoryCreator/array_RAM/proj_array_RAM/solution1/.autopilot/db/a.o.2.bc -o G:/BaiduNetdiskDownload/memblaze/k325pj_finalok/ips/memoryCreator/array_RAM/proj_array_RAM/solution1/.autopilot/db/a.o.3.bc -f -phase build-ssdm 
INFO: [HLS 200-111] Finished Architecture Synthesis Time (s): cpu = 00:00:01 ; elapsed = 00:00:15 . Memory (MB): peak = 175.152 ; gain = 80.184
INFO-FLOW: Finish building internal data model.
Command       opt_and_import_c done; 0.977 sec.
Command     elaborate done; 13.785 sec.
Execute     autosyn -from_csynth_design=1 
INFO: [HLS 200-10] Starting hardware synthesis ...
INFO-FLOW: Synthesizing C/C++ design ...
INFO: [HLS 200-10] Synthesizing 'array_RAM' ...
Execute       ap_set_top_model array_RAM 
Execute       get_model_list array_RAM -filter all-wo-channel -topdown 
Execute       preproc_iomode -model array_RAM 
Execute       get_model_list array_RAM -filter all-wo-channel 
INFO-FLOW: Model list for configure: array_RAM
INFO-FLOW: Configuring Module : array_RAM ...
Execute       set_default_model array_RAM 
Execute       apply_spec_resource_limit array_RAM 
INFO-FLOW: Model list for preprocess: array_RAM
INFO-FLOW: Preprocessing Module: array_RAM ...
Execute       set_default_model array_RAM 
Execute       cdfg_preprocess -model array_RAM 
Execute       rtl_gen_preprocess array_RAM 
INFO-FLOW: Model list for synthesis: array_RAM
INFO: [HLS 200-10] ----------------------------------------------------------------
INFO: [HLS 200-42] -- Implementing module 'array_RAM' 
INFO: [HLS 200-10] ----------------------------------------------------------------
Execute       set_default_model array_RAM 
Execute       schedule -model array_RAM 
INFO: [SCHED 204-11] Starting scheduling ...
INFO: [SCHED 204-11] Finished scheduling.
INFO: [HLS 200-111]  Elapsed time: 15.363 seconds; current allocated memory: 91.065 MB.
Execute       syn_report -verbosereport -o G:/BaiduNetdiskDownload/memblaze/k325pj_finalok/ips/memoryCreator/array_RAM/proj_array_RAM/solution1/.autopilot/db/array_RAM.verbose.sched.rpt 
INFO: [HLS 200-434] Only 0 loops out of a total 1 loops have been pipelined in this design.
Execute       db_write -o G:/BaiduNetdiskDownload/memblaze/k325pj_finalok/ips/memoryCreator/array_RAM/proj_array_RAM/solution1/.autopilot/db/array_RAM.sched.adb -f 
INFO-FLOW: Finish scheduling array_RAM.
Execute       set_default_model array_RAM 
Execute       bind -model array_RAM 
BIND OPTION: model=array_RAM
INFO: [BIND 205-100] Starting micro-architecture generation ...
INFO: [BIND 205-101] Performing variable lifetime analysis.
INFO: [BIND 205-101] Exploring resource sharing.
INFO: [BIND 205-101] Binding ...
INFO: [BIND 205-100] Finished micro-architecture generation.
INFO: [HLS 200-111]  Elapsed time: 0.113 seconds; current allocated memory: 91.189 MB.
Execute       syn_report -verbosereport -o G:/BaiduNetdiskDownload/memblaze/k325pj_finalok/ips/memoryCreator/array_RAM/proj_array_RAM/solution1/.autopilot/db/array_RAM.verbose.bind.rpt 
Execute       db_write -o G:/BaiduNetdiskDownload/memblaze/k325pj_finalok/ips/memoryCreator/array_RAM/proj_array_RAM/solution1/.autopilot/db/array_RAM.bind.adb -f 
INFO-FLOW: Finish binding array_RAM.
Execute       get_model_list array_RAM -filter all-wo-channel 
INFO-FLOW: Preprocessing for RTLGen ...
Execute       rtl_gen_preprocess array_RAM 
INFO-FLOW: Model list for RTL generation: array_RAM
INFO: [HLS 200-10] ----------------------------------------------------------------
INFO: [HLS 200-10] -- Generating RTL for module 'array_RAM' 
INFO: [HLS 200-10] ----------------------------------------------------------------
Execute       get_config_rtl -module_prefix 
Execute       get_config_rtl -module_auto_prefix 
Execute       create_rtl_model array_RAM -vendor xilinx -mg_file G:/BaiduNetdiskDownload/memblaze/k325pj_finalok/ips/memoryCreator/array_RAM/proj_array_RAM/solution1/.autopilot/db/array_RAM.compgen.tcl 
INFO: [RTGEN 206-500] Setting interface mode on port 'array_RAM/d_o' to 'ap_memory'.
INFO: [RTGEN 206-500] Setting interface mode on port 'array_RAM/d_i' to 'ap_memory'.
INFO: [RTGEN 206-500] Setting interface mode on port 'array_RAM/idx' to 'ap_memory'.
INFO: [RTGEN 206-500] Setting interface mode on function 'array_RAM' to 'ap_ctrl_hs'.
INFO: [RTGEN 206-100] Finished creating RTL model for 'array_RAM'.
INFO: [HLS 200-111]  Elapsed time: 0.149 seconds; current allocated memory: 91.366 MB.
Execute       source G:/BaiduNetdiskDownload/memblaze/k325pj_finalok/ips/memoryCreator/array_RAM/proj_array_RAM/solution1/.autopilot/db/array_RAM.rtl_wrap.cfg.tcl 
Execute       gen_rtl array_RAM -istop -style xilinx -tracefl mytrace -tracefmt vcd -traceopt all -f -lang sc -o G:/BaiduNetdiskDownload/memblaze/k325pj_finalok/ips/memoryCreator/array_RAM/proj_array_RAM/solution1/syn/systemc/array_RAM -synmodules array_RAM 
Execute       gen_rtl array_RAM -istop -style xilinx -f -lang vhdl -o G:/BaiduNetdiskDownload/memblaze/k325pj_finalok/ips/memoryCreator/array_RAM/proj_array_RAM/solution1/syn/vhdl/array_RAM 
Execute       gen_rtl array_RAM -istop -style xilinx -f -lang vlog -o G:/BaiduNetdiskDownload/memblaze/k325pj_finalok/ips/memoryCreator/array_RAM/proj_array_RAM/solution1/syn/verilog/array_RAM 
Execute       syn_report -csynth -model array_RAM -o G:/BaiduNetdiskDownload/memblaze/k325pj_finalok/ips/memoryCreator/array_RAM/proj_array_RAM/solution1/syn/report/array_RAM_csynth.rpt 
Execute       syn_report -rtlxml -model array_RAM -o G:/BaiduNetdiskDownload/memblaze/k325pj_finalok/ips/memoryCreator/array_RAM/proj_array_RAM/solution1/syn/report/array_RAM_csynth.xml 
Execute       syn_report -verbosereport -model array_RAM -o G:/BaiduNetdiskDownload/memblaze/k325pj_finalok/ips/memoryCreator/array_RAM/proj_array_RAM/solution1/.autopilot/db/array_RAM.verbose.rpt 
Execute       db_write -model array_RAM -f -o G:/BaiduNetdiskDownload/memblaze/k325pj_finalok/ips/memoryCreator/array_RAM/proj_array_RAM/solution1/.autopilot/db/array_RAM.adb 
Execute       gen_tb_info array_RAM -p G:/BaiduNetdiskDownload/memblaze/k325pj_finalok/ips/memoryCreator/array_RAM/proj_array_RAM/solution1/.autopilot/db -o G:/BaiduNetdiskDownload/memblaze/k325pj_finalok/ips/memoryCreator/array_RAM/proj_array_RAM/solution1/.autopilot/db/array_RAM 
Execute       export_constraint_db -f -tool general -o G:/BaiduNetdiskDownload/memblaze/k325pj_finalok/ips/memoryCreator/array_RAM/proj_array_RAM/solution1/.autopilot/db/array_RAM.constraint.tcl 
Execute       syn_report -designview -model array_RAM -o G:/BaiduNetdiskDownload/memblaze/k325pj_finalok/ips/memoryCreator/array_RAM/proj_array_RAM/solution1/.autopilot/db/array_RAM.design.xml 
Execute       get_config_rtl -disable_wave_debug 
Execute       syn_report -wcfg -model array_RAM -o G:/BaiduNetdiskDownload/memblaze/k325pj_finalok/ips/memoryCreator/array_RAM/proj_array_RAM/solution1/.autopilot/db/array_RAM_dataflow_ana.wcfg 
Execute       syn_report -protoinst -model array_RAM -o G:/BaiduNetdiskDownload/memblaze/k325pj_finalok/ips/memoryCreator/array_RAM/proj_array_RAM/solution1/.autopilot/db/array_RAM.protoinst 
Execute       get_config_debug -directory 
Execute       sc_get_clocks array_RAM 
Execute       get_config_export -vivado_clock 
Execute       sc_get_portdomain array_RAM 
INFO-FLOW: Model list for RTL component generation: array_RAM
INFO-FLOW: Handling components in module [array_RAM] ... 
Execute       source G:/BaiduNetdiskDownload/memblaze/k325pj_finalok/ips/memoryCreator/array_RAM/proj_array_RAM/solution1/.autopilot/db/array_RAM.compgen.tcl 
INFO-FLOW: Append model array_RAM
INFO-FLOW: Generating RTL model list ...
INFO-FLOW: All models in this session: array_RAM
INFO-FLOW: To file: write model array_RAM
INFO-FLOW: Finished generating RTL model list.


INFO-FLOW: RTL Generation done.
INFO-FLOW: CAS Generation done.
INFO-FLOW: CBC Generation done.
INFO-FLOW: DBG:CMD: auto_generate_csynth_design
INFO-FLOW: DBG:CMD:     auto_generate --sim-model -phase csynth_design -d G:/BaiduNetdiskDownload/memblaze/k325pj_finalok/ips/memoryCreator/array_RAM/proj_array_RAM/solution1
Execute       source G:/BaiduNetdiskDownload/memblaze/k325pj_finalok/ips/memoryCreator/array_RAM/proj_array_RAM/solution1/.autopilot/db/global.setting.tcl 
INFO-FLOW: DBG:CMD: read_platform_lib G:/BaiduNetdiskDownload/memblaze/k325pj_finalok/ips/memoryCreator/array_RAM/proj_array_RAM/solution1/.autopilot/db/global.setting.tcl
Execute       source G:/Xilinx/Vivado/2019.1/common/technology/generic/autopilot/common.gen 
Execute         source G:/Xilinx/Vivado/2019.1/common/technology/generic/autopilot/APCoreGen.gen 
Execute       source G:/Xilinx/Vivado/2019.1/common/technology/generic/autopilot/op.gen 
Execute       source G:/Xilinx/Vivado/2019.1/common/technology/generic/autopilot/op_simcore.gen 
Execute       source G:/Xilinx/Vivado/2019.1/common/technology/generic/autopilot/interface.gen 
Execute       source G:/BaiduNetdiskDownload/memblaze/k325pj_finalok/ips/memoryCreator/array_RAM/proj_array_RAM/solution1/.autopilot/db/global.setting.tcl 
Execute       source G:/Xilinx/Vivado/2019.1/common/technology/xilinx/kintex7/kintex7.gen 
Execute         source G:/Xilinx/Vivado/2019.1/common/technology/xilinx/common/xilinx.gen 
Execute           source G:/Xilinx/Vivado/2019.1/common/technology/xilinx/interface/plb46.gen 
Execute           source G:/Xilinx/Vivado/2019.1/common/technology/xilinx/interface/fsl.gen 
Execute           source G:/Xilinx/Vivado/2019.1/common/technology/xilinx/interface/axi4.gen 
Execute           source G:/Xilinx/Vivado/2019.1/common/technology/xilinx/interface/nativeAXI4.gen 
Execute             source G:/Xilinx/Vivado/2019.1/common/technology/xilinx/interface/saxilite.gen 
Execute             source G:/Xilinx/Vivado/2019.1/common/technology/xilinx/interface/maxi.gen 
Execute           source G:/Xilinx/Vivado/2019.1/common/technology/xilinx/scripts/xilinxcoregen.gen 
Execute           source G:/Xilinx/Vivado/2019.1/common/technology/xilinx/interface/XilEDKCoreGen.gen 
Execute           source G:/Xilinx/Vivado/2019.1/common/technology/xilinx/ip/dds_compiler.gen 
Execute           source G:/Xilinx/Vivado/2019.1/common/technology/xilinx/ip/util.gen 
Execute           source G:/Xilinx/Vivado/2019.1/common/technology/xilinx/ip/xfft.gen 
Execute           source G:/Xilinx/Vivado/2019.1/common/technology/xilinx/ip/xfir.gen 
Execute           source G:/Xilinx/Vivado/2019.1/common/technology/xilinx/common/dsp48.gen 
Command         ap_source done; 0.132 sec.
Command       ap_source done; 0.132 sec.
Execute       source G:/Xilinx/Vivado/2019.1/common/technology/xilinx/kintex7/kintex7_fpv6.gen 
Execute         source G:/Xilinx/Vivado/2019.1/common/technology/xilinx/common/xilinx_fp.gen 
INFO-FLOW: DBG:CMD:   using AESL_AUTOCG::g_clock_period=10.000 (was NA)
INFO-FLOW: DBG:CMD:       generate_ip_cores sim=1 export=0 expOnly=0 dstVlogDir=syn/verilog
Execute       source G:/BaiduNetdiskDownload/memblaze/k325pj_finalok/ips/memoryCreator/array_RAM/proj_array_RAM/solution1/.autopilot/db/global.setting.tcl 
Execute       ap_part_info -name xc7k325t-ffg900-2 -data names -quiet 
Execute       ap_part_info -name xc7k325t-ffg900-2 -data info -quiet 
Execute       source G:/BaiduNetdiskDownload/memblaze/k325pj_finalok/ips/memoryCreator/array_RAM/proj_array_RAM/solution1/.autopilot/db/global.setting.tcl 
Execute       source G:/BaiduNetdiskDownload/memblaze/k325pj_finalok/ips/memoryCreator/array_RAM/proj_array_RAM/solution1/.autopilot/db/global.setting.tcl 
Execute       source G:/BaiduNetdiskDownload/memblaze/k325pj_finalok/ips/memoryCreator/array_RAM/proj_array_RAM/solution1/.autopilot/db/array_RAM.compgen.tcl 
INFO-FLOW: DBG:CMD:     auto_generate -export -impltomg_flag -rtl both -tool Vivado -pcore_version 1.00.a -phase csynth_design -d G:/BaiduNetdiskDownload/memblaze/k325pj_finalok/ips/memoryCreator/array_RAM/proj_array_RAM/solution1
Execute       source G:/BaiduNetdiskDownload/memblaze/k325pj_finalok/ips/memoryCreator/array_RAM/proj_array_RAM/solution1/.autopilot/db/global.setting.tcl 
INFO-FLOW: DBG:CMD: read_platform_lib G:/BaiduNetdiskDownload/memblaze/k325pj_finalok/ips/memoryCreator/array_RAM/proj_array_RAM/solution1/.autopilot/db/global.setting.tcl
Execute       source G:/Xilinx/Vivado/2019.1/common/technology/generic/autopilot/common.gen 
Execute         source G:/Xilinx/Vivado/2019.1/common/technology/generic/autopilot/APCoreGen.gen 
Execute       source G:/Xilinx/Vivado/2019.1/common/technology/generic/autopilot/op.gen 
Execute       source G:/Xilinx/Vivado/2019.1/common/technology/generic/autopilot/op_simcore.gen 
Execute       source G:/Xilinx/Vivado/2019.1/common/technology/generic/autopilot/interface.gen 
Execute       source G:/BaiduNetdiskDownload/memblaze/k325pj_finalok/ips/memoryCreator/array_RAM/proj_array_RAM/solution1/.autopilot/db/global.setting.tcl 
Execute       source G:/Xilinx/Vivado/2019.1/common/technology/xilinx/kintex7/kintex7.gen 
Execute         source G:/Xilinx/Vivado/2019.1/common/technology/xilinx/common/xilinx.gen 
Execute           source G:/Xilinx/Vivado/2019.1/common/technology/xilinx/interface/plb46.gen 
Execute           source G:/Xilinx/Vivado/2019.1/common/technology/xilinx/interface/fsl.gen 
Execute           source G:/Xilinx/Vivado/2019.1/common/technology/xilinx/interface/axi4.gen 
Execute           source G:/Xilinx/Vivado/2019.1/common/technology/xilinx/interface/nativeAXI4.gen 
Execute             source G:/Xilinx/Vivado/2019.1/common/technology/xilinx/interface/saxilite.gen 
Execute             source G:/Xilinx/Vivado/2019.1/common/technology/xilinx/interface/maxi.gen 
Execute           source G:/Xilinx/Vivado/2019.1/common/technology/xilinx/scripts/xilinxcoregen.gen 
Execute           source G:/Xilinx/Vivado/2019.1/common/technology/xilinx/interface/XilEDKCoreGen.gen 
Execute           source G:/Xilinx/Vivado/2019.1/common/technology/xilinx/ip/dds_compiler.gen 
Execute           source G:/Xilinx/Vivado/2019.1/common/technology/xilinx/ip/util.gen 
Execute           source G:/Xilinx/Vivado/2019.1/common/technology/xilinx/ip/xfft.gen 
Execute           source G:/Xilinx/Vivado/2019.1/common/technology/xilinx/ip/xfir.gen 
Execute           source G:/Xilinx/Vivado/2019.1/common/technology/xilinx/common/dsp48.gen 
Command         ap_source done; 0.132 sec.
Command       ap_source done; 0.132 sec.
Execute       source G:/Xilinx/Vivado/2019.1/common/technology/xilinx/kintex7/kintex7_fpv6.gen 
Execute         source G:/Xilinx/Vivado/2019.1/common/technology/xilinx/common/xilinx_fp.gen 
INFO-FLOW: DBG:CMD:       initCTypeInfo top_module=array_RAM xml_exists=0
Execute       source G:/BaiduNetdiskDownload/memblaze/k325pj_finalok/ips/memoryCreator/array_RAM/proj_array_RAM/solution1/.autopilot/db/array_RAM.rtl_wrap.cfg.tcl 
Execute       source G:/BaiduNetdiskDownload/memblaze/k325pj_finalok/ips/memoryCreator/array_RAM/proj_array_RAM/solution1/.autopilot/db/array_RAM.rtl_wrap.cfg.tcl 
Execute       source G:/BaiduNetdiskDownload/memblaze/k325pj_finalok/ips/memoryCreator/array_RAM/proj_array_RAM/solution1/.autopilot/db/array_RAM.rtl_wrap.cfg.tcl 
Execute       source G:/BaiduNetdiskDownload/memblaze/k325pj_finalok/ips/memoryCreator/array_RAM/proj_array_RAM/solution1/.autopilot/db/array_RAM.tbgen.tcl 
Execute       source G:/BaiduNetdiskDownload/memblaze/k325pj_finalok/ips/memoryCreator/array_RAM/proj_array_RAM/solution1/.autopilot/db/array_RAM.tbgen.tcl 
INFO-FLOW: DBG:CMD:       export_impl_rtl
INFO-FLOW: DBG:CMD:       generate_ip_cores sim=0 export=0 expOnly=0 dstVlogDir=impl/.verilog
Execute       source G:/BaiduNetdiskDownload/memblaze/k325pj_finalok/ips/memoryCreator/array_RAM/proj_array_RAM/solution1/.autopilot/db/global.setting.tcl 
Execute       source G:/BaiduNetdiskDownload/memblaze/k325pj_finalok/ips/memoryCreator/array_RAM/proj_array_RAM/solution1/.autopilot/db/array_RAM.compgen.tcl 
INFO-FLOW: DBG:CMD:       generate_ip_cores sim=0 export=1 expOnly=1 dstVlogDir=impl/.pcores/verilog
Execute       source G:/BaiduNetdiskDownload/memblaze/k325pj_finalok/ips/memoryCreator/array_RAM/proj_array_RAM/solution1/.autopilot/db/global.setting.tcl 
Execute       source G:/BaiduNetdiskDownload/memblaze/k325pj_finalok/ips/memoryCreator/array_RAM/proj_array_RAM/solution1/.autopilot/db/array_RAM.compgen.tcl 
Execute         ap_part_info -name xc7k325t-ffg900-2 -data names -quiet 
Execute         ap_part_info -name xc7k325t-ffg900-2 -data info -quiet 
Execute         ap_part_info -name xc7k325t-ffg900-2 -data names -quiet 
Execute         ap_part_info -name xc7k325t-ffg900-2 -data info -quiet 
Execute         source G:/BaiduNetdiskDownload/memblaze/k325pj_finalok/ips/memoryCreator/array_RAM/proj_array_RAM/solution1/.autopilot/db/array_RAM.tbgen.tcl 
Execute         source G:/BaiduNetdiskDownload/memblaze/k325pj_finalok/ips/memoryCreator/array_RAM/proj_array_RAM/solution1/.autopilot/db/array_RAM.tbgen.tcl 
Execute         source G:/BaiduNetdiskDownload/memblaze/k325pj_finalok/ips/memoryCreator/array_RAM/proj_array_RAM/solution1/.autopilot/db/array_RAM.tbgen.tcl 
Execute         ap_part_info -name xc7k325t-ffg900-2 -data names -quiet 
Execute         ap_part_info -name xc7k325t-ffg900-2 -data info -quiet 
Execute         ap_part_info -name xc7k325t-ffg900-2 -data names -quiet 
Execute         ap_part_info -name xc7k325t-ffg900-2 -data info -quiet 
Execute         ap_part_info -name xc7k325t-ffg900-2 -data names -quiet 
Execute         ap_part_info -name xc7k325t-ffg900-2 -data info -quiet 
Execute         ap_part_info -name xc7k325t-ffg900-2 -data names -quiet 
Execute         ap_part_info -name xc7k325t-ffg900-2 -data info -quiet 
Execute         ap_part_info -name xc7k325t-ffg900-2 -data names -quiet 
Execute         ap_part_info -name xc7k325t-ffg900-2 -data info -quiet 
Execute       ap_part_info -name xc7k325t-ffg900-2 -data names -quiet 
Execute       ap_part_info -name xc7k325t-ffg900-2 -data info -quiet 
INFO-FLOW: DBG:CMD:       generate_ip_cores sim=0 export=0 expOnly=0 dstVlogDir=impl/.pcores/verilog_sim
Execute       source G:/BaiduNetdiskDownload/memblaze/k325pj_finalok/ips/memoryCreator/array_RAM/proj_array_RAM/solution1/.autopilot/db/global.setting.tcl 
Execute       source G:/BaiduNetdiskDownload/memblaze/k325pj_finalok/ips/memoryCreator/array_RAM/proj_array_RAM/solution1/.autopilot/db/array_RAM.compgen.tcl 
Execute       ap_part_info -name xc7k325t-ffg900-2 -data names -quiet 
Execute       ap_part_info -name xc7k325t-ffg900-2 -data info -quiet 
Execute       ap_part_info -name xc7k325t-ffg900-2 -data names -quiet 
Execute       ap_part_info -name xc7k325t-ffg900-2 -data info -quiet 
Execute       source G:/BaiduNetdiskDownload/memblaze/k325pj_finalok/ips/memoryCreator/array_RAM/proj_array_RAM/solution1/.autopilot/db/global.setting.tcl 
Execute       ap_part_info -name xc7k325t-ffg900-2 -data names -quiet 
Execute       ap_part_info -name xc7k325t-ffg900-2 -data info -quiet 
Execute       source G:/BaiduNetdiskDownload/memblaze/k325pj_finalok/ips/memoryCreator/array_RAM/proj_array_RAM/solution1/.autopilot/db/array_RAM.constraint.tcl 
Execute       source G:/BaiduNetdiskDownload/memblaze/k325pj_finalok/ips/memoryCreator/array_RAM/proj_array_RAM/solution1/.autopilot/db/array_RAM.tbgen.tcl 
INFO-FLOW: DBG:CMD:       hasPcoreIpAdapter=false #gSsdmPorts=8
INFO-FLOW: DBG:CMD: Skipping loadAnalyze_DB, #g_database=3
INFO-FLOW: DBG:CMD:       generate_json is_phase_csynth=1 g_has_adaptors=false generate_bd_files=0 #modelList=1 #gSsdmPorts=8
Execute       source G:/Xilinx/Vivado/2019.1/tps/tcl/tcllib1.11.1/fileutil/fileutil.tcl 
Execute       source G:/BaiduNetdiskDownload/memblaze/k325pj_finalok/ips/memoryCreator/array_RAM/proj_array_RAM/solution1/.autopilot/db/global.setting.tcl 
Execute       source G:/BaiduNetdiskDownload/memblaze/k325pj_finalok/ips/memoryCreator/array_RAM/proj_array_RAM/solution1/.autopilot/db/global.setting.tcl 
Execute       get_config_export -xo 
Execute       source G:/BaiduNetdiskDownload/memblaze/k325pj_finalok/ips/memoryCreator/array_RAM/proj_array_RAM/solution1/.autopilot/db/array_RAM.tbgen.tcl 
Execute       source G:/BaiduNetdiskDownload/memblaze/k325pj_finalok/ips/memoryCreator/array_RAM/proj_array_RAM/solution1/.autopilot/db/array_RAM.tbgen.tcl 
Execute       source G:/BaiduNetdiskDownload/memblaze/k325pj_finalok/ips/memoryCreator/array_RAM/proj_array_RAM/solution1/.autopilot/db/array_RAM.tbgen.tcl 
Execute       source G:/BaiduNetdiskDownload/memblaze/k325pj_finalok/ips/memoryCreator/array_RAM/proj_array_RAM/solution1/.autopilot/db/global.setting.tcl 
Execute       get_config_sdx -target 
Execute       source G:/BaiduNetdiskDownload/memblaze/k325pj_finalok/ips/memoryCreator/array_RAM/proj_array_RAM/solution1/.autopilot/db/array_RAM.rtl_wrap.cfg.tcl 
Execute       source G:/BaiduNetdiskDownload/memblaze/k325pj_finalok/ips/memoryCreator/array_RAM/proj_array_RAM/solution1/.autopilot/db/array_RAM.compgen.dataonly.tcl 
Execute       source G:/BaiduNetdiskDownload/memblaze/k325pj_finalok/ips/memoryCreator/array_RAM/proj_array_RAM/solution1/.autopilot/db/global.setting.tcl 
Execute       ap_part_info -name xc7k325t-ffg900-2 -data names -quiet 
Execute       ap_part_info -name xc7k325t-ffg900-2 -data info -quiet 
Execute       source G:/BaiduNetdiskDownload/memblaze/k325pj_finalok/ips/memoryCreator/array_RAM/proj_array_RAM/solution1/.autopilot/db/array_RAM.constraint.tcl 
Execute       sc_get_clocks array_RAM 
Execute       ap_part_info -name xc7k325t-ffg900-2 -data names -quiet 
Execute       ap_part_info -name xc7k325t-ffg900-2 -data info -quiet 
Execute       source G:/BaiduNetdiskDownload/memblaze/k325pj_finalok/ips/memoryCreator/array_RAM/proj_array_RAM/solution1/.autopilot/db/global.setting.tcl 
Execute       get_config_debug -directory 
Execute       source G:/BaiduNetdiskDownload/memblaze/k325pj_finalok/ips/memoryCreator/array_RAM/proj_array_RAM/solution1/.autopilot/db/array_RAM.tbgen.tcl 
Execute       get_config_sdx -target 
Execute       get_config_sdx -profile 
Execute       get_config_rtl -kernel_profile 
Execute       get_config_rtl -stall_sig_gen 
Execute       get_config_rtl -profile 
INFO-FLOW: DBG:CMD: add_json_sdx_info kernel file does not exist, skipping opencl info: G:/BaiduNetdiskDownload/memblaze/k325pj_finalok/ips/memoryCreator/array_RAM/proj_array_RAM/solution1/.autopilot/db/kernel.internal.xml
INFO-FLOW: DBG:CMD:       delete-temp-dirs (skipped for debug)
INFO: [HLS 200-111] Finished generating all RTL models Time (s): cpu = 00:00:02 ; elapsed = 00:00:17 . Memory (MB): peak = 175.152 ; gain = 80.184
INFO: [VHDL 208-304] Generating VHDL RTL for array_RAM.
INFO: [VLOG 209-307] Generating Verilog RTL for array_RAM.
Command     autosyn done; 1.507 sec.
Command   csynth_design done; 15.3 sec.
Command ap_source done; 16.411 sec.
Execute cleanup_all 
INFO-FLOW: Workspace G:/BaiduNetdiskDownload/memblaze/k325pj_finalok/ips/memoryCreator/array_RAM/proj_array_RAM/solution1 opened at Sat Nov 06 13:47:26 +0800 2021
Execute     config_clock -quiet -name default -period 10 -default=false 
INFO: [SYN 201-201] Setting up clock 'default' with a period of 10ns.
Execute     config_clock -quiet -name default -uncertainty 1.25 -unit % 
INFO: [SYN 201-201] Setting up clock 'default' with an uncertainty of 1.25ns.
Execute     open_platform DefaultPlatform 
Execute     import_lib G:/Xilinx/Vivado/2019.1/common/technology/xilinx/kintex7/kintex7 
Execute       source G:/Xilinx/Vivado/2019.1/common/technology/xilinx/common/xilinx.lib 
Execute         source G:/Xilinx/Vivado/2019.1/common/technology/xilinx/interface/xilinx_interface.lib 
Execute           source G:/Xilinx/Vivado/2019.1/common/technology/xilinx/interface/plb46.lib 
Execute           source G:/Xilinx/Vivado/2019.1/common/technology/xilinx/interface/fsl.lib 
Execute           source G:/Xilinx/Vivado/2019.1/common/technology/xilinx/interface/axi4.lib 
Execute           source G:/Xilinx/Vivado/2019.1/common/technology/xilinx/interface/maxi.lib 
Execute           source G:/Xilinx/Vivado/2019.1/common/technology/xilinx/interface/saxilite.lib 
Execute         source G:/Xilinx/Vivado/2019.1/common/technology/xilinx/common/dsp48.lib 
Execute         source G:/Xilinx/Vivado/2019.1/common/technology/xilinx/ip/dds_compiler.lib 
Execute         source G:/Xilinx/Vivado/2019.1/common/technology/xilinx/ip/xfft.lib 
Execute         source G:/Xilinx/Vivado/2019.1/common/technology/xilinx/ip/xfir.lib 
Execute       source G:/Xilinx/Vivado/2019.1/common/technology/xilinx/common/xilinx.hlp 
Execute         source G:/Xilinx/Vivado/2019.1/common/technology/xilinx/common/target_info.tcl 
Execute         source G:/Xilinx/Vivado/2019.1/common/technology/xilinx/interface/xilinx_interface.hlp 
Execute           source G:/Xilinx/Vivado/2019.1/common/technology/xilinx/interface/maxi.hlp 
Execute           source G:/Xilinx/Vivado/2019.1/common/technology/xilinx/interface/saxilite.hlp 
Execute         source G:/Xilinx/Vivado/2019.1/common/technology/xilinx/common/dsp48.hlp 
Execute       source G:/Xilinx/Vivado/2019.1/common/technology/xilinx/kintex7/dsp48e1.hlp 
Execute       source G:/Xilinx/Vivado/2019.1/common/technology/xilinx/common/xilinx.hlp 
Execute         source G:/Xilinx/Vivado/2019.1/common/technology/xilinx/common/target_info.tcl 
Execute         source G:/Xilinx/Vivado/2019.1/common/technology/xilinx/interface/xilinx_interface.hlp 
Execute           source G:/Xilinx/Vivado/2019.1/common/technology/xilinx/interface/maxi.hlp 
Execute           source G:/Xilinx/Vivado/2019.1/common/technology/xilinx/interface/saxilite.hlp 
Execute         source G:/Xilinx/Vivado/2019.1/common/technology/xilinx/common/dsp48.hlp 
Execute     source G:/Xilinx/Vivado/2019.1/common/technology/xilinx/kintex7/kintex7.gen 
Execute       source G:/Xilinx/Vivado/2019.1/common/technology/xilinx/common/xilinx.gen 
Execute         source G:/Xilinx/Vivado/2019.1/common/technology/xilinx/interface/plb46.gen 
Execute         source G:/Xilinx/Vivado/2019.1/common/technology/xilinx/interface/fsl.gen 
Execute         source G:/Xilinx/Vivado/2019.1/common/technology/xilinx/interface/axi4.gen 
Execute         source G:/Xilinx/Vivado/2019.1/common/technology/xilinx/interface/nativeAXI4.gen 
Execute           source G:/Xilinx/Vivado/2019.1/common/technology/xilinx/interface/saxilite.gen 
Execute           source G:/Xilinx/Vivado/2019.1/common/technology/xilinx/interface/maxi.gen 
Execute         source G:/Xilinx/Vivado/2019.1/common/technology/xilinx/scripts/xilinxcoregen.gen 
Execute         source G:/Xilinx/Vivado/2019.1/common/technology/xilinx/interface/XilEDKCoreGen.gen 
Execute         source G:/Xilinx/Vivado/2019.1/common/technology/xilinx/ip/dds_compiler.gen 
Execute         source G:/Xilinx/Vivado/2019.1/common/technology/xilinx/ip/util.gen 
Execute         source G:/Xilinx/Vivado/2019.1/common/technology/xilinx/ip/xfft.gen 
Execute         source G:/Xilinx/Vivado/2019.1/common/technology/xilinx/ip/xfir.gen 
Execute         source G:/Xilinx/Vivado/2019.1/common/technology/xilinx/common/dsp48.gen 
Command       ap_source done; 0.141 sec.
Command     ap_source done; 0.142 sec.
Execute     set_part xc7k325tffg900-2 
Execute       ap_part_info -name xc7k325tffg900-2 -data single -quiet 
Command       ap_part_info done; 0.418 sec.
Execute       ap_part_info -name xc7k325tffg900-2 -data info 
Execute       add_library xilinx/kintex7/kintex7:xc7k325t:-ffg900:-2 
Execute         get_default_platform 
Execute         license_isbetapart xc7k325t 
Command         license_isbetapart done; error code: 1; 
Execute         ap_part_info -data single -name xc7k325t-ffg900-2 
Execute         ap_part_info -name xc7k325t-ffg900-2 -data resources 
Execute         ap_part_info -name xc7k325t-ffg900-2 -data info 
Execute         ap_part_info -name xc7k325t-ffg900-2 -data info 
Execute         config_chip_info -quiet -resource {SLICE 50950} {LUT 203800} {FF 407600} {DSP48E 840} {BRAM 890} {URAM 0} 
Execute         ap_part_info -name xc7k325t-ffg900-2 -data info 
Execute         config_chip_info -quiet -speed medium 
Execute       add_library xilinx/kintex7/kintex7_fpv6 
Execute         get_default_platform 
Execute         open_platform DefaultPlatform 
Execute         import_lib G:/Xilinx/Vivado/2019.1/common/technology/xilinx/kintex7/kintex7_fpv6 
Execute           source G:/Xilinx/Vivado/2019.1/common/technology/xilinx/common/xilinx_fp.lib 
Execute           source G:/Xilinx/Vivado/2019.1/common/technology/xilinx/common/xilinx_fp.hlp 
Execute             source G:/Xilinx/Vivado/2019.1/common/technology/xilinx/common/xilinx.hlp 
Execute               source G:/Xilinx/Vivado/2019.1/common/technology/xilinx/common/target_info.tcl 
Execute               source G:/Xilinx/Vivado/2019.1/common/technology/xilinx/interface/xilinx_interface.hlp 
Execute                 source G:/Xilinx/Vivado/2019.1/common/technology/xilinx/interface/maxi.hlp 
Execute                 source G:/Xilinx/Vivado/2019.1/common/technology/xilinx/interface/saxilite.hlp 
Execute               source G:/Xilinx/Vivado/2019.1/common/technology/xilinx/common/dsp48.hlp 
Execute         source G:/Xilinx/Vivado/2019.1/common/technology/xilinx/kintex7/kintex7_fpv6.gen 
Execute           source G:/Xilinx/Vivado/2019.1/common/technology/xilinx/common/xilinx_fp.gen 
INFO: [HLS 200-10] Setting target device to 'xc7k325t-ffg900-2'
Execute       ap_part_info -name xc7k325t-ffg900-2 -data info 
Execute       get_default_platform 
Command     set_part done; 0.557 sec.
Execute     ap_part_info -data single -name xc7k325tffg900-2 
Execute     ap_part_info -name xc7k325tffg900-2 -data resources 
Execute     ap_part_info -name xc7k325tffg900-2 -data info 
Execute     ap_part_info -name xc7k325tffg900-2 -data info 
Execute     config_chip_info -quiet -resource {SLICE 50950} {LUT 203800} {FF 407600} {DSP48E 840} {BRAM 890} {URAM 0} 
Execute     ap_part_info -name xc7k325tffg900-2 -data info 
Execute     config_chip_info -quiet -speed medium 
Execute     config_sdx -optimization_level=none 
Execute       send_msg_by_id INFO @200-435@%s%s 'config_sdx -optimization_level' config_export -vivado_optimization_level=2 
INFO: [HLS 200-435] Setting 'config_sdx -optimization_level' configuration: config_export -vivado_optimization_level=2
Execute       config_export -vivado_optimization_level=2 
Execute         get_config_export -vivado_impl_strategy 
Execute         get_config_export -vivado_phys_opt 
Execute     config_sdx -target=none 
Execute       send_msg_by_id INFO @200-435@%s%s 'config_sdx -target' config_export -vivado_optimization_level=2 
INFO: [HLS 200-435] Setting 'config_sdx -target' configuration: config_export -vivado_optimization_level=2
Execute       config_export -vivado_optimization_level=2 
Execute         get_config_export -vivado_impl_strategy 
Execute         get_config_export -vivado_phys_opt 
Execute       get_config_compile -pipeline_loops 
Execute       get_config_compile -name_max_length 
Execute       get_config_schedule -enable_dsp_full_reg 
Execute       get_config_rtl -register_reset_num 
Execute       get_config_rtl -module_auto_prefix 
Execute       get_config_interface -m_axi_addr64 
Execute       send_msg_by_id INFO @200-435@%s%s 'config_sdx -target' set_clock_uncertainty default 
INFO: [HLS 200-435] Setting 'config_sdx -target' configuration: set_clock_uncertainty default
Execute       set_clock_uncertainty default 
Execute     config_export -vivado_optimization_level=2 
Execute       get_config_export -vivado_impl_strategy 
Execute       get_config_export -vivado_phys_opt 
Command   open_solution done; 0.781 sec.
Execute   csim_design -quiet 
Execute     source G:/BaiduNetdiskDownload/memblaze/k325pj_finalok/ips/memoryCreator/array_RAM/proj_array_RAM/solution1/.autopilot/db/global.setting.tcl 
INFO: [SIM 211-2] *************** CSIM start ***************
INFO: [SIM 211-4] CSIM will launch GCC as the compiler.
Execute     is_encrypted G:/BaiduNetdiskDownload/memblaze/k325pj_finalok/ips/memoryCreator/array_RAM/result.golden.dat 
Execute     is_xip G:/BaiduNetdiskDownload/memblaze/k325pj_finalok/ips/memoryCreator/array_RAM/result.golden.dat 
Execute     is_encrypted G:/BaiduNetdiskDownload/memblaze/k325pj_finalok/ips/memoryCreator/array_RAM/array_RAM_test.c 
Execute     is_xip G:/BaiduNetdiskDownload/memblaze/k325pj_finalok/ips/memoryCreator/array_RAM/array_RAM_test.c 
Execute     is_encrypted G:/BaiduNetdiskDownload/memblaze/k325pj_finalok/ips/memoryCreator/array_RAM/array_RAM.c 
Execute     is_xip G:/BaiduNetdiskDownload/memblaze/k325pj_finalok/ips/memoryCreator/array_RAM/array_RAM.c 
Execute     ap_part_info -name xc7k325tffg900-2 -data info 
Execute     source run_sim.tcl 
Command     ap_source done; 0.15 sec.
INFO: [SIM 211-1] CSim done with 0 errors.
INFO: [SIM 211-3] *************** CSIM finish ***************
Command   csim_design done; 16.011 sec.
Command ap_source done; 16.821 sec.
Execute cleanup_all 
